2015-02-02 16:49:18 : sendMail
2015-02-02 16:49:18 : 
2015-02-02 16:49:18 : 
2015-02-02 16:49:18 : 
2015-02-02 16:49:18 : 
2015-02-02 16:49:18 : 
2015-02-02 16:49:18 : 
2015-02-02 16:49:18 : 
2015-02-02 16:49:20 : sendMail
2015-02-02 16:49:20 : 
2015-02-02 16:49:20 : 
2015-02-02 16:49:20 : 
2015-02-02 16:49:20 : 
2015-02-02 16:49:20 : 
2015-02-02 16:49:20 : 
2015-02-02 16:49:20 : 
2015-02-02 16:49:21 : sendMail
2015-02-02 16:49:21 : 
2015-02-02 16:49:21 : 
2015-02-02 16:49:21 : 
2015-02-02 16:49:21 : 
2015-02-02 16:49:21 : 
2015-02-02 16:49:21 : 
2015-02-02 16:49:21 : 
2015-02-02 16:49:38 : sendMail
2015-02-02 16:49:38 : 
2015-02-02 16:49:38 : 
2015-02-02 16:49:38 : 
2015-02-02 16:49:38 : 
2015-02-02 16:49:38 : 
2015-02-02 16:49:38 : 
2015-02-02 16:49:38 : 
2015-02-02 16:49:42 : sendMail
2015-02-02 16:49:42 : 
2015-02-02 16:49:42 : 
2015-02-02 16:49:42 : 
2015-02-02 16:49:42 : 
2015-02-02 16:49:42 : 
2015-02-02 16:49:42 : 
2015-02-02 16:49:42 : 
2015-02-02 16:52:57 : sendMail
2015-02-02 16:52:57 : 
2015-02-02 16:52:57 : 
2015-02-02 16:52:57 : 
2015-02-02 16:52:57 : 
2015-02-02 16:52:57 : 
2015-02-02 16:52:57 : 
2015-02-02 16:52:57 : 
2015-02-02 16:52:59 : sendMail
2015-02-02 16:52:59 : 
2015-02-02 16:52:59 : 
2015-02-02 16:52:59 : 
2015-02-02 16:52:59 : 
2015-02-02 16:52:59 : 
2015-02-02 16:52:59 : 
2015-02-02 16:52:59 : 
2015-02-02 16:52:59 : sendMail
2015-02-02 16:52:59 : 
2015-02-02 16:52:59 : 
2015-02-02 16:52:59 : 
2015-02-02 16:52:59 : 
2015-02-02 16:52:59 : 
2015-02-02 16:52:59 : 
2015-02-02 16:52:59 : 
2015-02-02 16:53:00 : sendMail
2015-02-02 16:53:00 : 
2015-02-02 16:53:00 : 
2015-02-02 16:53:00 : 
2015-02-02 16:53:00 : 
2015-02-02 16:53:00 : 
2015-02-02 16:53:00 : 
2015-02-02 16:53:00 : 
2015-02-02 16:53:34 : sendMail
2015-02-02 16:53:34 : 
2015-02-02 16:53:34 : 
2015-02-02 16:53:34 : 
2015-02-02 16:53:34 : 
2015-02-02 16:53:34 : 
2015-02-02 16:53:34 : 
2015-02-02 16:53:34 : 
2015-02-02 16:53:41 : sendMail
2015-02-02 16:53:41 : 
2015-02-02 16:53:41 : 
2015-02-02 16:53:41 : 
2015-02-02 16:53:41 : 
2015-02-02 16:53:41 : 
2015-02-02 16:53:41 : 
2015-02-02 16:53:41 : 
2015-02-02 16:54:06 : sendMail
2015-02-02 16:54:06 : 
2015-02-02 16:54:06 : 
2015-02-02 16:54:06 : 
2015-02-02 16:54:06 : 
2015-02-02 16:54:06 : 
2015-02-02 16:54:06 : 
2015-02-02 16:54:06 : 
2015-02-02 16:54:23 : sendMail
2015-02-02 16:54:23 : 
2015-02-02 16:54:23 : 
2015-02-02 16:54:23 : 
2015-02-02 16:54:23 : 
2015-02-02 16:54:23 : 
2015-02-02 16:54:23 : 
2015-02-02 16:54:23 : 
2015-02-02 16:54:25 : sendMail
2015-02-02 16:54:25 : 
2015-02-02 16:54:25 : 
2015-02-02 16:54:25 : 
2015-02-02 16:54:25 : 
2015-02-02 16:54:25 : 
2015-02-02 16:54:25 : 
2015-02-02 16:54:25 : 
2015-02-02 16:54:26 : sendMail
2015-02-02 16:54:26 : 
2015-02-02 16:54:26 : 
2015-02-02 16:54:26 : 
2015-02-02 16:54:26 : 
2015-02-02 16:54:26 : 
2015-02-02 16:54:26 : 
2015-02-02 16:54:26 : 
2015-02-02 16:54:29 : sendMail
2015-02-02 16:54:29 : 
2015-02-02 16:54:29 : 
2015-02-02 16:54:29 : 
2015-02-02 16:54:29 : 
2015-02-02 16:54:29 : 
2015-02-02 16:54:29 : 
2015-02-02 16:54:29 : 
2015-02-02 16:54:29 : sendMail
2015-02-02 16:54:29 : 
2015-02-02 16:54:29 : 
2015-02-02 16:54:29 : 
2015-02-02 16:54:29 : 
2015-02-02 16:54:29 : 
2015-02-02 16:54:29 : 
2015-02-02 16:54:29 : 
2015-02-02 16:54:30 : sendMail
2015-02-02 16:54:30 : 
2015-02-02 16:54:30 : 
2015-02-02 16:54:30 : 
2015-02-02 16:54:30 : 
2015-02-02 16:54:30 : 
2015-02-02 16:54:30 : 
2015-02-02 16:54:30 : 
2015-02-02 16:54:31 : sendMail
2015-02-02 16:54:31 : 
2015-02-02 16:54:31 : 
2015-02-02 16:54:31 : 
2015-02-02 16:54:31 : 
2015-02-02 16:54:31 : 
2015-02-02 16:54:31 : 
2015-02-02 16:54:31 : 
2015-02-02 16:54:31 : sendMail
2015-02-02 16:54:31 : 
2015-02-02 16:54:31 : 
2015-02-02 16:54:31 : 
2015-02-02 16:54:31 : 
2015-02-02 16:54:31 : 
2015-02-02 16:54:31 : 
2015-02-02 16:54:31 : 
2015-02-02 16:55:39 : sendMail
2015-02-02 16:55:39 : 
2015-02-02 16:55:39 : 
2015-02-02 16:55:39 : 
2015-02-02 16:55:39 : 
2015-02-02 16:55:39 : 
2015-02-02 16:55:39 : 
2015-02-02 16:55:39 : 
2015-02-02 16:56:20 : sendMail
2015-02-02 16:56:20 : 
2015-02-02 16:56:20 : 
2015-02-02 16:56:20 : 
2015-02-02 16:56:20 : 
2015-02-02 16:56:20 : 
2015-02-02 16:56:20 : 
2015-02-02 16:56:20 : 
2015-02-02 16:56:31 : sendMail
2015-02-02 16:56:31 : 
2015-02-02 16:56:31 : 
2015-02-02 16:56:31 : 
2015-02-02 16:56:31 : 
2015-02-02 16:56:31 : 
2015-02-02 16:56:31 : 
2015-02-02 16:56:31 : 
2015-02-02 16:57:26 : sendMail
2015-02-02 16:57:26 : 
2015-02-02 16:57:26 : 
2015-02-02 16:57:26 : 
2015-02-02 16:57:26 : 
2015-02-02 16:57:26 : 
2015-02-02 16:57:26 : 
2015-02-02 16:57:26 : 
2015-02-02 16:57:43 : sendMail
2015-02-02 16:57:43 : 
2015-02-02 16:57:43 : 
2015-02-02 16:57:43 : 
2015-02-02 16:57:43 : 
2015-02-02 16:57:43 : 
2015-02-02 16:57:43 : 
2015-02-02 16:57:43 : 
2015-02-02 16:57:51 : sendMail
2015-02-02 16:57:51 : 
2015-02-02 16:57:51 : 
2015-02-02 16:57:51 : 
2015-02-02 16:57:51 : 
2015-02-02 16:57:51 : 
2015-02-02 16:57:51 : 
2015-02-02 16:57:51 : 
2015-02-02 16:58:08 : sendMail
2015-02-02 16:58:08 : 
2015-02-02 16:58:08 : 
2015-02-02 16:58:08 : 
2015-02-02 16:58:08 : 
2015-02-02 16:58:08 : 
2015-02-02 16:58:08 : 
2015-02-02 16:58:08 : 
2015-02-02 17:02:10 : sendMail
2015-02-02 17:02:10 : sddf
2015-02-02 17:02:10 : 
2015-02-02 17:02:10 : 
2015-02-02 17:02:10 : 
2015-02-02 17:02:10 : 
2015-02-02 17:02:10 : 
2015-02-02 17:02:10 : 
2015-02-02 17:02:11 : sendMail
2015-02-02 17:02:11 : sddf
2015-02-02 17:02:11 : 
2015-02-02 17:02:11 : 
2015-02-02 17:02:11 : 
2015-02-02 17:02:11 : 
2015-02-02 17:02:11 : 
2015-02-02 17:02:11 : 
2015-02-02 17:07:08 : sendMail
2015-02-02 17:07:08 : Pascal.T (Carignan de Bordeaux)
2015-02-02 17:07:08 : 
2015-02-02 17:07:08 : 
2015-02-02 17:07:08 : 09990099   poste 56
2015-02-02 17:07:08 : 
2015-02-02 17:07:08 : 
2015-02-02 17:07:08 : 
2015-02-02 17:10:51 : sendMail
2015-02-02 17:10:51 : Pascal.T (Carignan de Bordeaux)
2015-02-02 17:10:51 : 
2015-02-02 17:10:51 : xavier@gonzalez.pm
2015-02-02 17:10:51 : 09990099   poste 56
2015-02-02 17:10:51 : 
2015-02-02 17:10:51 : 
2015-02-02 17:10:51 : 
2015-02-02 17:12:16 : sendMail
2015-02-02 17:12:16 : Pascal.T (Carignan de Bordeaux)
2015-02-02 17:12:16 : 
2015-02-02 17:12:16 : xavier@gonzalez.pm
2015-02-02 17:12:16 : 09990099   poste 56
2015-02-02 17:12:16 : 
2015-02-02 17:12:16 : 33360
2015-02-02 17:13:05 : sendMail
2015-02-02 17:13:05 : Elodie Barreau ( Bouliac)
2015-02-02 17:13:05 : 12h-14h
2015-02-02 17:13:05 : xavier@gonzalez.pm
2015-02-02 17:13:05 : 0672168500
2015-02-02 17:13:05 : SALUT 
2015-02-02 17:13:05 : 33360
2015-02-02 17:14:46 : sendMail
2015-02-02 17:14:46 : fdgdfgdfg
2015-02-02 17:14:46 : 16h-17h
2015-02-02 17:14:46 : xavier@gonzalez.pm
2015-02-02 17:14:46 : 8989898989
2015-02-02 17:14:46 : dfzdfzd  fzfzz df zd fzfd dz zfd
2015-02-02 17:14:46 : 33360
2015-02-02 17:21:33 : sendMail
2015-02-02 17:21:33 : Elodie Barreau ( Bouliac)
2015-02-02 17:21:33 : 
2015-02-02 17:21:33 : xavier@gonzalez.pm
2015-02-02 17:21:33 : 07 98 87 887 87
2015-02-02 17:21:33 : qqd qqds qsd qsdq qdq dq qsd qsd
2015-02-02 17:21:33 : sdfsdfsd
2015-02-02 17:23:32 : sendMail
2015-02-02 17:23:32 : Elodie Barreau ( Bouliac)
2015-02-02 17:23:32 : 14h-15h
2015-02-02 17:23:32 : xavier@gonzalez.pm
2015-02-02 17:23:32 : 90778900
2015-02-02 17:23:32 : wsds sdf s dfs sd fsf sd
2015-02-02 17:23:32 : 55667
2015-02-02 17:27:54 : sendMail
2015-02-02 17:27:54 : Elodie Barreau ( Bouliac)
2015-02-02 17:27:54 : 15h-16h
2015-02-02 17:27:54 : xavier@gonzalez.pm
2015-02-02 17:27:54 : 90778900
2015-02-02 17:27:54 : qdqsdqd
2015-02-02 17:27:54 : 222222
2015-02-02 17:28:41 : sendMail
2015-02-02 17:28:41 : Elodie Barreau ( Bouliac)
2015-02-02 17:28:41 : 11h-12h
2015-02-02 17:28:41 : w@kk.zz
2015-02-02 17:28:41 : 90778900
2015-02-02 17:28:41 : wxcqsq
2015-02-02 17:28:41 : 23233
2015-02-02 17:29:52 : sendMail
2015-02-02 17:29:52 : Elodie Barreau ( Bouliac)
2015-02-02 17:29:52 : 15h-16h
2015-02-02 17:29:52 : xavier@gonzalez.pm
2015-02-02 17:29:52 : 90778900
2015-02-02 17:29:52 : qsqsdq
2015-02-02 17:29:52 : 232223
2015-02-02 17:31:47 : sendMail
2015-02-02 17:31:47 : Pascal.T (Carignan de Bordeaux)
2015-02-02 17:31:47 : 12h-14h
2015-02-02 17:31:47 : xavier@gonzalez.pm
2015-02-02 17:31:47 : 09990099   poste 56
2015-02-02 17:31:47 : fvdvdd f gdfg df dfg dfg dgdf
2015-02-02 17:31:47 : 22343
2015-02-02 18:19:49 : sendMail
2015-02-02 18:19:49 : Pascal.T (Carignan de Bordeaux)
2015-02-02 18:19:49 : 10h-11h
2015-02-02 18:19:49 : xavier@gonzalez.pm
2015-02-02 18:19:49 : 09990099   poste 56
2015-02-02 18:19:49 : Je souhaiterai un devis 
2015-02-02 18:19:49 : 33454
2015-02-02 18:19:49 : Message envoyé ! 
2015-02-02 18:19:49 xxxxxxxxxxxxxxxxxxxxxxxxxxxxxxxxxxxxxxxxxxxx  
2015-02-05 15:26:06 : sendMail
2015-02-05 15:26:06 : Xavier Gonzalez (Latresne)
2015-02-05 15:26:06 : 15h-16h
2015-02-05 15:26:06 : xavier@gonzalez.pm
2015-02-05 15:26:06 : 06 81 73 18 70
2015-02-05 15:26:06 : Bonjour ceci est un message de test 
2015-02-05 15:26:06 : 33360
2015-02-05 15:26:06 : Message envoyé ! 
2015-02-05 15:26:06 xxxxxxxxxxxxxxxxxxxxxxxxxxxxxxxxxxxxxxxxxxxx  
2015-02-06 09:52:44 : sendMail
2015-02-06 09:52:44 : fred Lesca
2015-02-06 09:52:44 : 11h-12h
2015-02-06 09:52:44 : fredericlesca@iconeo.fr
2015-02-06 09:52:44 : 06 81 73 18 70
2015-02-06 09:52:44 : ceci est un test de massage
2015-02-06 09:52:44 : 33345
2015-02-06 09:52:44 : Message envoyé ! 
2015-02-06 09:52:44 xxxxxxxxxxxxxxxxxxxxxxxxxxxxxxxxxxxxxxxxxxxx  
2015-02-06 10:02:43 : sendMail
2015-02-06 10:02:43 : Xavier Gonzalez (Latresne)
2015-02-06 10:02:43 : 11h-12h
2015-02-06 10:02:43 : xavier@gonzalez.pm
2015-02-06 10:02:43 : 06 81 73 18 70
2015-02-06 10:02:43 : message
2015-02-06 10:02:43 : 33333
2015-02-06 10:02:43 : Message envoyé ! 
2015-02-06 10:02:43 xxxxxxxxxxxxxxxxxxxxxxxxxxxxxxxxxxxxxxxxxxxx  
2015-02-06 10:07:54 : sendMail
2015-02-06 10:07:54 : Pascal.T (Carignan de Bordeaux)
2015-02-06 10:07:54 : 14h-15h
2015-02-06 10:07:54 : xavier@gonzalez.pmx
2015-02-06 10:07:54 : 06 81 73 18 70
2015-02-06 10:07:54 : message iconeo
2015-02-06 10:07:54 : 33345
2015-02-06 10:07:54 : Message envoyé ! 
2015-02-06 10:07:54 xxxxxxxxxxxxxxxxxxxxxxxxxxxxxxxxxxxxxxxxxxxx  
2015-02-06 10:18:45 : sendMail
2015-02-06 10:18:45 : Xavier Gonzalez (Latresne)
2015-02-06 10:18:45 : 17h-18h
2015-02-06 10:18:45 : xavier@gonzalez.pm
2015-02-06 10:18:45 : 06 81 73 18 70
2015-02-06 10:18:45 : poet
2015-02-06 10:18:45 : 33333
2015-02-06 10:18:45 : Message envoyé ! 
2015-02-06 10:18:45 xxxxxxxxxxxxxxxxxxxxxxxxxxxxxxxxxxxxxxxxxxxx  
2015-02-06 10:31:10 : sendMail
2015-02-06 10:31:10 : Xavier Gonzalez (Latresne)
2015-02-06 10:31:10 : 15h-16h
2015-02-06 10:31:10 : xavier@gonzalez.pm
2015-02-06 10:31:10 : 06 81 73 18 70
2015-02-06 10:31:10 : pouet
2015-02-06 10:31:10 : 33333
2015-02-06 10:31:10 : Message envoyé ! 
2015-02-06 10:31:10 xxxxxxxxxxxxxxxxxxxxxxxxxxxxxxxxxxxxxxxxxxxx  
2015-02-06 10:33:21 : sendMail
2015-02-06 10:33:21 : Elodie Barreau ( Bouliac)
2015-02-06 10:33:21 : 11h-12h
2015-02-06 10:33:21 : xavier@gonzalez.pm
2015-02-06 10:33:21 : 09990099   poste 56
2015-02-06 10:33:21 : popopopopo
2015-02-06 10:33:21 : 33333
2015-02-06 10:33:21 : Message envoyé ! 
2015-02-06 10:33:21 xxxxxxxxxxxxxxxxxxxxxxxxxxxxxxxxxxxxxxxxxxxx  
2015-02-06 10:42:09 : sendMail
2015-02-06 10:42:09 : Xavier Gonzalez (Latresne)
2015-02-06 10:42:09 : matin
2015-02-06 10:42:09 : xavier@gonzalez.pm
2015-02-06 10:42:09 : 06 81 73 18 70
2015-02-06 10:42:09 : Test de contact depuis le nouveau site
Dites moi si vous avez bien reçu  merci 
2015-02-06 10:42:09 : 33360
2015-02-06 10:42:09 : Message envoyé ! 
2015-02-06 10:42:09 xxxxxxxxxxxxxxxxxxxxxxxxxxxxxxxxxxxxxxxxxxxx  
2015-02-06 12:53:32 : sendMail
2015-02-06 12:53:32 : Xavier Gonzalez (Latresne)
2015-02-06 12:53:32 : 11h-12h
2015-02-06 12:53:32 : xavier@gonzalez.pm
2015-02-06 12:53:32 : 06 81 73 18 70
2015-02-06 12:53:32 : encore un petit test
2015-02-06 12:53:32 : 33360
2015-02-06 12:53:32 : Message envoyé ! 
2015-02-06 12:53:32 xxxxxxxxxxxxxxxxxxxxxxxxxxxxxxxxxxxxxxxxxxxx  
2015-02-18 16:58:24 : sendMail
2015-02-18 16:58:24 : GASTON
2015-02-18 16:58:24 : matin
2015-02-18 16:58:24 : figasti@hotmail.fr
2015-02-18 16:58:24 : 0782186149
2015-02-18 16:58:24 : Prix d une piscine a coque beton 8x4 avec pose
2015-02-18 16:58:24 : 33520
2015-02-18 16:58:24 : Message envoyé ! 
2015-02-18 16:58:24 xxxxxxxxxxxxxxxxxxxxxxxxxxxxxxxxxxxxxxxxxxxx  
2015-02-20 10:29:17 : sendMail
2015-02-20 10:29:17 : CHABRIER
2015-02-20 10:29:17 : 16h-17h
2015-02-20 10:29:17 : mariemartinechabrier@gmail.com
2015-02-20 10:29:17 : 0623138028
2015-02-20 10:29:17 : Bonjour,
Je souhaite construire une piscine à Mézos.
Pouvez vous me rappeler ?
Merci
2015-02-20 10:29:17 : 40170
2015-02-20 10:29:17 : Message envoyé ! 
2015-02-20 10:29:17 xxxxxxxxxxxxxxxxxxxxxxxxxxxxxxxxxxxxxxxxxxxx  
2015-02-20 11:03:11 : sendMail
2015-02-20 11:03:11 : Brigitte TOUSSAINT
2015-02-20 11:03:11 : matin
2015-02-20 11:03:11 : brigitte.toussaint@free.fr
2015-02-20 11:03:11 : 0662860666
2015-02-20 11:03:11 : Bonjour,
J'ai un projet de construction piscine, j'aimerai que vous puissiez me faire un devis.
Merci, cordialement
Brigitte Toussaint

ps : dans  - MAG -  produits farts de la société Eden Blue:  ce n'est pas farts (cire pour faire glisser les skis ) mais PHARES 

2015-02-20 11:03:11 : 33210
2015-02-20 11:03:11 : Message envoyé ! 
2015-02-20 11:03:11 xxxxxxxxxxxxxxxxxxxxxxxxxxxxxxxxxxxxxxxxxxxx  
2015-02-21 22:10:35 : sendMail
2015-02-21 22:10:35 : Balabaud
2015-02-21 22:10:35 : après-midi
2015-02-21 22:10:35 : lbalabaud@wanadoo.fr
2015-02-21 22:10:35 : 0671940395
2015-02-21 22:10:35 : 
2015-02-21 22:10:35 : 33390
2015-02-21 22:10:35 : Message envoyé ! 
2015-02-21 22:10:35 xxxxxxxxxxxxxxxxxxxxxxxxxxxxxxxxxxxxxxxxxxxx  
2015-02-23 13:26:41 : sendMail
2015-02-23 13:26:41 : SEITZ bernard
2015-02-23 13:26:41 : 
2015-02-23 13:26:41 : bernard132003@yahoo.fr
2015-02-23 13:26:41 : 0611537629
2015-02-23 13:26:41 : projet de couloir de nage chauffé sur labenne ocean
2015-02-23 13:26:41 : 40530
2015-02-23 13:26:41 : Message envoyé ! 
2015-02-23 13:26:41 xxxxxxxxxxxxxxxxxxxxxxxxxxxxxxxxxxxxxxxxxxxx  
2015-02-23 18:22:23 : sendMail
2015-02-23 18:22:23 : BEIMONTE Francis
2015-02-23 18:22:23 : 
2015-02-23 18:22:23 : francisb.domaines@gmail.com
2015-02-23 18:22:23 : 06 80 35 10 66
2015-02-23 18:22:23 : besoin petite piscine bordure pierre genre bassin dim environ 4,50 x 2,50
pas de liner revetement beton 
2015-02-23 18:22:23 : 33000
2015-02-23 18:22:23 : Message envoyé ! 
2015-02-23 18:22:23 xxxxxxxxxxxxxxxxxxxxxxxxxxxxxxxxxxxxxxxxxxxx  
2015-02-28 21:16:11 : sendMail
2015-02-28 21:16:11 : Hory
2015-02-28 21:16:11 : 12h-14h
2015-02-28 21:16:11 : ch.val.33@gmail.com
2015-02-28 21:16:11 : 0658796058
2015-02-28 21:16:11 : bonjour, nous avons un projet concernant la mise en place d une piscine, aussi nous souhaiterions obtenir un devis sur une de vos réalisation, merci. Cordialement.
2015-02-28 21:16:11 : 33380
2015-02-28 21:16:11 : Message envoyé ! 
2015-02-28 21:16:11 xxxxxxxxxxxxxxxxxxxxxxxxxxxxxxxxxxxxxxxxxxxx  
2015-03-19 23:03:17 : sendMail
2015-03-19 23:03:18 : CAPDO
2015-03-19 23:03:18 : 9h-10h
2015-03-19 23:03:18 : guycapdo@gmail.com
2015-03-19 23:03:18 : 0687862910
2015-03-19 23:03:18 : maison avec projet d'extension + création de chambres d’hôtes: deux bassins sont envisagés
2015-03-19 23:03:18 : 40130
2015-03-19 23:03:18 : Message envoyé ! 
2015-03-19 23:03:18 xxxxxxxxxxxxxxxxxxxxxxxxxxxxxxxxxxxxxxxxxxxx  
2015-03-20 18:04:31 : sendMail
2015-03-20 18:04:31 : MAYEUR
2015-03-20 18:04:31 : après-midi
2015-03-20 18:04:31 : al.mayeur@gmail.com
2015-03-20 18:04:31 : 0750216356
2015-03-20 18:04:31 : Interessé par une piscine béton.
J'ai vu vos modèles à la foire de Bordeaux.
Mon projet est près de Dax
2015-03-20 18:04:31 : 40350
2015-03-20 18:04:31 : Message envoyé ! 
2015-03-20 18:04:31 xxxxxxxxxxxxxxxxxxxxxxxxxxxxxxxxxxxxxxxxxxxx  
2015-03-24 18:00:51 : sendMail
2015-03-24 18:00:51 : rougier
2015-03-24 18:00:51 : 
2015-03-24 18:00:51 : cecile-maiwenn@hotmail.fr
2015-03-24 18:00:51 : 0623506110
2015-03-24 18:00:51 : nous souhaitons avoir un devis gratuit  pour notre futur piscine 
merci de votre comprhension
cordialement
mme ROUGIER
2015-03-24 18:00:51 : 65300
2015-03-24 18:00:51 : Message envoyé ! 
2015-03-24 18:00:51 xxxxxxxxxxxxxxxxxxxxxxxxxxxxxxxxxxxxxxxxxxxx  
2015-04-11 12:41:46 : sendMail
2015-04-11 12:41:46 : BANDERIER
2015-04-11 12:41:46 : 19h-20h
2015-04-11 12:41:46 : 
2015-04-11 12:41:46 : 0611977310
2015-04-11 12:41:46 : Bonjour 
Je souhaite un devis pour un couloir de nage de 4x25 enterré
Merci de votre retour 
Cordialement
2015-04-11 12:41:46 : 33700
2015-04-11 12:41:46 : Message envoyé ! 
2015-04-11 12:41:46 xxxxxxxxxxxxxxxxxxxxxxxxxxxxxxxxxxxxxxxxxxxx  
2015-04-23 15:30:56 : 
2015-04-23 15:30:56 : 
2015-04-23 15:30:56 : 
2015-04-23 15:30:56 : 
2015-04-23 15:30:56 : 
2015-04-23 15:30:56 : 
2015-04-23 15:30:56 : 
2015-04-23 15:30:56 : Message NON envoyé ! 
2015-04-23 15:30:56 xxxxxxxxxxxxxxxxxxxxxxxxxxxxxxxxxxxxxxxxxxxx  
2015-04-30 18:19:35 : sendMail
2015-04-30 18:19:35 : 
2015-04-30 18:19:35 : MUNSCH
2015-04-30 18:19:35 : 
2015-04-30 18:19:35 : après-midi
2015-04-30 18:19:35 : 
2015-04-30 18:19:35 : civodul123@hotmail.com
2015-04-30 18:19:35 : 0041 58 242 60 28
2015-04-30 18:19:35 : 
2015-04-30 18:19:35 : 74500
2015-04-30 18:19:35 : 
2015-04-30 18:19:35 : 
2015-04-30 18:19:35 : 
2015-04-30 18:19:35 : 
2015-04-30 18:19:35 : Message NON envoyé ! 
2015-04-30 18:19:35 xxxxxxxxxxxxxxxxxxxxxxxxxxxxxxxxxxxxxxxxxxxx  
2015-04-30 18:19:35 : Message envoyé ! 
2015-04-30 18:19:35 xxxxxxxxxxxxxxxxxxxxxxxxxxxxxxxxxxxxxxxxxxxx  
2015-05-01 01:03:06 : sendMail
2015-05-01 01:03:06 : Sébastien Chirol
2015-05-01 01:03:06 : après-midi
2015-05-01 01:03:06 : sebastien.chirol@yahoo.fr
2015-05-01 01:03:06 : 0607408887
2015-05-01 01:03:06 : Souhaite faire une piscine chez moi sous forme de lac avec plage
2015-05-01 01:03:06 : 47470
2015-05-01 01:03:06 : Message envoyé ! 
2015-05-01 01:03:06 xxxxxxxxxxxxxxxxxxxxxxxxxxxxxxxxxxxxxxxxxxxx  
2015-05-01 01:05:04 : sendMail
2015-05-01 01:05:04 : Sébastien Chirol
2015-05-01 01:05:04 : 
2015-05-01 01:05:04 : sebastien.chirol@yahoo.fr
2015-05-01 01:05:04 : 0607408887 
2015-05-01 01:05:04 : Bonjour
je souhaite avoir un chiffrage pour une piscine sous forme d etang avec plage
2015-05-01 01:05:04 : 47470
2015-05-01 01:05:04 : Message envoyé ! 
2015-05-01 01:05:04 xxxxxxxxxxxxxxxxxxxxxxxxxxxxxxxxxxxxxxxxxxxx  
2015-05-01 01:05:16 : sendMail
2015-05-01 01:05:16 : 
2015-05-01 01:05:16 : 
2015-05-01 01:05:16 : 
2015-05-01 01:05:16 : 
2015-05-01 01:05:16 : 
2015-05-01 01:05:16 : 47470
2015-05-01 01:05:16 : Message envoyé ! 
2015-05-01 01:05:16 xxxxxxxxxxxxxxxxxxxxxxxxxxxxxxxxxxxxxxxxxxxx  
2015-05-01 01:05:24 : sendMail
2015-05-01 01:05:24 : 
2015-05-01 01:05:24 : 
2015-05-01 01:05:24 : 
2015-05-01 01:05:24 : 
2015-05-01 01:05:24 : 
2015-05-01 01:05:24 : 47470
2015-05-01 01:05:24 : Message envoyé ! 
2015-05-01 01:05:24 xxxxxxxxxxxxxxxxxxxxxxxxxxxxxxxxxxxxxxxxxxxx  
2015-05-12 23:08:52 : sendMail
2015-05-12 23:08:52 : Salinier
2015-05-12 23:08:52 : 11h-12h
2015-05-12 23:08:52 : jeannesalinier@yahoo.fr
2015-05-12 23:08:52 : 0687210530
2015-05-12 23:08:52 : Bonjour .souhaite infos piscine couloir de nage 20x3.5
2015-05-12 23:08:52 : 33170
2015-05-12 23:08:52 : Message envoyé ! 
2015-05-12 23:08:52 xxxxxxxxxxxxxxxxxxxxxxxxxxxxxxxxxxxxxxxxxxxx  
2015-05-25 16:04:55 : /admin/fileman2/php/upload.php
2015-05-25 16:04:55 : /Applications/XAMPP/xamppfiles/web/edenbluethumbs/IMG_1207.jpg
2015-06-29 12:12:16 debutscript: 1435572736.8069
2015-06-29 12:12:18 Finscript: 1435572738.0196
2015-06-29 12:12:18 Total: 1.213
2015-06-29 12:12:25 debutscript: 1435572745.3453
2015-06-29 12:12:26 Finscript: 1435572746.5903
2015-06-29 12:12:26 Total: 1.245
2015-06-29 12:12:28 debutscript: 1435572748.5065
2015-06-29 12:12:29 Finscript: 1435572749.7601
2015-06-29 12:12:29 Total: 1.254
2015-06-29 12:13:19 debutscript: 1435572799.6853
2015-06-29 12:13:32 Finscript: 1435572812.2183
2015-06-29 12:13:32 Total: 12.533
2015-06-29 12:13:58 debutscript: 1435572838.6094
2015-06-29 12:14:24 Finscript: 1435572864.0614
2015-06-29 12:14:24 Total: 25.452
2015-06-29 12:14:47 debutscript: 1435572887.6748
2015-06-29 12:15:19 Finscript: 1435572919.4388
2015-06-29 12:15:19 Total: 31.764
2015-06-29 12:15:46 debutscript: 1435572946.0075
2015-06-29 12:16:23 Finscript: 1435572983.7987
2015-06-29 12:16:23 Total: 37.791
2015-06-29 12:16:47 debutscript: 1435573007.9756
2015-06-29 12:17:32 Finscript: 1435573052.5172
2015-06-29 12:17:32 Total: 44.542
2015-06-29 12:17:55 debutscript: 1435573075.5444
2015-06-29 12:18:46 Finscript: 1435573126.0615
2015-06-29 12:18:46 Total: 50.517
2015-06-29 12:19:36 debutscript: 1435573176.4262
2015-06-29 12:20:39 Finscript: 1435573239.5173
2015-06-29 12:20:39 Total: 63.091
2015-06-29 12:21:04 debutscript: 1435573264.428
2015-06-29 12:24:05 debutscript: 1435573445.1234
2015-06-29 12:24:13 debutscript: 1435573453.0978
