2015-11-18 08:57:36 : sendMail
2015-11-18 08:57:36 : lé
2015-11-18 08:57:36 : àà
2015-11-18 08:57:36 : franck_langleron@hotmail.com
2015-11-18 08:57:36 : 0650735822
2015-11-18 08:57:36 : les produits
2015-11-18 08:57:36 : l'autre été...
2015-11-18 08:57:36 : 
2015-11-18 08:57:36 : Message envoyé ! 
2015-11-18 08:57:36 xxxxxxxxxxxxxxxxxxxxxxxxxxxxxxxxxxxxxxxxxxxx  
2015-11-18 08:59:11 : sendMail
2015-11-18 08:59:11 : lé
2015-11-18 08:59:11 : àà
2015-11-18 08:59:11 : franck_langleron@hotmail.com
2015-11-18 08:59:11 : 0650735822
2015-11-18 08:59:11 : les produits
2015-11-18 08:59:11 : l'eté
2015-11-18 08:59:11 : 
2015-11-18 08:59:11 : Message envoyé ! 
2015-11-18 08:59:11 xxxxxxxxxxxxxxxxxxxxxxxxxxxxxxxxxxxxxxxxxxxx  
2015-11-18 09:00:54 : 18/11/2015
2015-11-18 09:00:54 : lé
2015-11-18 09:00:54 : franck_langleron@hotmail.com
2015-11-18 09:00:54 : été
2015-11-18 09:00:54 : sendMail
2015-11-18 09:00:54 : 
2015-11-18 09:00:55 : Message envoyé ! 
2015-11-18 09:00:55 xxxxxxxxxxxxxxxxxxxxxxxxxxxxxxxxxxxxxxxxxxxx  
2015-11-18 09:03:51 : Password envoyé ! 
2015-11-18 10:56:11 : /admin/fileman2/php/upload.php
2015-11-18 10:56:11 : /var/www/lessecretsdelouise.comthumbs/P1020552.jpg
2015-11-18 10:56:19 : /admin/fileman2/php/upload.php
2015-11-18 10:56:19 : /var/www/lessecretsdelouise.comthumbs/P1020553.jpg
2015-11-18 10:56:21 : /admin/fileman2/php/upload.php
2015-11-18 10:56:21 : /var/www/lessecretsdelouise.comthumbs/P1020551.jpg
2015-11-18 10:56:25 : /admin/fileman2/php/upload.php
2015-11-18 10:56:25 : /var/www/lessecretsdelouise.comthumbs/P1020550.jpg
2015-11-18 10:56:25 : /admin/fileman2/php/upload.php
2015-11-18 10:56:25 : /var/www/lessecretsdelouise.comthumbs/P1020555.jpg
2015-11-18 10:56:26 : /admin/fileman2/php/upload.php
2015-11-18 10:56:26 : /var/www/lessecretsdelouise.comthumbs/P1020562.jpg
2015-11-18 10:56:30 : /admin/fileman2/php/upload.php
2015-11-18 10:56:30 : /var/www/lessecretsdelouise.comthumbs/P1020563.jpg
2015-11-18 10:56:36 : /admin/fileman2/php/upload.php
2015-11-18 10:56:36 : /var/www/lessecretsdelouise.comthumbs/P1020561.jpg
2015-11-18 10:56:37 : /admin/fileman2/php/upload.php
2015-11-18 10:56:37 : /var/www/lessecretsdelouise.comthumbs/P1020554.jpg
2015-11-18 10:56:37 : /admin/fileman2/php/upload.php
2015-11-18 10:56:37 : /var/www/lessecretsdelouise.comthumbs/P1020559.jpg
2015-11-18 10:56:38 : /admin/fileman2/php/upload.php
2015-11-18 10:56:38 : /var/www/lessecretsdelouise.comthumbs/P1020558.jpg
2015-11-18 10:56:44 : /admin/fileman2/php/upload.php
2015-11-18 10:56:44 : /var/www/lessecretsdelouise.comthumbs/P1020565.jpg
2015-11-18 10:56:45 : /admin/fileman2/php/upload.php
2015-11-18 10:56:45 : /var/www/lessecretsdelouise.comthumbs/P1020569.jpg
2015-11-18 10:56:49 : /admin/fileman2/php/upload.php
2015-11-18 10:56:49 : /var/www/lessecretsdelouise.comthumbs/P1020556.jpg
2015-11-18 10:56:50 : /admin/fileman2/php/upload.php
2015-11-18 10:56:50 : /var/www/lessecretsdelouise.comthumbs/P1020560.jpg
2015-11-18 10:56:52 : /admin/fileman2/php/upload.php
2015-11-18 10:56:52 : /var/www/lessecretsdelouise.comthumbs/P1020557.jpg
2015-11-18 10:56:59 : /admin/fileman2/php/upload.php
2015-11-18 10:56:59 : /var/www/lessecretsdelouise.comthumbs/P1020566.jpg
2015-11-18 10:57:01 : /admin/fileman2/php/upload.php
2015-11-18 10:57:01 : /var/www/lessecretsdelouise.comthumbs/P1020568.jpg
2015-11-18 10:57:01 : /admin/fileman2/php/upload.php
2015-11-18 10:57:01 : /var/www/lessecretsdelouise.comthumbs/P1020573.jpg
2015-11-18 10:57:02 : /admin/fileman2/php/upload.php
2015-11-18 10:57:02 : /var/www/lessecretsdelouise.comthumbs/P1020574.jpg
2015-11-18 10:57:04 : /admin/fileman2/php/upload.php
2015-11-18 10:57:04 : /var/www/lessecretsdelouise.comthumbs/P1020575.jpg
2015-11-18 10:57:05 : /admin/fileman2/php/upload.php
2015-11-18 10:57:05 : /var/www/lessecretsdelouise.comthumbs/P1020572.jpg
2015-11-18 10:57:14 : /admin/fileman2/php/upload.php
2015-11-18 10:57:14 : /var/www/lessecretsdelouise.comthumbs/P1020570.jpg
2015-11-18 10:57:15 : /admin/fileman2/php/upload.php
2015-11-18 10:57:15 : /var/www/lessecretsdelouise.comthumbs/P1020580.jpg
2015-11-18 10:57:18 : /admin/fileman2/php/upload.php
2015-11-18 10:57:18 : /var/www/lessecretsdelouise.comthumbs/P1020571.jpg
2015-11-18 10:57:18 : /admin/fileman2/php/upload.php
2015-11-18 10:57:18 : /var/www/lessecretsdelouise.comthumbs/P1020577.jpg
2015-11-18 10:57:20 : /admin/fileman2/php/upload.php
2015-11-18 10:57:20 : /var/www/lessecretsdelouise.comthumbs/P1020578.jpg
2015-11-18 10:57:29 : /admin/fileman2/php/upload.php
2015-11-18 10:57:29 : /var/www/lessecretsdelouise.comthumbs/P1020579.jpg
2015-11-18 10:57:31 : /admin/fileman2/php/upload.php
2015-11-18 10:57:31 : /var/www/lessecretsdelouise.comthumbs/P1020583.jpg
2015-11-18 10:57:35 : /admin/fileman2/php/upload.php
2015-11-18 10:57:35 : /var/www/lessecretsdelouise.comthumbs/P1020582.jpg
2015-11-18 10:57:39 : /admin/fileman2/php/upload.php
2015-11-18 10:57:39 : /var/www/lessecretsdelouise.comthumbs/P1020567.jpg
2015-11-18 10:57:42 : /admin/fileman2/php/upload.php
2015-11-18 10:57:42 : /var/www/lessecretsdelouise.comthumbs/P1020588.jpg
2015-11-18 10:57:43 : /admin/fileman2/php/upload.php
2015-11-18 10:57:43 : /var/www/lessecretsdelouise.comthumbs/P1020581.jpg
2015-11-18 10:57:45 : /admin/fileman2/php/upload.php
2015-11-18 10:57:45 : /var/www/lessecretsdelouise.comthumbs/P1020587.jpg
2015-11-18 10:57:46 : /admin/fileman2/php/upload.php
2015-11-18 10:57:46 : /var/www/lessecretsdelouise.comthumbs/P1020585.jpg
2015-11-18 10:58:07 : /admin/fileman2/php/upload.php
2015-11-18 10:58:07 : /var/www/lessecretsdelouise.comthumbs/P1020589.jpg
2015-11-18 10:58:08 : /admin/fileman2/php/upload.php
2015-11-18 10:58:08 : /var/www/lessecretsdelouise.comthumbs/P1020593.jpg
2015-11-18 10:58:09 : /admin/fileman2/php/upload.php
2015-11-18 10:58:09 : /var/www/lessecretsdelouise.comthumbs/P1020595.jpg
2015-11-18 10:58:10 : /admin/fileman2/php/upload.php
2015-11-18 10:58:10 : /var/www/lessecretsdelouise.comthumbs/P1020594.jpg
2015-11-18 10:58:14 : /admin/fileman2/php/upload.php
2015-11-18 10:58:14 : /var/www/lessecretsdelouise.comthumbs/P1020586.jpg
2015-11-18 10:58:14 : /admin/fileman2/php/upload.php
2015-11-18 10:58:14 : /var/www/lessecretsdelouise.comthumbs/P1020596.jpg
2015-11-18 10:58:18 : /admin/fileman2/php/upload.php
2015-11-18 10:58:18 : /var/www/lessecretsdelouise.comthumbs/P1020598.jpg
2015-11-18 10:58:20 : /admin/fileman2/php/upload.php
2015-11-18 10:58:20 : /var/www/lessecretsdelouise.comthumbs/P1020597.jpg
2015-11-18 10:58:55 : /admin/fileman2/php/upload.php
2015-11-18 10:58:55 : /var/www/lessecretsdelouise.comthumbs/P1020584.jpg
2015-11-18 18:37:22 : /admin/fileman2/php/upload.php
2015-11-18 18:37:22 : /var/www/lessecretsdelouise.comthumbs/P1020611.jpg
2015-11-18 18:37:24 : /admin/fileman2/php/upload.php
2015-11-18 18:37:24 : /var/www/lessecretsdelouise.comthumbs/P1020612.jpg
2015-11-18 18:37:26 : /admin/fileman2/php/upload.php
2015-11-18 18:37:26 : /var/www/lessecretsdelouise.comthumbs/P1020610.jpg
2015-11-18 18:38:00 : /admin/fileman2/php/upload.php
2015-11-18 18:38:00 : /var/www/lessecretsdelouise.comthumbs/P1020609.jpg
2015-11-18 19:18:00 : /admin/fileman2/php/upload.php
2015-11-18 19:18:00 : /var/www/lessecretsdelouise.comthumbs/P1020619.jpg
2015-11-18 19:20:19 : /admin/fileman2/php/upload.php
2015-11-18 19:20:19 : /var/www/lessecretsdelouise.comthumbs/P1020619 - Copy 1.jpg
2015-11-18 20:11:32 : /admin/fileman2/php/upload.php
2015-11-18 20:11:32 : /var/www/lessecretsdelouise.comthumbs/P1020653.jpg
2015-11-18 20:11:38 : /admin/fileman2/php/upload.php
2015-11-18 20:11:38 : /var/www/lessecretsdelouise.comthumbs/P1020652.jpg
2015-11-18 20:11:41 : /admin/fileman2/php/upload.php
2015-11-18 20:11:41 : /var/www/lessecretsdelouise.comthumbs/P1020654.jpg
2015-11-18 20:11:43 : /admin/fileman2/php/upload.php
2015-11-18 20:11:43 : /var/www/lessecretsdelouise.comthumbs/P1020650.jpg
2015-11-18 20:31:58 : /admin/fileman2/php/upload.php
2015-11-18 20:31:58 : /var/www/lessecretsdelouise.comthumbs/P1020659.jpg
2015-11-18 20:31:59 : /admin/fileman2/php/upload.php
2015-11-18 20:31:59 : /var/www/lessecretsdelouise.comthumbs/P1020658.jpg
2015-11-18 20:32:06 : /admin/fileman2/php/upload.php
2015-11-18 20:32:06 : /var/www/lessecretsdelouise.comthumbs/P1020656.jpg
2015-11-18 20:32:06 : /admin/fileman2/php/upload.php
2015-11-18 20:32:06 : /var/www/lessecretsdelouise.comthumbs/P1020657.jpg
2015-11-18 20:43:28 : /admin/fileman2/php/upload.php
2015-11-18 20:43:28 : /var/www/lessecretsdelouise.comthumbs/P1020661.jpg
2015-11-18 20:43:30 : /admin/fileman2/php/upload.php
2015-11-18 20:43:30 : /var/www/lessecretsdelouise.comthumbs/P1020663.jpg
2015-11-18 20:43:32 : /admin/fileman2/php/upload.php
2015-11-18 20:43:32 : /var/www/lessecretsdelouise.comthumbs/P1020662.jpg
2015-11-18 20:53:46 : /admin/fileman2/php/upload.php
2015-11-18 20:53:46 : /var/www/lessecretsdelouise.comthumbs/Vitrine_plaqu_.jpg
2015-11-18 21:27:32 : /admin/fileman2/php/upload.php
2015-11-18 21:27:32 : /var/www/lessecretsdelouise.comthumbs/Vitrine_boutique.jpg
2015-11-18 21:27:55 : /admin/fileman2/php/upload.php
2015-11-18 21:27:55 : /var/www/lessecretsdelouise.comthumbs/Vitrine_plaqu_ - Copy 1.jpg
2015-11-19 09:27:49 : sendMail
2015-11-19 09:27:49 : Lamri
2015-11-19 09:27:49 : Gwénaëlle
2015-11-19 09:27:49 : gwenaelle.lamri@gmail.com
2015-11-19 09:27:49 : 0786505932
2015-11-19 09:27:49 : autre
2015-11-19 09:27:49 : Bonjour, 

J'ai commandé ce dimanche votre sautoir "Chaine et pastille", n'ayant toujours pas de confirmation de commande ce jeudi, je vais voir mon compte et là il y a marqué que je n'ai passé aucune commande. Pouvez-vous me dire si oui ou non vous avez bien reçu ma commande? Et pourquoi cette commande a apparemment été annulée?

Dans l'attente d'une réponse de votre part, 

Bonne journée.

Lamri Gwénaëlle
2015-11-19 09:27:49 : on
2015-11-19 09:27:49 : Message envoyé ! 
2015-11-19 09:27:49 xxxxxxxxxxxxxxxxxxxxxxxxxxxxxxxxxxxxxxxxxxxx  
2015-11-19 09:03:30 : /admin/fileman2/php/upload.php
2015-11-19 09:03:30 : /var/www/lessecretsdelouise.comthumbs/Vitrine_plaqu_rec.jpg
2015-11-19 09:05:34 : /admin/fileman2/php/upload.php
2015-11-19 09:05:34 : /var/www/lessecretsdelouise.comthumbs/Vitrine_plaqu_rec_copy.jpg
2015-11-19 09:07:08 : /admin/fileman2/php/upload.php
2015-11-19 09:07:08 : /var/www/lessecretsdelouise.comthumbs/Vitrine_plaqu_rec_copy_2_.jpg
2015-11-19 09:11:29 : /admin/fileman2/php/upload.php
2015-11-19 09:11:29 : /var/www/lessecretsdelouise.comthumbs/Vitrine_plaqu_rec_copy_3_.jpg
2015-11-19 09:59:58 : /admin/fileman2/php/upload.php
2015-11-19 09:59:58 : /var/www/lessecretsdelouise.comthumbs/Vitrine_maroquinerie_2_.jpg
2015-11-19 10:17:17 : /admin/fileman2/php/upload.php
2015-11-19 10:17:17 : /var/www/lessecretsdelouise.comthumbs/Vitrine_plaqu_rec_3_.jpg
2015-11-19 10:27:26 : /admin/fileman2/php/upload.php
2015-11-19 10:27:26 : /var/www/lessecretsdelouise.comthumbs/P1020674.jpg
2015-11-19 10:28:43 : /admin/fileman2/php/upload.php
2015-11-19 10:28:43 : /var/www/lessecretsdelouise.comthumbs/P1020670.jpg
2015-11-19 10:31:29 : /admin/fileman2/php/upload.php
2015-11-19 10:31:29 : /var/www/lessecretsdelouise.comthumbs/P1020670 - Copy 1.jpg
2015-11-19 10:33:22 : /admin/fileman2/php/upload.php
2015-11-19 10:33:22 : /var/www/lessecretsdelouise.comthumbs/Vitrine_maroquinerie_2_ - Copy 1.jpg
2015-11-19 13:18:13 : /admin/fileman2/php/upload.php
2015-11-19 13:18:13 : /var/www/lessecretsdelouise.comthumbs/P1020668.jpg
2015-11-19 13:18:55 : /admin/fileman2/php/upload.php
2015-11-19 13:18:55 : /var/www/lessecretsdelouise.comthumbs/P1020668 - Copy 1.jpg
2015-11-19 15:46:54 : /admin/fileman2/php/upload.php
2015-11-19 15:46:54 : /var/www/lessecretsdelouise.comthumbs/P1020621.jpg
2015-11-19 15:46:59 : /admin/fileman2/php/upload.php
2015-11-19 15:46:59 : /var/www/lessecretsdelouise.comthumbs/P1020630.jpg
2015-11-19 15:47:04 : /admin/fileman2/php/upload.php
2015-11-19 15:47:04 : /var/www/lessecretsdelouise.comthumbs/P1020631.jpg
2015-11-19 15:47:04 : /admin/fileman2/php/upload.php
2015-11-19 15:47:04 : /var/www/lessecretsdelouise.comthumbs/P1020622.jpg
2015-11-19 15:47:08 : /admin/fileman2/php/upload.php
2015-11-19 15:47:08 : /var/www/lessecretsdelouise.comthumbs/P1020624.jpg
2015-11-19 15:47:08 : /admin/fileman2/php/upload.php
2015-11-19 15:47:08 : /var/www/lessecretsdelouise.comthumbs/P1020627.jpg
2015-11-19 15:47:08 : /admin/fileman2/php/upload.php
2015-11-19 15:47:08 : /var/www/lessecretsdelouise.comthumbs/P1020626.jpg
2015-11-19 15:47:09 : /admin/fileman2/php/upload.php
2015-11-19 15:47:09 : /var/www/lessecretsdelouise.comthumbs/P1020628.jpg
2015-11-19 15:47:11 : /admin/fileman2/php/upload.php
2015-11-19 15:47:11 : /var/www/lessecretsdelouise.comthumbs/P1020623.jpg
2015-11-19 15:47:15 : /admin/fileman2/php/upload.php
2015-11-19 15:47:15 : /var/www/lessecretsdelouise.comthumbs/P1020632.jpg
2015-11-19 15:47:23 : /admin/fileman2/php/upload.php
2015-11-19 15:47:23 : /var/www/lessecretsdelouise.comthumbs/P1020629.jpg
2015-11-19 15:47:23 : /admin/fileman2/php/upload.php
2015-11-19 15:47:23 : /var/www/lessecretsdelouise.comthumbs/P1020637.jpg
2015-11-19 15:47:25 : /admin/fileman2/php/upload.php
2015-11-19 15:47:25 : /var/www/lessecretsdelouise.comthumbs/P1020640.jpg
2015-11-19 15:47:26 : /admin/fileman2/php/upload.php
2015-11-19 15:47:26 : /var/www/lessecretsdelouise.comthumbs/P1020634.jpg
2015-11-19 15:47:31 : /admin/fileman2/php/upload.php
2015-11-19 15:47:31 : /var/www/lessecretsdelouise.comthumbs/P1020638.jpg
2015-11-19 15:47:36 : /admin/fileman2/php/upload.php
2015-11-19 15:47:36 : /var/www/lessecretsdelouise.comthumbs/P1020633.jpg
2015-11-19 15:47:37 : /admin/fileman2/php/upload.php
2015-11-19 15:47:37 : /var/www/lessecretsdelouise.comthumbs/P1020639.jpg
2015-11-19 15:47:39 : /admin/fileman2/php/upload.php
2015-11-19 15:47:39 : /var/www/lessecretsdelouise.comthumbs/P1020645.jpg
2015-11-19 15:47:42 : /admin/fileman2/php/upload.php
2015-11-19 15:47:42 : /var/www/lessecretsdelouise.comthumbs/P1020625.jpg
2015-11-19 15:47:43 : /admin/fileman2/php/upload.php
2015-11-19 15:47:43 : /var/www/lessecretsdelouise.comthumbs/P1020636.jpg
2015-11-19 15:47:45 : /admin/fileman2/php/upload.php
2015-11-19 15:47:45 : /var/www/lessecretsdelouise.comthumbs/P1020641.jpg
2015-11-19 15:47:45 : /admin/fileman2/php/upload.php
2015-11-19 15:47:45 : /var/www/lessecretsdelouise.comthumbs/P1020642.jpg
2015-11-19 15:47:48 : /admin/fileman2/php/upload.php
2015-11-19 15:47:48 : /var/www/lessecretsdelouise.comthumbs/P1020635.jpg
2015-11-19 15:47:50 : /admin/fileman2/php/upload.php
2015-11-19 15:47:50 : /var/www/lessecretsdelouise.comthumbs/P1020643.jpg
2015-11-19 15:47:51 : /admin/fileman2/php/upload.php
2015-11-19 15:47:51 : /var/www/lessecretsdelouise.comthumbs/P1020646.jpg
2015-11-19 15:47:51 : /admin/fileman2/php/upload.php
2015-11-19 15:47:51 : /var/www/lessecretsdelouise.comthumbs/P1020644.jpg
2015-11-19 15:47:55 : /admin/fileman2/php/upload.php
2015-11-19 15:47:55 : /var/www/lessecretsdelouise.comthumbs/P1020647.jpg
2015-11-19 15:47:57 : /admin/fileman2/php/upload.php
2015-11-19 15:47:57 : /var/www/lessecretsdelouise.comthumbs/P1020677.jpg
2015-11-19 15:47:58 : /admin/fileman2/php/upload.php
2015-11-19 15:47:58 : /var/www/lessecretsdelouise.comthumbs/P1020675.jpg
2015-11-19 15:48:03 : /admin/fileman2/php/upload.php
2015-11-19 15:48:03 : /var/www/lessecretsdelouise.comthumbs/P1020648.jpg
2015-11-19 15:48:04 : /admin/fileman2/php/upload.php
2015-11-19 15:48:04 : /var/www/lessecretsdelouise.comthumbs/P1020678.jpg
2015-11-19 15:48:09 : /admin/fileman2/php/upload.php
2015-11-19 15:48:09 : /var/www/lessecretsdelouise.comthumbs/P1020682.jpg
2015-11-19 15:48:10 : /admin/fileman2/php/upload.php
2015-11-19 15:48:10 : /var/www/lessecretsdelouise.comthumbs/P1020676.jpg
2015-11-19 15:48:10 : /admin/fileman2/php/upload.php
2015-11-19 15:48:10 : /var/www/lessecretsdelouise.comthumbs/P1020681.jpg
2015-11-19 15:48:11 : /admin/fileman2/php/upload.php
2015-11-19 15:48:11 : /var/www/lessecretsdelouise.comthumbs/P1020684.jpg
2015-11-19 15:48:12 : /admin/fileman2/php/upload.php
2015-11-19 15:48:12 : /var/www/lessecretsdelouise.comthumbs/P1020649.jpg
2015-11-19 15:48:12 : /admin/fileman2/php/upload.php
2015-11-19 15:48:12 : /var/www/lessecretsdelouise.comthumbs/P1020685.jpg
2015-11-19 15:48:12 : /admin/fileman2/php/upload.php
2015-11-19 15:48:12 : /var/www/lessecretsdelouise.comthumbs/P1020679.jpg
2015-11-19 15:48:18 : /admin/fileman2/php/upload.php
2015-11-19 15:48:18 : /var/www/lessecretsdelouise.comthumbs/P1020683.jpg
2015-11-19 15:48:19 : /admin/fileman2/php/upload.php
2015-11-19 15:48:19 : /var/www/lessecretsdelouise.comthumbs/P1020686.jpg
2015-11-19 15:48:25 : /admin/fileman2/php/upload.php
2015-11-19 15:48:25 : /var/www/lessecretsdelouise.comthumbs/P1020694.jpg
2015-11-19 15:48:30 : /admin/fileman2/php/upload.php
2015-11-19 15:48:30 : /var/www/lessecretsdelouise.comthumbs/P1020680.jpg
2015-11-19 15:48:32 : /admin/fileman2/php/upload.php
2015-11-19 15:48:32 : /var/www/lessecretsdelouise.comthumbs/P1020691.jpg
2015-11-19 15:48:36 : /admin/fileman2/php/upload.php
2015-11-19 15:48:36 : /var/www/lessecretsdelouise.comthumbs/P1020692.jpg
2015-11-19 15:48:40 : /admin/fileman2/php/upload.php
2015-11-19 15:48:40 : /var/www/lessecretsdelouise.comthumbs/P1020687.jpg
2015-11-19 15:48:40 : /admin/fileman2/php/upload.php
2015-11-19 15:48:40 : /var/www/lessecretsdelouise.comthumbs/P1020690.jpg
2015-11-19 15:48:41 : /admin/fileman2/php/upload.php
2015-11-19 15:48:41 : /var/www/lessecretsdelouise.comthumbs/P1020689.jpg
2015-11-19 15:48:42 : /admin/fileman2/php/upload.php
2015-11-19 15:48:42 : /var/www/lessecretsdelouise.comthumbs/P1020693.jpg
2015-11-19 15:48:44 : /admin/fileman2/php/upload.php
2015-11-19 15:48:44 : /var/www/lessecretsdelouise.comthumbs/P1020695.jpg
2015-11-19 15:48:47 : /admin/fileman2/php/upload.php
2015-11-19 15:48:47 : /var/www/lessecretsdelouise.comthumbs/P1020698.jpg
2015-11-19 15:48:48 : /admin/fileman2/php/upload.php
2015-11-19 15:48:48 : /var/www/lessecretsdelouise.comthumbs/P1020699.jpg
2015-11-19 15:48:48 : /admin/fileman2/php/upload.php
2015-11-19 15:48:48 : /var/www/lessecretsdelouise.comthumbs/P1020688.jpg
2015-11-19 15:48:48 : /admin/fileman2/php/upload.php
2015-11-19 15:48:48 : /var/www/lessecretsdelouise.comthumbs/P1020700.jpg
2015-11-19 15:48:59 : /admin/fileman2/php/upload.php
2015-11-19 15:48:59 : /var/www/lessecretsdelouise.comthumbs/P1020696.jpg
2015-11-19 15:49:02 : /admin/fileman2/php/upload.php
2015-11-19 15:49:02 : /var/www/lessecretsdelouise.comthumbs/P1020710.jpg
2015-11-19 15:49:04 : /admin/fileman2/php/upload.php
2015-11-19 15:49:04 : /var/www/lessecretsdelouise.comthumbs/P1020702.jpg
2015-11-19 15:49:08 : /admin/fileman2/php/upload.php
2015-11-19 15:49:08 : /var/www/lessecretsdelouise.comthumbs/P1020706.jpg
2015-11-19 15:49:09 : /admin/fileman2/php/upload.php
2015-11-19 15:49:09 : /var/www/lessecretsdelouise.comthumbs/P1020711.jpg
2015-11-19 15:49:12 : /admin/fileman2/php/upload.php
2015-11-19 15:49:12 : /var/www/lessecretsdelouise.comthumbs/P1020703.jpg
2015-11-19 15:49:12 : /admin/fileman2/php/upload.php
2015-11-19 15:49:12 : /var/www/lessecretsdelouise.comthumbs/P1020705.jpg
2015-11-19 15:49:13 : /admin/fileman2/php/upload.php
2015-11-19 15:49:13 : /var/www/lessecretsdelouise.comthumbs/P1020707.jpg
2015-11-19 15:49:15 : /admin/fileman2/php/upload.php
2015-11-19 15:49:15 : /var/www/lessecretsdelouise.comthumbs/P1020709.jpg
2015-11-19 15:49:15 : /admin/fileman2/php/upload.php
2015-11-19 15:49:15 : /var/www/lessecretsdelouise.comthumbs/P1020704.jpg
2015-11-19 15:49:17 : /admin/fileman2/php/upload.php
2015-11-19 15:49:17 : /var/www/lessecretsdelouise.comthumbs/P1020708.jpg
2015-11-19 15:49:19 : /admin/fileman2/php/upload.php
2015-11-19 15:49:19 : /var/www/lessecretsdelouise.comthumbs/P1020701.jpg
2015-11-19 15:49:21 : /admin/fileman2/php/upload.php
2015-11-19 15:49:21 : /var/www/lessecretsdelouise.comthumbs/P1020712.jpg
2015-11-19 15:49:26 : /admin/fileman2/php/upload.php
2015-11-19 15:49:26 : /var/www/lessecretsdelouise.comthumbs/P1020713.jpg
2015-11-19 15:49:30 : /admin/fileman2/php/upload.php
2015-11-19 15:49:30 : /var/www/lessecretsdelouise.comthumbs/P1020723.jpg
2015-11-19 15:49:32 : /admin/fileman2/php/upload.php
2015-11-19 15:49:32 : /var/www/lessecretsdelouise.comthumbs/P1020720.jpg
2015-11-19 15:49:33 : /admin/fileman2/php/upload.php
2015-11-19 15:49:33 : /var/www/lessecretsdelouise.comthumbs/P1020721.jpg
2015-11-19 15:49:34 : /admin/fileman2/php/upload.php
2015-11-19 15:49:34 : /var/www/lessecretsdelouise.comthumbs/P1020716.jpg
2015-11-19 15:49:37 : /admin/fileman2/php/upload.php
2015-11-19 15:49:37 : /var/www/lessecretsdelouise.comthumbs/P1020714.jpg
2015-11-19 15:49:37 : /admin/fileman2/php/upload.php
2015-11-19 15:49:37 : /var/www/lessecretsdelouise.comthumbs/P1020717.jpg
2015-11-19 15:49:38 : /admin/fileman2/php/upload.php
2015-11-19 15:49:38 : /var/www/lessecretsdelouise.comthumbs/P1020727.jpg
2015-11-19 15:49:41 : /admin/fileman2/php/upload.php
2015-11-19 15:49:41 : /var/www/lessecretsdelouise.comthumbs/P1020726.jpg
2015-11-19 15:49:41 : /admin/fileman2/php/upload.php
2015-11-19 15:49:41 : /var/www/lessecretsdelouise.comthumbs/P1020718.jpg
2015-11-19 15:49:41 : /admin/fileman2/php/upload.php
2015-11-19 15:49:41 : /var/www/lessecretsdelouise.comthumbs/P1020715.jpg
2015-11-19 15:49:41 : /admin/fileman2/php/upload.php
2015-11-19 15:49:41 : /var/www/lessecretsdelouise.comthumbs/P1020729.jpg
2015-11-19 15:49:42 : /admin/fileman2/php/upload.php
2015-11-19 15:49:42 : /var/www/lessecretsdelouise.comthumbs/P1020722.jpg
2015-11-19 15:49:42 : /admin/fileman2/php/upload.php
2015-11-19 15:49:42 : /var/www/lessecretsdelouise.comthumbs/P1020732.jpg
2015-11-19 15:49:43 : /admin/fileman2/php/upload.php
2015-11-19 15:49:43 : /var/www/lessecretsdelouise.comthumbs/P1020730.jpg
2015-11-19 15:49:45 : /admin/fileman2/php/upload.php
2015-11-19 15:49:45 : /var/www/lessecretsdelouise.comthumbs/P1020731.jpg
2015-11-20 15:29:08 : /admin/fileman2/php/upload.php
2015-11-20 15:29:08 : /var/www/lessecretsdelouise.comthumbs/P1020744.jpg
2015-11-20 15:29:11 : /admin/fileman2/php/upload.php
2015-11-20 15:29:11 : /var/www/lessecretsdelouise.comthumbs/P1020754.jpg
2015-11-20 15:29:12 : /admin/fileman2/php/upload.php
2015-11-20 15:29:12 : /var/www/lessecretsdelouise.comthumbs/P1020745.jpg
2015-11-20 15:29:16 : /admin/fileman2/php/upload.php
2015-11-20 15:29:16 : /var/www/lessecretsdelouise.comthumbs/P1020748.jpg
2015-11-20 15:29:17 : /admin/fileman2/php/upload.php
2015-11-20 15:29:17 : /var/www/lessecretsdelouise.comthumbs/P1020750.jpg
2015-11-20 15:29:18 : /admin/fileman2/php/upload.php
2015-11-20 15:29:18 : /var/www/lessecretsdelouise.comthumbs/P1020747.jpg
2015-11-20 15:29:19 : /admin/fileman2/php/upload.php
2015-11-20 15:29:19 : /var/www/lessecretsdelouise.comthumbs/P1020743.jpg
2015-11-20 15:29:23 : /admin/fileman2/php/upload.php
2015-11-20 15:29:23 : /var/www/lessecretsdelouise.comthumbs/P1020749.jpg
2015-11-20 15:29:24 : /admin/fileman2/php/upload.php
2015-11-20 15:29:24 : /var/www/lessecretsdelouise.comthumbs/P1020742.jpg
2015-11-20 15:29:24 : /admin/fileman2/php/upload.php
2015-11-20 15:29:24 : /var/www/lessecretsdelouise.comthumbs/P1020753.jpg
2015-11-20 15:29:26 : /admin/fileman2/php/upload.php
2015-11-20 15:29:26 : /var/www/lessecretsdelouise.comthumbs/P1020757.jpg
2015-11-20 15:29:26 : /admin/fileman2/php/upload.php
2015-11-20 15:29:26 : /var/www/lessecretsdelouise.comthumbs/P1020752.jpg
2015-11-20 15:29:27 : /admin/fileman2/php/upload.php
2015-11-20 15:29:27 : /var/www/lessecretsdelouise.comthumbs/P1020751.jpg
2015-11-20 15:29:27 : /admin/fileman2/php/upload.php
2015-11-20 15:29:27 : /var/www/lessecretsdelouise.comthumbs/P1020759.jpg
2015-11-20 15:29:27 : /admin/fileman2/php/upload.php
2015-11-20 15:29:27 : /var/www/lessecretsdelouise.comthumbs/P1020758.jpg
2015-11-20 15:29:30 : /admin/fileman2/php/upload.php
2015-11-20 15:29:30 : /var/www/lessecretsdelouise.comthumbs/P1020755.jpg
2015-11-20 15:29:32 : /admin/fileman2/php/upload.php
2015-11-20 15:29:32 : /var/www/lessecretsdelouise.comthumbs/P1020761.jpg
2015-11-20 15:29:36 : /admin/fileman2/php/upload.php
2015-11-20 15:29:36 : /var/www/lessecretsdelouise.comthumbs/P1020756.jpg
2015-11-20 15:29:39 : /admin/fileman2/php/upload.php
2015-11-20 15:29:39 : /var/www/lessecretsdelouise.comthumbs/P1020766.jpg
2015-11-20 15:29:40 : /admin/fileman2/php/upload.php
2015-11-20 15:29:40 : /var/www/lessecretsdelouise.comthumbs/P1020767.jpg
2015-11-20 15:29:41 : /admin/fileman2/php/upload.php
2015-11-20 15:29:41 : /var/www/lessecretsdelouise.comthumbs/P1020762.jpg
2015-11-20 15:29:42 : /admin/fileman2/php/upload.php
2015-11-20 15:29:42 : /var/www/lessecretsdelouise.comthumbs/P1020764.jpg
2015-11-20 15:29:42 : /admin/fileman2/php/upload.php
2015-11-20 15:29:42 : /var/www/lessecretsdelouise.comthumbs/P1020760.jpg
2015-11-20 15:29:43 : /admin/fileman2/php/upload.php
2015-11-20 15:29:43 : /var/www/lessecretsdelouise.comthumbs/P1020769.jpg
2015-11-20 15:29:45 : /admin/fileman2/php/upload.php
2015-11-20 15:29:45 : /var/www/lessecretsdelouise.comthumbs/P1020746.jpg
2015-11-20 15:29:45 : /admin/fileman2/php/upload.php
2015-11-20 15:29:45 : /var/www/lessecretsdelouise.comthumbs/P1020771.jpg
2015-11-20 15:29:47 : /admin/fileman2/php/upload.php
2015-11-20 15:29:47 : /var/www/lessecretsdelouise.comthumbs/P1020770.jpg
2015-11-20 15:29:48 : /admin/fileman2/php/upload.php
2015-11-20 15:29:48 : /var/www/lessecretsdelouise.comthumbs/P1020763.jpg
2015-11-20 15:29:48 : /admin/fileman2/php/upload.php
2015-11-20 15:29:48 : /var/www/lessecretsdelouise.comthumbs/P1020765.jpg
2015-11-20 15:29:51 : /admin/fileman2/php/upload.php
2015-11-20 15:29:51 : /var/www/lessecretsdelouise.comthumbs/P1020774.jpg
2015-11-20 15:29:53 : /admin/fileman2/php/upload.php
2015-11-20 15:29:53 : /var/www/lessecretsdelouise.comthumbs/P1020773.jpg
2015-11-20 15:29:54 : /admin/fileman2/php/upload.php
2015-11-20 15:29:54 : /var/www/lessecretsdelouise.comthumbs/P1020776.jpg
2015-11-20 15:29:54 : /admin/fileman2/php/upload.php
2015-11-20 15:29:54 : /var/www/lessecretsdelouise.comthumbs/P1020775.jpg
2015-11-20 15:29:55 : /admin/fileman2/php/upload.php
2015-11-20 15:29:55 : /var/www/lessecretsdelouise.comthumbs/P1020768.jpg
2015-11-20 15:29:57 : /admin/fileman2/php/upload.php
2015-11-20 15:29:57 : /var/www/lessecretsdelouise.comthumbs/P1020772.jpg
2015-11-20 15:29:58 : /admin/fileman2/php/upload.php
2015-11-20 15:29:58 : /var/www/lessecretsdelouise.comthumbs/P1020777.jpg
2015-11-20 15:30:00 : /admin/fileman2/php/upload.php
2015-11-20 15:30:00 : /var/www/lessecretsdelouise.comthumbs/P1020778.jpg
2015-11-20 15:30:01 : /admin/fileman2/php/upload.php
2015-11-20 15:30:01 : /var/www/lessecretsdelouise.comthumbs/P1020779.jpg
2015-11-20 15:47:59 : /admin/fileman2/php/upload.php
2015-11-20 15:47:59 : /var/www/lessecretsdelouise.comthumbs/P1020743.jpg
2015-11-20 15:48:01 : /admin/fileman2/php/upload.php
2015-11-20 15:48:01 : /var/www/lessecretsdelouise.comthumbs/P1020742.jpg
