2015-11-03 21:16:19 : - Debut traitement.
2015-11-03 21:16:19 : - 127.0.0.1
2015-11-03 21:16:19 : - Req : cmd=_notify-validate&mc_gross=29.00&protection_eligibility=Eligible&address_status=unconfirmed&payer_id=5FNDZK3A99Q8L&tax=4.00&address_street=36+route+de+Bordeaux&payment_date=12%3A16%3A14+Nov+03%2C+2015+PST&payment_status=Completed&charset=windows-1252&address_zip=33360&first_name=Christine&mc_fee=1.24&address_country_code=FR&address_name=Javier+Gonzalez&notify_version=3.8&custom=1%3B1%3B20.00%3B5.00%3B4.00&payer_status=verified&business=xav335%40hotmail.com&address_country=France&address_city=Latresne&quantity=1&verify_sign=AqoHtf-9ou72KnSG8v3.87oYuH7IAURD-WkiiuSiyQAiPsI11F4W4eQU&payer_email=franck%40iconeo.es&txn_id=01J034609B492172B&payment_type=instant&last_name=TENNENBAUM&address_state=&receiver_email=xav335%40hotmail.com&payment_fee=&receiver_id=PVHUN68DV2Y8N&txn_type=web_accept&item_name=Ma+commande+%22les+secrets+de+Louise%22&mc_currency=EUR&item_number=&residence_country=FR&test_ipn=1&handling_amount=0.00&transaction_subject=1%3B1%3B20.00%3B5.00%3B4.00&payment_gross=&shipping=5.00&ipn_track_id=2cf23d90b8ba
2015-11-03 21:16:19 : - Contenu POST :
2015-11-03 21:16:19 : - Array
(
    [mc_gross] => 29.00
    [protection_eligibility] => Eligible
    [address_status] => unconfirmed
    [payer_id] => 5FNDZK3A99Q8L
    [tax] => 4.00
    [address_street] => 36 route de Bordeaux
    [payment_date] => 12:16:14 Nov 03, 2015 PST
    [payment_status] => Completed
    [charset] => windows-1252
    [address_zip] => 33360
    [first_name] => Christine
    [mc_fee] => 1.24
    [address_country_code] => FR
    [address_name] => Javier Gonzalez
    [notify_version] => 3.8
    [custom] => 1;1;20.00;5.00;4.00
    [payer_status] => verified
    [business] => xav335@hotmail.com
    [address_country] => France
    [address_city] => Latresne
    [quantity] => 1
    [verify_sign] => AqoHtf-9ou72KnSG8v3.87oYuH7IAURD-WkiiuSiyQAiPsI11F4W4eQU
    [payer_email] => franck@iconeo.es
    [txn_id] => 01J034609B492172B
    [payment_type] => instant
    [last_name] => TENNENBAUM
    [address_state] => 
    [receiver_email] => xav335@hotmail.com
    [payment_fee] => 
    [receiver_id] => PVHUN68DV2Y8N
    [txn_type] => web_accept
    [item_name] => Ma commande "les secrets de Louise"
    [mc_currency] => EUR
    [item_number] => 
    [residence_country] => FR
    [test_ipn] => 1
    [handling_amount] => 0.00
    [transaction_subject] => 1;1;20.00;5.00;4.00
    [payment_gross] => 
    [shipping] => 5.00
    [ipn_track_id] => 2cf23d90b8ba
)

2015-11-03 21:16:19 : - Validation HTTP : OK
2015-11-03 21:16:20 : -> HTTP/1.1 200 OK

2015-11-03 21:16:20 : -> Date: Tue, 03 Nov 2015 20:16:19 GMT

2015-11-03 21:16:20 : -> Server: Apache

2015-11-03 21:16:20 : -> X-Frame-Options: SAMEORIGIN

2015-11-03 21:16:20 : -> Set-Cookie: c9MWDuvPtT9GIMyPc3jwol1VSlO=QcLHaj677NDciO58iQ5SHhWgSDcVFcFeKWNHlmA4gFFje2tK976t6BAKTdAGjDCTwLD05eonKornG9B7QcY3xWrJfQnkvzUZ3boh9uM2vxtVRJfnJU-K2F4gDSvzbL-9tAfaaYs8y17wldOweHgVTq-X75TG1GTBuHyR0TKzVSoa8QXZxSG-wfTXL9H81AHZ3ts0d_qBGK3OTqeHm7tUoDmFBokgi3UzBOrDwFO4jBldNuEH7TiLdb0uQBnTuNoSgtK9fgPEfNprdrZVDqYsz7B3j1daetPuR3UEMgmL-mjNOqHE1TkoQeia96eDfPJFIlhYfKCRRawTshL2CeA1NFuqMHn3g2q7yuqKqMRXt3EcXUhZZmcrEVO580FhoMSmeMHkwTCpvISNm1G2sWB5Ow_KoFbKNHv4xEI1OrfUhjTSv8IQyuYxU-1R4uK; domain=.paypal.com; path=/; Secure; HttpOnly

2015-11-03 21:16:20 : -> Set-Cookie: cookie_check=yes; expires=Fri, 31-Oct-2025 20:16:20 GMT; domain=.paypal.com; path=/; Secure; HttpOnly

2015-11-03 21:16:20 : -> Set-Cookie: navcmd=_notify-validate; domain=.paypal.com; path=/; Secure; HttpOnly

2015-11-03 21:16:20 : -> Set-Cookie: navlns=0.0; expires=Thu, 02-Nov-2017 20:16:20 GMT; domain=.paypal.com; path=/; Secure; HttpOnly

2015-11-03 21:16:20 : -> Set-Cookie: Apache=10.72.108.11.1446581779902867; path=/; expires=Thu, 26-Oct-45 20:16:19 GMT

2015-11-03 21:16:20 : -> Vary: Accept-Encoding,User-Agent

2015-11-03 21:16:20 : -> Connection: close

2015-11-03 21:16:20 : -> Paypal-Debug-Id: cf3ef21dd86cf

2015-11-03 21:16:20 : -> Set-Cookie: X-PP-SILOVER=name%3DSANDBOX3.WEB.1%26silo_version%3D880%26app%3Dappdispatcher%26TIME%3D320223574; domain=.paypal.com; path=/; Secure; HttpOnly

2015-11-03 21:16:20 : -> Set-Cookie: X-PP-SILOVER=; Expires=Thu, 01 Jan 1970 00:00:01 GMT

2015-11-03 21:16:20 : -> Set-Cookie: Apache=10.72.128.11.1446581779886211; path=/; expires=Thu, 26-Oct-45 20:16:19 GMT

2015-11-03 21:16:20 : -> Strict-Transport-Security: max-age=14400

2015-11-03 21:16:20 : -> Content-Type: text/html; charset=UTF-8

2015-11-03 21:16:20 : -> 

2015-11-03 21:16:20 : -> VERIFIED
2015-11-03 21:16:20 : - Transaction : OK 
2015-11-03 21:16:20 : - Paiement statut : OK 
2015-11-03 21:16:20 : - Transaction ID : OK 
2015-11-03 21:16:20 : - Compte PayPal : OK 
2015-11-03 21:16:20 : ----------- FIN TRAITEMENT ----------- 
2015-11-03 21:16:20 : - Confirmation de commande
2015-11-05 09:38:45 : - Debut traitement.
2015-11-05 09:38:45 : - 127.0.0.1
2015-11-05 09:38:45 : - Req : cmd=_notify-validate&mc_gross=21.00&protection_eligibility=Eligible&address_status=unconfirmed&payer_id=5FNDZK3A99Q8L&tax=2.67&address_street=36+route+de+Bordeaux&payment_date=00%3A38%3A40+Nov+05%2C+2015+PST&payment_status=Completed&charset=windows-1252&address_zip=33360&first_name=Christine&mc_fee=0.96&address_country_code=FR&address_name=Javier+Gonzalez&notify_version=3.8&custom=1%3B1%3B13.33%3B5.00%3B2.67&payer_status=verified&business=xav335%40hotmail.com&address_country=France&address_city=Latresne&quantity=1&verify_sign=AI36sk2Aln3iC.t.mla1wMizPRcQA7Cwo4NrMNnaYmn6qXP70eJu-GtN&payer_email=franck%40iconeo.es&txn_id=4TY656266R043692Y&payment_type=instant&last_name=TENNENBAUM&address_state=&receiver_email=xav335%40hotmail.com&payment_fee=&receiver_id=PVHUN68DV2Y8N&txn_type=web_accept&item_name=Ma+commande+%22les+secrets+de+Louise%22&mc_currency=EUR&item_number=&residence_country=FR&test_ipn=1&handling_amount=0.00&transaction_subject=1%3B1%3B13.33%3B5.00%3B2.67&payment_gross=&shipping=5.00&ipn_track_id=167d517c5b520
2015-11-05 09:38:46 : - Contenu POST :
2015-11-05 09:38:46 : - Array
(
    [mc_gross] => 21.00
    [protection_eligibility] => Eligible
    [address_status] => unconfirmed
    [payer_id] => 5FNDZK3A99Q8L
    [tax] => 2.67
    [address_street] => 36 route de Bordeaux
    [payment_date] => 00:38:40 Nov 05, 2015 PST
    [payment_status] => Completed
    [charset] => windows-1252
    [address_zip] => 33360
    [first_name] => Christine
    [mc_fee] => 0.96
    [address_country_code] => FR
    [address_name] => Javier Gonzalez
    [notify_version] => 3.8
    [custom] => 1;1;13.33;5.00;2.67
    [payer_status] => verified
    [business] => xav335@hotmail.com
    [address_country] => France
    [address_city] => Latresne
    [quantity] => 1
    [verify_sign] => AI36sk2Aln3iC.t.mla1wMizPRcQA7Cwo4NrMNnaYmn6qXP70eJu-GtN
    [payer_email] => franck@iconeo.es
    [txn_id] => 4TY656266R043692Y
    [payment_type] => instant
    [last_name] => TENNENBAUM
    [address_state] => 
    [receiver_email] => xav335@hotmail.com
    [payment_fee] => 
    [receiver_id] => PVHUN68DV2Y8N
    [txn_type] => web_accept
    [item_name] => Ma commande "les secrets de Louise"
    [mc_currency] => EUR
    [item_number] => 
    [residence_country] => FR
    [test_ipn] => 1
    [handling_amount] => 0.00
    [transaction_subject] => 1;1;13.33;5.00;2.67
    [payment_gross] => 
    [shipping] => 5.00
    [ipn_track_id] => 167d517c5b520
)

2015-11-05 09:38:46 : - Validation HTTP : OK
2015-11-05 09:38:46 : -> HTTP/1.1 200 OK

2015-11-05 09:38:46 : -> Date: Thu, 05 Nov 2015 08:38:46 GMT

2015-11-05 09:38:46 : -> Server: Apache

2015-11-05 09:38:46 : -> X-Frame-Options: SAMEORIGIN

2015-11-05 09:38:46 : -> Set-Cookie: c9MWDuvPtT9GIMyPc3jwol1VSlO=imRVIKdFTj0ZZSTOw0vB_bZMrvASFdTqGd6aKsFCXZWM03xYki7F_V3uSruMIC52Dcdty-7_i58BgYyyu_1OewQk7rs_BSHTWjdvELJfCJQR37yo1H532q-W-E3cGYNu8eunhR_peHZ7HcNAiErXnD6ASCE7bi9zoUmwQllSdKLQqv9aKyuLZjz_BhycqD_SLjCDUk8h00QdAOPNg5arpRPEwSxbLzRtBtFGka9dTDABxN_b01la9GXd9r8Vp714c6YnCOqg8DrZ231T1PLYHlbvDNA26iiCrvhg22gHURZ8-qFVpqON42kwDFDTolNoU3KJla-dJAQPKYe5OuOTD05aLMLAmkQVgnVLCk6z6GJohemc3Q1tIHBfepmEmsudUv30EejSDTJu4gVdZRMsM228frAzDTq9CKhPU03NocBICdByhAmfT62MjL4; domain=.paypal.com; path=/; Secure; HttpOnly

2015-11-05 09:38:46 : -> Set-Cookie: cookie_check=yes; expires=Sun, 02-Nov-2025 08:38:46 GMT; domain=.paypal.com; path=/; Secure; HttpOnly

2015-11-05 09:38:46 : -> Set-Cookie: navcmd=_notify-validate; domain=.paypal.com; path=/; Secure; HttpOnly

2015-11-05 09:38:46 : -> Set-Cookie: navlns=0.0; expires=Sat, 04-Nov-2017 08:38:46 GMT; domain=.paypal.com; path=/; Secure; HttpOnly

2015-11-05 09:38:46 : -> Set-Cookie: Apache=10.72.108.11.1446712726160621; path=/; expires=Sat, 28-Oct-45 08:38:46 GMT

2015-11-05 09:38:46 : -> Vary: Accept-Encoding,User-Agent

2015-11-05 09:38:46 : -> Connection: close

2015-11-05 09:38:46 : -> Paypal-Debug-Id: b944b53423299

2015-11-05 09:38:46 : -> Set-Cookie: X-PP-SILOVER=name%3DSANDBOX3.WEB.1%26silo_version%3D880%26app%3Dappdispatcher%26TIME%3D2517973846; domain=.paypal.com; path=/; Secure; HttpOnly

2015-11-05 09:38:46 : -> Set-Cookie: X-PP-SILOVER=; Expires=Thu, 01 Jan 1970 00:00:01 GMT

2015-11-05 09:38:46 : -> Set-Cookie: Apache=10.72.128.11.1446712726143840; path=/; expires=Sat, 28-Oct-45 08:38:46 GMT

2015-11-05 09:38:46 : -> Strict-Transport-Security: max-age=14400

2015-11-05 09:38:46 : -> Content-Type: text/html; charset=UTF-8

2015-11-05 09:38:46 : -> 

2015-11-05 09:38:46 : -> VERIFIED
2015-11-05 09:38:46 : - Transaction : OK 
2015-11-05 09:38:46 : - Paiement statut : OK 
2015-11-05 09:38:46 : - Transaction ID : OK 
2015-11-05 09:38:46 : - Compte PayPal : OK 
2015-11-05 09:38:46 : ----------- FIN TRAITEMENT ----------- 
2015-11-05 09:38:46 : - Confirmation de commande
