2015-11-22 22:04:19 : - Debut traitement.
2015-11-22 22:04:19 : - 127.0.0.1
2015-11-22 22:04:19 : - Req : cmd=_notify-validate&mc_gross=33.00&protection_eligibility=Ineligible&address_status=unconfirmed&payer_id=6H3S542VPJ7ME&tax=4.67&address_street=1&payment_date=13%3A04%3A02+Nov+22%2C+2015+PST&payment_status=Completed&charset=windows-1252&address_zip=79260&first_name=catherine&mc_fee=1.37&address_country_code=FR&address_name=catherine+chartre&notify_version=3.8&custom=41%3B10%3B23.33%3B5.00%3B4.67&payer_status=unverified&business=bijoux.secretsdelouise%40gmail.com&address_country=France&address_city=francois&quantity=1&verify_sign=AcFHC8-bPIDZ88ii3yYZm66tFJ6VAgKbj6WwCbb3RG1RhfVZv-urZLc9&payer_email=cathy.chartre%40gmail.com&txn_id=62R68755553688205&payment_type=instant&last_name=chartre&address_state=&receiver_email=bijoux.secretsdelouise%40gmail.com&payment_fee=&receiver_id=JJYAPL2AS7KWA&txn_type=web_accept&item_name=Commande+No.41+%22les+secrets+de+Louise%22&mc_currency=EUR&item_number=&residence_country=FR&receipt_id=0469-9295-5243-9949&handling_amount=0.00&transaction_subject=41%3B10%3B23.33%3B5.00%3B4.67&payment_gross=&shipping=5.00&ipn_track_id=5665c13b204cb
2015-11-22 22:04:20 : - Contenu POST :
2015-11-22 22:04:20 : - Array
(
    [mc_gross] => 33.00
    [protection_eligibility] => Ineligible
    [address_status] => unconfirmed
    [payer_id] => 6H3S542VPJ7ME
    [tax] => 4.67
    [address_street] => 1
    [payment_date] => 13:04:02 Nov 22, 2015 PST
    [payment_status] => Completed
    [charset] => windows-1252
    [address_zip] => 79260
    [first_name] => catherine
    [mc_fee] => 1.37
    [address_country_code] => FR
    [address_name] => catherine chartre
    [notify_version] => 3.8
    [custom] => 41;10;23.33;5.00;4.67
    [payer_status] => unverified
    [business] => bijoux.secretsdelouise@gmail.com
    [address_country] => France
    [address_city] => francois
    [quantity] => 1
    [verify_sign] => AcFHC8-bPIDZ88ii3yYZm66tFJ6VAgKbj6WwCbb3RG1RhfVZv-urZLc9
    [payer_email] => cathy.chartre@gmail.com
    [txn_id] => 62R68755553688205
    [payment_type] => instant
    [last_name] => chartre
    [address_state] => 
    [receiver_email] => bijoux.secretsdelouise@gmail.com
    [payment_fee] => 
    [receiver_id] => JJYAPL2AS7KWA
    [txn_type] => web_accept
    [item_name] => Commande No.41 "les secrets de Louise"
    [mc_currency] => EUR
    [item_number] => 
    [residence_country] => FR
    [receipt_id] => 0469-9295-5243-9949
    [handling_amount] => 0.00
    [transaction_subject] => 41;10;23.33;5.00;4.67
    [payment_gross] => 
    [shipping] => 5.00
    [ipn_track_id] => 5665c13b204cb
)

2015-11-22 22:04:20 : - Validation HTTP : OK
2015-11-22 22:04:21 : -> HTTP/1.1 200 OK

2015-11-22 22:04:21 : -> Date: Sun, 22 Nov 2015 21:04:20 GMT

2015-11-22 22:04:21 : -> Server: Apache

2015-11-22 22:04:21 : -> X-Frame-Options: SAMEORIGIN

2015-11-22 22:04:21 : -> Set-Cookie: cwrClyrK4LoCV1fydGbAxiNL6iG=WE8FaRnA2MxSRbH-oxqzTpzi3-uh9WoqwG2WjCicLhqt8aBzSB-imMDYQDseI3mK439OzdovaTYHIXfs5539s8WCbZPIr7byJA18pJZvHV-0UOv2f74x2afNOg8cspkRMzGwCRDgCbmwVGdSP9bmyC9NQA61e6XDTdxcQ9qgEOXkInIfKK3nhEd_GgwXA_TFY153IkiQMtqbo0w6_DwF3nHoRVn7jp62HECC4DgfmwU5gbcTDrV7f9jM9QG6xgF6woMqaC-zXZ28eBfW_0tzbZAwgoogTcjuz2C5mOu_TX0eiNaCkNjjKl5ycFgCPaNQyBs9zF8exItIbGvBvcoYsxgieiic1n2w8ISG060m9v1JXcdaQccBXpUgpjBYrS4AqiO3KORj-iNH1QDm-vSlGXgDK72JthH9jil_f69nOb_ELIYlBxdFHto_WIi; domain=.paypal.com; path=/; Secure; HttpOnly

2015-11-22 22:04:21 : -> Set-Cookie: cookie_check=yes; expires=Wed, 19-Nov-2025 21:04:20 GMT; domain=.paypal.com; path=/; Secure; HttpOnly

2015-11-22 22:04:21 : -> Set-Cookie: navcmd=_notify-validate; domain=.paypal.com; path=/; Secure; HttpOnly

2015-11-22 22:04:21 : -> Set-Cookie: navlns=0.0; expires=Tue, 21-Nov-2017 21:04:20 GMT; domain=.paypal.com; path=/; Secure; HttpOnly

2015-11-22 22:04:21 : -> Vary: Accept-Encoding

2015-11-22 22:04:21 : -> Connection: close

2015-11-22 22:04:21 : -> Content-Type: text/html; charset=UTF-8

2015-11-22 22:04:21 : -> 

2015-11-22 22:04:21 : -> VERIFIED
2015-11-22 22:04:21 : - Transaction : OK 
2015-11-22 22:04:21 : - Paiement statut : OK 
2015-11-22 22:04:21 : - Transaction ID : OK 
2015-11-22 22:04:21 : - Compte PayPal : OK 
2015-11-22 22:04:21 : ----------- FIN TRAITEMENT ----------- 
2015-11-22 22:04:21 : - Confirmation de commande
