2015-11-23 08:17:47 : - Debut traitement.
2015-11-23 08:17:47 : - 127.0.0.1
2015-11-23 08:17:47 : - Req : cmd=_notify-validate&mc_gross=66.00&protection_eligibility=Eligible&address_status=unconfirmed&payer_id=Z2SZXJRFEE696&tax=11.00&address_street=8+rue+olof+palme+appt+67+le+nivernais&payment_date=23%3A17%3A34+Nov+22%2C+2015+PST&payment_status=Completed&charset=windows-1252&address_zip=76120&first_name=Annick&mc_fee=2.49&address_country_code=FR&address_name=Annick+Iversa&notify_version=3.8&custom=42%3B11%3B55.00%3B0.00%3B11.00&payer_status=unverified&business=bijoux.secretsdelouise%40gmail.com&address_country=France&address_city=Grand+quevilly&quantity=1&verify_sign=AaDGXKRfJtkfKjNa8l02wAqao9BiAzZ9j2Kvdj9JeeA7KQNijLGtoQdA&payer_email=annick.iversa%40neuf.fr&txn_id=17062911F1078062U&payment_type=instant&last_name=Iversa&address_state=&receiver_email=bijoux.secretsdelouise%40gmail.com&payment_fee=&receiver_id=JJYAPL2AS7KWA&txn_type=web_accept&item_name=Commande+No.42+%22les+secrets+de+Louise%22&mc_currency=EUR&item_number=&residence_country=FR&handling_amount=0.00&transaction_subject=42%3B11%3B55.00%3B0.00%3B11.00&payment_gross=&shipping=0.00&ipn_track_id=14ed42d88531b
2015-11-23 08:17:48 : - Contenu POST :
2015-11-23 08:17:48 : - Array
(
    [mc_gross] => 66.00
    [protection_eligibility] => Eligible
    [address_status] => unconfirmed
    [payer_id] => Z2SZXJRFEE696
    [tax] => 11.00
    [address_street] => 8 rue olof palme appt 67 le nivernais
    [payment_date] => 23:17:34 Nov 22, 2015 PST
    [payment_status] => Completed
    [charset] => windows-1252
    [address_zip] => 76120
    [first_name] => Annick
    [mc_fee] => 2.49
    [address_country_code] => FR
    [address_name] => Annick Iversa
    [notify_version] => 3.8
    [custom] => 42;11;55.00;0.00;11.00
    [payer_status] => unverified
    [business] => bijoux.secretsdelouise@gmail.com
    [address_country] => France
    [address_city] => Grand quevilly
    [quantity] => 1
    [verify_sign] => AaDGXKRfJtkfKjNa8l02wAqao9BiAzZ9j2Kvdj9JeeA7KQNijLGtoQdA
    [payer_email] => annick.iversa@neuf.fr
    [txn_id] => 17062911F1078062U
    [payment_type] => instant
    [last_name] => Iversa
    [address_state] => 
    [receiver_email] => bijoux.secretsdelouise@gmail.com
    [payment_fee] => 
    [receiver_id] => JJYAPL2AS7KWA
    [txn_type] => web_accept
    [item_name] => Commande No.42 "les secrets de Louise"
    [mc_currency] => EUR
    [item_number] => 
    [residence_country] => FR
    [handling_amount] => 0.00
    [transaction_subject] => 42;11;55.00;0.00;11.00
    [payment_gross] => 
    [shipping] => 0.00
    [ipn_track_id] => 14ed42d88531b
)

2015-11-23 08:17:48 : - Validation HTTP : OK
2015-11-23 08:17:48 : -> HTTP/1.1 200 OK

2015-11-23 08:17:48 : -> Date: Mon, 23 Nov 2015 07:17:48 GMT

2015-11-23 08:17:48 : -> Server: Apache

2015-11-23 08:17:48 : -> X-Frame-Options: SAMEORIGIN

2015-11-23 08:17:48 : -> Set-Cookie: cwrClyrK4LoCV1fydGbAxiNL6iG=CbYAIK5gil1MDvyTUmoxxneSxEnoioXvQFPBBY1eJShGV7CQBiXi4Y5NgbSSK9lcMgd6POaZDtoP9VtN4mc7nk6wjSZngZ3QcvHuqOHcbGkkK_H152Aoa5vFogw9o9cZllK4NBbA1k5_-JRN4GprelFAndyKmlunBG-F6JslSWzZIA1zDy2JZ5BpSdJj8gn9WBY4zvNooU5zRL9_wvx1ldYFEK9px_mKiv9eQ6MKmgm6E3uj_KQ_J_xIxakO_XdvD1p_mCVte9ltMKuFr1OvFEwsNxMcJZ2OsGtcQ5h8P8tR5vkUseYqhvs3ynqPPkmPdWMqO85pJNlI0B1-7o_d7O4QI_ZzjV5YuyaxElNJ8KSUoxVe7UV1dvQtJJEmANTD_LC4kfWSNs_T9wLTHA9FS2ivLVUyggzsS2KThQ9kINxe77DFOODNvEcIh1q; domain=.paypal.com; path=/; Secure; HttpOnly

2015-11-23 08:17:48 : -> Set-Cookie: cookie_check=yes; expires=Thu, 20-Nov-2025 07:17:48 GMT; domain=.paypal.com; path=/; Secure; HttpOnly

2015-11-23 08:17:48 : -> Set-Cookie: navcmd=_notify-validate; domain=.paypal.com; path=/; Secure; HttpOnly

2015-11-23 08:17:48 : -> Set-Cookie: navlns=0.0; expires=Wed, 22-Nov-2017 07:17:48 GMT; domain=.paypal.com; path=/; Secure; HttpOnly

2015-11-23 08:17:48 : -> Set-Cookie: Apache=10.16.1.3.1448263068521984; path=/; expires=Wed, 15-Nov-45 07:17:48 GMT

2015-11-23 08:17:48 : -> Vary: Accept-Encoding

2015-11-23 08:17:48 : -> Connection: close

2015-11-23 08:17:48 : -> Content-Type: text/html; charset=UTF-8

2015-11-23 08:17:48 : -> 

2015-11-23 08:17:48 : -> VERIFIED
2015-11-23 08:17:48 : - Transaction : OK 
2015-11-23 08:17:48 : - Paiement statut : OK 
2015-11-23 08:17:48 : - Transaction ID : OK 
2015-11-23 08:17:48 : - Compte PayPal : OK 
2015-11-23 08:17:48 : ----------- FIN TRAITEMENT ----------- 
2015-11-23 08:17:48 : - Confirmation de commande
