2015-12-14 18:44:00 : - Debut traitement.
2015-12-14 18:44:00 : - 127.0.0.1
2015-12-14 18:44:00 : - Req : cmd=_notify-validate&mc_gross=60.00&protection_eligibility=Ineligible&address_status=unconfirmed&payer_id=AF4SHWJKMTV6C&tax=10.00&address_street=6+Rue+HEROLD&payment_date=09%3A43%3A39+Dec+14%2C+2015+PST&payment_status=Completed&charset=windows-1252&address_zip=31200&first_name=Dominique&mc_fee=2.29&address_country_code=FR&address_name=Dominique+MARTIN+LACOSTE&notify_version=3.8&custom=75%3B26%3B50.00%3B0.00%3B10.00&payer_status=unverified&business=bijoux.secretsdelouise%40gmail.com&address_country=France&address_city=TOULOUSE&quantity=1&verify_sign=Abs3WSY0dfz42aSihKRauqGKpBdkA617olugdS.aAdxndq8aNjZ1635p&payer_email=domalac%40hotmail.fr&txn_id=65T00364PG021164Y&payment_type=instant&last_name=MARTIN+LACOSTE&address_state=&receiver_email=bijoux.secretsdelouise%40gmail.com&payment_fee=&receiver_id=JJYAPL2AS7KWA&txn_type=web_accept&item_name=Commande+No.75+%22les+secrets+de+Louise%22&mc_currency=EUR&item_number=&residence_country=FR&receipt_id=4767-6196-0980-6684&handling_amount=0.00&transaction_subject=75%3B26%3B50.00%3B0.00%3B10.00&payment_gross=&shipping=0.00&ipn_track_id=7fed8367c6177
2015-12-14 18:44:01 : - Contenu POST :
2015-12-14 18:44:01 : - Array
(
    [mc_gross] => 60.00
    [protection_eligibility] => Ineligible
    [address_status] => unconfirmed
    [payer_id] => AF4SHWJKMTV6C
    [tax] => 10.00
    [address_street] => 6 Rue HEROLD
    [payment_date] => 09:43:39 Dec 14, 2015 PST
    [payment_status] => Completed
    [charset] => windows-1252
    [address_zip] => 31200
    [first_name] => Dominique
    [mc_fee] => 2.29
    [address_country_code] => FR
    [address_name] => Dominique MARTIN LACOSTE
    [notify_version] => 3.8
    [custom] => 75;26;50.00;0.00;10.00
    [payer_status] => unverified
    [business] => bijoux.secretsdelouise@gmail.com
    [address_country] => France
    [address_city] => TOULOUSE
    [quantity] => 1
    [verify_sign] => Abs3WSY0dfz42aSihKRauqGKpBdkA617olugdS.aAdxndq8aNjZ1635p
    [payer_email] => domalac@hotmail.fr
    [txn_id] => 65T00364PG021164Y
    [payment_type] => instant
    [last_name] => MARTIN LACOSTE
    [address_state] => 
    [receiver_email] => bijoux.secretsdelouise@gmail.com
    [payment_fee] => 
    [receiver_id] => JJYAPL2AS7KWA
    [txn_type] => web_accept
    [item_name] => Commande No.75 "les secrets de Louise"
    [mc_currency] => EUR
    [item_number] => 
    [residence_country] => FR
    [receipt_id] => 4767-6196-0980-6684
    [handling_amount] => 0.00
    [transaction_subject] => 75;26;50.00;0.00;10.00
    [payment_gross] => 
    [shipping] => 0.00
    [ipn_track_id] => 7fed8367c6177
)

2015-12-14 18:44:01 : - Validation HTTP : OK
2015-12-14 18:44:02 : -> HTTP/1.1 200 OK

2015-12-14 18:44:02 : -> Date: Mon, 14 Dec 2015 17:44:01 GMT

2015-12-14 18:44:02 : -> Server: Apache

2015-12-14 18:44:02 : -> X-Frame-Options: SAMEORIGIN

2015-12-14 18:44:02 : -> Set-Cookie: cwrClyrK4LoCV1fydGbAxiNL6iG=_aoCODa7pH8x7gD9i0GkRqIX7egg8zN6A3MXbeq5aaCGTOO0wjmu3cr3WbZ9jd1d0fEvZYk-GOQp3FyjOqiHvCCLIgTm04krc44ARBqBa8KEg29gRA0E93GVHAnAEuK3on0BhpPssd-J2IRNeIJ9LuICKZQohWddqRPI7igsi0QRts3s1-AKqlTyRhd2eGOCd-1InMA1e9QZpEVLinunf1CKq9paHFPuPo2Ab5I6f_UEj8Uwg-cb2eW8btzlYerPgW-fzoZ1BH9oyn7uphZ4edSh4hCmGs6-TUlA-6KBNk9-ehZabAoxQQ6OmEOsNtG7b7UmZaKflf04YGnfDU7zIvXPZM2wGhrVkogRTD8Cf2rD5eprMODmr7fXC3xSgHSgyaQWAGspN7zKE-Nbw0ESyDmivIbT4cHg0Uj2R514TN-VckBTdi5bgAwTEmO; domain=.paypal.com; path=/; Secure; HttpOnly

2015-12-14 18:44:02 : -> Set-Cookie: cookie_check=yes; expires=Thu, 11-Dec-2025 17:44:01 GMT; domain=.paypal.com; path=/; Secure; HttpOnly

2015-12-14 18:44:02 : -> Set-Cookie: navcmd=_notify-validate; domain=.paypal.com; path=/; Secure; HttpOnly

2015-12-14 18:44:02 : -> Set-Cookie: navlns=0.0; expires=Wed, 13-Dec-2017 17:44:01 GMT; domain=.paypal.com; path=/; Secure; HttpOnly

2015-12-14 18:44:02 : -> Set-Cookie: Apache=10.74.8.70.1450115041645017; path=/; expires=Wed, 06-Dec-45 17:44:01 GMT

2015-12-14 18:44:02 : -> Vary: Accept-Encoding

2015-12-14 18:44:02 : -> Cache-Control: max-age=0, no-cache, no-store, must-revalidate

2015-12-14 18:44:02 : -> Pragma: no-cache

2015-12-14 18:44:02 : -> Strict-Transport-Security: max-age=14400

2015-12-14 18:44:02 : -> Connection: close

2015-12-14 18:44:02 : -> Content-Type: text/html; charset=UTF-8

2015-12-14 18:44:02 : -> 

2015-12-14 18:44:02 : -> VERIFIED
2015-12-14 18:44:02 : - Transaction : OK 
2015-12-14 18:44:02 : - Paiement statut : OK 
2015-12-14 18:44:02 : - Transaction ID : OK 
2015-12-14 18:44:02 : - Compte PayPal : OK 
2015-12-14 18:44:02 : ----------- FIN TRAITEMENT ----------- 
2015-12-14 18:44:02 : - Confirmation de commande
