2015-12-03 14:54:35 : - Debut traitement.
2015-12-03 14:54:35 : - 127.0.0.1
2015-12-03 14:54:35 : - Req : cmd=_notify-validate&mc_gross=29.00&protection_eligibility=Eligible&address_status=unconfirmed&payer_id=DAQCGA4DVKT9Q&tax=4.00&address_street=22+rue+clarac&payment_date=05%3A54%3A23+Dec+03%2C+2015+PST&payment_status=Completed&charset=windows-1252&address_zip=65500&first_name=Marie+pierre&mc_fee=1.24&address_country_code=FR&address_name=Marie+pierre+PALACIOS&notify_version=3.8&custom=64%3B8%3B20.00%3B5.00%3B4.00&payer_status=unverified&business=bijoux.secretsdelouise%40gmail.com&address_country=France&address_city=Vic-En-Bigorre&quantity=1&verify_sign=AR6jfZ-xy9rVRwbk5sa6I.SAgPkdAmbeQZRerpn-HCgwgZmF.7IfXQUs&payer_email=marie-pierre.palacios%40orange.fr&txn_id=4JR49192330425813&payment_type=instant&last_name=PALACIOS&address_state=&receiver_email=bijoux.secretsdelouise%40gmail.com&payment_fee=&receiver_id=JJYAPL2AS7KWA&txn_type=web_accept&item_name=Commande+No.64+%22les+secrets+de+Louise%22&mc_currency=EUR&item_number=&residence_country=FR&handling_amount=0.00&transaction_subject=64%3B8%3B20.00%3B5.00%3B4.00&payment_gross=&shipping=5.00&ipn_track_id=227769bdaff07
2015-12-03 14:54:35 : - Contenu POST :
2015-12-03 14:54:35 : - Array
(
    [mc_gross] => 29.00
    [protection_eligibility] => Eligible
    [address_status] => unconfirmed
    [payer_id] => DAQCGA4DVKT9Q
    [tax] => 4.00
    [address_street] => 22 rue clarac
    [payment_date] => 05:54:23 Dec 03, 2015 PST
    [payment_status] => Completed
    [charset] => windows-1252
    [address_zip] => 65500
    [first_name] => Marie pierre
    [mc_fee] => 1.24
    [address_country_code] => FR
    [address_name] => Marie pierre PALACIOS
    [notify_version] => 3.8
    [custom] => 64;8;20.00;5.00;4.00
    [payer_status] => unverified
    [business] => bijoux.secretsdelouise@gmail.com
    [address_country] => France
    [address_city] => Vic-En-Bigorre
    [quantity] => 1
    [verify_sign] => AR6jfZ-xy9rVRwbk5sa6I.SAgPkdAmbeQZRerpn-HCgwgZmF.7IfXQUs
    [payer_email] => marie-pierre.palacios@orange.fr
    [txn_id] => 4JR49192330425813
    [payment_type] => instant
    [last_name] => PALACIOS
    [address_state] => 
    [receiver_email] => bijoux.secretsdelouise@gmail.com
    [payment_fee] => 
    [receiver_id] => JJYAPL2AS7KWA
    [txn_type] => web_accept
    [item_name] => Commande No.64 "les secrets de Louise"
    [mc_currency] => EUR
    [item_number] => 
    [residence_country] => FR
    [handling_amount] => 0.00
    [transaction_subject] => 64;8;20.00;5.00;4.00
    [payment_gross] => 
    [shipping] => 5.00
    [ipn_track_id] => 227769bdaff07
)

2015-12-03 14:54:35 : - Validation HTTP : OK
2015-12-03 14:54:36 : -> HTTP/1.1 200 OK

2015-12-03 14:54:36 : -> Date: Thu, 03 Dec 2015 13:54:35 GMT

2015-12-03 14:54:36 : -> Server: Apache

2015-12-03 14:54:36 : -> X-Frame-Options: SAMEORIGIN

2015-12-03 14:54:36 : -> Set-Cookie: cwrClyrK4LoCV1fydGbAxiNL6iG=YP92g_OtpWZaQW25V_5VwxrdJv7BocwoGJYg2QPJ1I5vtaBKl2Rpx_Tnuz8Cv15BorjFYwy3BeGxtexH-i7Fn2UoDAgHb2RH2APz6lgrK4urikQydI5eNvDxYcBYJR1EXQBhlEYH-leo6CgWYrA5BsOpdViOEVPTzkzP6ODCbq0E3qRNGY1whfoHCC4GSxe6C8VarQn1dvF6TZMhzhqUb08mvmj8ecWPQn3DheQacJKlBpCAGijQFdKpfS7uILo1I_qKyj0FNCgfN0uj4JIkEwKCRQuoP8mbOD1pol0swZBZInyHWh2RNOqMYHW3xtYqCOCPwqTFLCsSQfJjHekQrRymAx0SDPpKSxCXCGIkU58ZnueHDifVeNKRYMaJ5tpwldLypqpracqPKncnEOUtCfTFMIbAKxkPtTQxc27UTM3oAhk3UGaelExADri; domain=.paypal.com; path=/; Secure; HttpOnly

2015-12-03 14:54:36 : -> Set-Cookie: cookie_check=yes; expires=Sun, 30-Nov-2025 13:54:36 GMT; domain=.paypal.com; path=/; Secure; HttpOnly

2015-12-03 14:54:36 : -> Set-Cookie: navcmd=_notify-validate; domain=.paypal.com; path=/; Secure; HttpOnly

2015-12-03 14:54:36 : -> Set-Cookie: navlns=0.0; expires=Sat, 02-Dec-2017 13:54:36 GMT; domain=.paypal.com; path=/; Secure; HttpOnly

2015-12-03 14:54:36 : -> Vary: Accept-Encoding

2015-12-03 14:54:36 : -> Cache-Control: max-age=0, no-cache, no-store, must-revalidate

2015-12-03 14:54:36 : -> Pragma: no-cache

2015-12-03 14:54:36 : -> Strict-Transport-Security: max-age=14400

2015-12-03 14:54:36 : -> Connection: close

2015-12-03 14:54:36 : -> Content-Type: text/html; charset=UTF-8

2015-12-03 14:54:36 : -> 

2015-12-03 14:54:36 : -> VERIFIED
2015-12-03 14:54:36 : - Transaction : OK 
2015-12-03 14:54:36 : - Paiement statut : OK 
2015-12-03 14:54:36 : - Transaction ID : OK 
2015-12-03 14:54:36 : - Compte PayPal : OK 
2015-12-03 14:54:36 : ----------- FIN TRAITEMENT ----------- 
2015-12-03 14:54:36 : - Confirmation de commande
