2015-11-15 02:21:00 : - Debut traitement.
2015-11-15 02:21:00 : - 127.0.0.1
2015-11-15 02:21:00 : - Req : cmd=_notify-validate&mc_gross=29.00&protection_eligibility=Eligible&address_status=unconfirmed&payer_id=NXBGMBWHY5VJQ&tax=4.00&address_street=1+rue+du+croit+chariot&payment_date=17%3A20%3A52+Nov+14%2C+2015+PST&payment_status=Completed&charset=windows-1252&address_zip=89360&first_name=Gwenaelle&mc_fee=1.24&address_country_code=FR&address_name=Gwenaelle+Lamri&notify_version=3.8&custom=21%3B6%3B20.00%3B5.00%3B4.00&payer_status=unverified&business=bijoux.secretsdelouise%40gmail.com&address_country=France&address_city=jaulges&quantity=1&verify_sign=A21kmBLyRcQpDSjYvmswlm3ckjahA7j5Wpp4L6dZRnGl4EUQEFvb3aKH&payer_email=gwenaelle.lamri%40gmail.com&txn_id=75319301CP243534V&payment_type=instant&last_name=Lamri&address_state=&receiver_email=bijoux.secretsdelouise%40gmail.com&payment_fee=&receiver_id=NRBY4RCQWLHPJ&txn_type=web_accept&item_name=Commande+No.21+%22les+secrets+de+Louise%22&mc_currency=EUR&item_number=&residence_country=FR&test_ipn=1&handling_amount=0.00&transaction_subject=21%3B6%3B20.00%3B5.00%3B4.00&payment_gross=&shipping=5.00&ipn_track_id=cfbbef5e2bb63
2015-11-15 02:21:01 : - Contenu POST :
2015-11-15 02:21:01 : - Array
(
    [mc_gross] => 29.00
    [protection_eligibility] => Eligible
    [address_status] => unconfirmed
    [payer_id] => NXBGMBWHY5VJQ
    [tax] => 4.00
    [address_street] => 1 rue du croit chariot
    [payment_date] => 17:20:52 Nov 14, 2015 PST
    [payment_status] => Completed
    [charset] => windows-1252
    [address_zip] => 89360
    [first_name] => Gwenaelle
    [mc_fee] => 1.24
    [address_country_code] => FR
    [address_name] => Gwenaelle Lamri
    [notify_version] => 3.8
    [custom] => 21;6;20.00;5.00;4.00
    [payer_status] => unverified
    [business] => bijoux.secretsdelouise@gmail.com
    [address_country] => France
    [address_city] => jaulges
    [quantity] => 1
    [verify_sign] => A21kmBLyRcQpDSjYvmswlm3ckjahA7j5Wpp4L6dZRnGl4EUQEFvb3aKH
    [payer_email] => gwenaelle.lamri@gmail.com
    [txn_id] => 75319301CP243534V
    [payment_type] => instant
    [last_name] => Lamri
    [address_state] => 
    [receiver_email] => bijoux.secretsdelouise@gmail.com
    [payment_fee] => 
    [receiver_id] => NRBY4RCQWLHPJ
    [txn_type] => web_accept
    [item_name] => Commande No.21 "les secrets de Louise"
    [mc_currency] => EUR
    [item_number] => 
    [residence_country] => FR
    [test_ipn] => 1
    [handling_amount] => 0.00
    [transaction_subject] => 21;6;20.00;5.00;4.00
    [payment_gross] => 
    [shipping] => 5.00
    [ipn_track_id] => cfbbef5e2bb63
)

2015-11-15 02:21:01 : - Validation HTTP : OK
2015-11-15 02:21:01 : -> HTTP/1.1 200 OK

2015-11-15 02:21:01 : -> Date: Sun, 15 Nov 2015 01:21:00 GMT

2015-11-15 02:21:01 : -> Server: Apache

2015-11-15 02:21:01 : -> X-Frame-Options: SAMEORIGIN

2015-11-15 02:21:01 : -> Set-Cookie: c9MWDuvPtT9GIMyPc3jwol1VSlO=H55GgLl7-Hbjov6kb_vxlkwk8sBoOCb8T7zp-myjmh6nIP9ROtFNBGMVGf8nyLuLTRe-M-_tEoT9AWENnIYddpcrnV4zQeBWklmpmKQBlHd-3ZNeLD1UTAbieRnUb6BkwkeqdjGmrHHnwUv5WzuXNc-mltvQZWAr9Z2r-sLqcyWlYuktRiPfZC2pDSrO_8PTFtrDTrV04YAtgHLtKdG3oaus8SderhH8Vl1BYbJx866_5wmm3CtGhmBn1c4srnuccgFmUyoY9CLIFCCMX9xYah1X-J232He9UUqfiB2zPB9xkmsutRFjQG1cbfCzy86c6qQdLCoEilm3Y5ifbFOqpmNq2Aicv87FJdEpe_Q6MfbmXkiQgMey_8abMUxSMA0dwv9aR1SX-cOTh2NPGfcMMEP4GS8_PIffbCGEi5SymRfsqCTVHsV3I98ZPKG; domain=.paypal.com; path=/; Secure; HttpOnly

2015-11-15 02:21:01 : -> Set-Cookie: cookie_check=yes; expires=Wed, 12-Nov-2025 01:21:01 GMT; domain=.paypal.com; path=/; Secure; HttpOnly

2015-11-15 02:21:01 : -> Set-Cookie: navcmd=_notify-validate; domain=.paypal.com; path=/; Secure; HttpOnly

2015-11-15 02:21:01 : -> Set-Cookie: navlns=0.0; expires=Tue, 14-Nov-2017 01:21:01 GMT; domain=.paypal.com; path=/; Secure; HttpOnly

2015-11-15 02:21:01 : -> Set-Cookie: Apache=10.72.108.11.1447550460931791; path=/; expires=Tue, 07-Nov-45 01:21:00 GMT

2015-11-15 02:21:01 : -> Vary: Accept-Encoding,User-Agent

2015-11-15 02:21:01 : -> Connection: close

2015-11-15 02:21:01 : -> Paypal-Debug-Id: 8f3276f8de713

2015-11-15 02:21:01 : -> Set-Cookie: X-PP-SILOVER=name%3DSANDBOX3.WEB.1%26silo_version%3D880%26app%3Dappdispatcher%26TIME%3D4242360150; domain=.paypal.com; path=/; Secure; HttpOnly

2015-11-15 02:21:01 : -> Set-Cookie: X-PP-SILOVER=; Expires=Thu, 01 Jan 1970 00:00:01 GMT

2015-11-15 02:21:01 : -> Set-Cookie: Apache=10.72.128.11.1447550460910806; path=/; expires=Tue, 07-Nov-45 01:21:00 GMT

2015-11-15 02:21:01 : -> Strict-Transport-Security: max-age=14400

2015-11-15 02:21:01 : -> Content-Type: text/html; charset=UTF-8

2015-11-15 02:21:01 : -> 

2015-11-15 02:21:01 : -> VERIFIED
2015-11-15 02:21:01 : - Transaction : OK 
2015-11-15 02:21:01 : - Paiement statut : OK 
2015-11-15 02:21:01 : - Transaction ID : OK 
2015-11-15 02:21:01 : - Compte PayPal : OK 
2015-11-15 02:21:01 : ----------- FIN TRAITEMENT ----------- 
2015-11-15 02:21:01 : - Confirmation de commande
