2015-12-17 21:52:58 : - Debut traitement.
2015-12-17 21:52:58 : - 127.0.0.1
2015-12-17 21:52:58 : - Req : cmd=_notify-validate&mc_gross=59.00&protection_eligibility=Eligible&address_status=unconfirmed&payer_id=S2S8UJ54DG6B4&tax=9.83&address_street=1+Rue+Pierre+Curie&payment_date=12%3A52%3A36+Dec+17%2C+2015+PST&payment_status=Completed&charset=windows-1252&address_zip=63122&first_name=Nathalie&mc_fee=2.26&address_country_code=FR&address_name=Nathalie+++Lefebvre&notify_version=3.8&custom=79%3B30%3B49.17%3B0.00%3B9.83&payer_status=unverified&business=bijoux.secretsdelouise%40gmail.com&address_country=France&address_city=Ceyrat&quantity=1&verify_sign=AzlScIawGKCp.TdoSDiJqXeMPlYmAFBG8KhK4i9LmOWonMHUa3FVqH-a&payer_email=lefebvrenathalie5494%40gmail.com&txn_id=58B52808K9243462X&payment_type=instant&last_name=Lefebvre&address_state=&receiver_email=bijoux.secretsdelouise%40gmail.com&payment_fee=&receiver_id=JJYAPL2AS7KWA&txn_type=web_accept&item_name=Commande+No.79+%22les+secrets+de+Louise%22&mc_currency=EUR&item_number=&residence_country=FR&handling_amount=0.00&transaction_subject=79%3B30%3B49.17%3B0.00%3B9.83&payment_gross=&shipping=0.00&ipn_track_id=fed7cab07f26b
2015-12-17 21:52:59 : - Contenu POST :
2015-12-17 21:52:59 : - Array
(
    [mc_gross] => 59.00
    [protection_eligibility] => Eligible
    [address_status] => unconfirmed
    [payer_id] => S2S8UJ54DG6B4
    [tax] => 9.83
    [address_street] => 1 Rue Pierre Curie
    [payment_date] => 12:52:36 Dec 17, 2015 PST
    [payment_status] => Completed
    [charset] => windows-1252
    [address_zip] => 63122
    [first_name] => Nathalie
    [mc_fee] => 2.26
    [address_country_code] => FR
    [address_name] => Nathalie   Lefebvre
    [notify_version] => 3.8
    [custom] => 79;30;49.17;0.00;9.83
    [payer_status] => unverified
    [business] => bijoux.secretsdelouise@gmail.com
    [address_country] => France
    [address_city] => Ceyrat
    [quantity] => 1
    [verify_sign] => AzlScIawGKCp.TdoSDiJqXeMPlYmAFBG8KhK4i9LmOWonMHUa3FVqH-a
    [payer_email] => lefebvrenathalie5494@gmail.com
    [txn_id] => 58B52808K9243462X
    [payment_type] => instant
    [last_name] => Lefebvre
    [address_state] => 
    [receiver_email] => bijoux.secretsdelouise@gmail.com
    [payment_fee] => 
    [receiver_id] => JJYAPL2AS7KWA
    [txn_type] => web_accept
    [item_name] => Commande No.79 "les secrets de Louise"
    [mc_currency] => EUR
    [item_number] => 
    [residence_country] => FR
    [handling_amount] => 0.00
    [transaction_subject] => 79;30;49.17;0.00;9.83
    [payment_gross] => 
    [shipping] => 0.00
    [ipn_track_id] => fed7cab07f26b
)

2015-12-17 21:52:59 : - Validation HTTP : OK
2015-12-17 21:52:59 : -> HTTP/1.1 200 OK

2015-12-17 21:52:59 : -> Date: Thu, 17 Dec 2015 20:52:58 GMT

2015-12-17 21:52:59 : -> Server: Apache

2015-12-17 21:52:59 : -> X-Frame-Options: SAMEORIGIN

2015-12-17 21:52:59 : -> Set-Cookie: cwrClyrK4LoCV1fydGbAxiNL6iG=4p9xXalXmQVgw1v13ZnQaav-LZctIhMwn0fqYH2RG9rRno3kPsEcR23yvH2euX8cHd_Ah5ewg26CFDdF6QWoUQUmL1MG0Z6mRnW5mfyu_Lr4lEqanomrgXatEuon0omRAoXiEdy8scdlUjY0Eqwd6U2lEHvSZzKeQChD8Wqbzy-pXDlL25qaLye1XMnawoTaoGP9s7vQV1rwTvvBKnVjXwkja-bPWRt85i-AsojxgTU5MDqzLbQQDBNw4TNGvAKh4WK3dYWNSlXABNMi5ulJCScEYeBv1CXjD2Lw1ENWUtFDQslvVcSdrbs_Y8GwiiCDOy3ZcQTDpH2-0JtnqFI8NXv1LqeEiYYVVmi-MdNnM50F05AqYy-OxLReUWXpJakBunZhDyJX5QVveZ_hBITkeiae8BvGiyoMX4qbN3BRaQr02FMc1XWgFP41Vha; domain=.paypal.com; path=/; Secure; HttpOnly

2015-12-17 21:52:59 : -> Set-Cookie: cookie_check=yes; expires=Sun, 14-Dec-2025 20:52:59 GMT; domain=.paypal.com; path=/; Secure; HttpOnly

2015-12-17 21:52:59 : -> Set-Cookie: navcmd=_notify-validate; domain=.paypal.com; path=/; Secure; HttpOnly

2015-12-17 21:52:59 : -> Set-Cookie: navlns=0.0; expires=Sat, 16-Dec-2017 20:52:59 GMT; domain=.paypal.com; path=/; Secure; HttpOnly

2015-12-17 21:52:59 : -> Vary: Accept-Encoding

2015-12-17 21:52:59 : -> Cache-Control: max-age=0, no-cache, no-store, must-revalidate

2015-12-17 21:52:59 : -> Pragma: no-cache

2015-12-17 21:52:59 : -> Strict-Transport-Security: max-age=14400

2015-12-17 21:52:59 : -> Connection: close

2015-12-17 21:52:59 : -> Content-Type: text/html; charset=UTF-8

2015-12-17 21:52:59 : -> 

2015-12-17 21:52:59 : -> VERIFIED
2015-12-17 21:52:59 : - Transaction : OK 
2015-12-17 21:52:59 : - Paiement statut : OK 
2015-12-17 21:52:59 : - Transaction ID : OK 
2015-12-17 21:52:59 : - Compte PayPal : OK 
2015-12-17 21:52:59 : ----------- FIN TRAITEMENT ----------- 
2015-12-17 21:52:59 : - Confirmation de commande
