2015-11-20 13:49:15 : - Debut traitement.
2015-11-20 13:49:15 : - 127.0.0.1
2015-11-20 13:49:15 : - Req : cmd=_notify-validate&mc_gross=44.00&protection_eligibility=Eligible&address_status=unconfirmed&payer_id=DAQCGA4DVKT9Q&tax=6.50&address_street=22+rue+clarac&payment_date=04%3A49%3A01+Nov+20%2C+2015+PST&payment_status=Completed&charset=windows-1252&address_zip=65500&first_name=Marie+pierre&mc_fee=1.75&address_country_code=FR&address_name=Marie+pierre+PALACIOS&notify_version=3.8&custom=38%3B8%3B32.50%3B5.00%3B6.50&payer_status=unverified&business=bijoux.secretsdelouise%40gmail.com&address_country=France&address_city=Vic-En-Bigorre&quantity=1&verify_sign=APreiuMSbjU.2DGNjIKidvhGFbj6AtpEMNrOSSj93yGarpR4l5cjo1TB&payer_email=marie-pierre.palacios%40orange.fr&txn_id=0LM998656C435713X&payment_type=instant&last_name=PALACIOS&address_state=&receiver_email=bijoux.secretsdelouise%40gmail.com&payment_fee=&receiver_id=JJYAPL2AS7KWA&txn_type=web_accept&item_name=Commande+No.38+%22les+secrets+de+Louise%22&mc_currency=EUR&item_number=&residence_country=FR&handling_amount=0.00&transaction_subject=38%3B8%3B32.50%3B5.00%3B6.50&payment_gross=&shipping=5.00&ipn_track_id=4a0d4dba754b8
2015-11-20 13:49:16 : - Contenu POST :
2015-11-20 13:49:16 : - Array
(
    [mc_gross] => 44.00
    [protection_eligibility] => Eligible
    [address_status] => unconfirmed
    [payer_id] => DAQCGA4DVKT9Q
    [tax] => 6.50
    [address_street] => 22 rue clarac
    [payment_date] => 04:49:01 Nov 20, 2015 PST
    [payment_status] => Completed
    [charset] => windows-1252
    [address_zip] => 65500
    [first_name] => Marie pierre
    [mc_fee] => 1.75
    [address_country_code] => FR
    [address_name] => Marie pierre PALACIOS
    [notify_version] => 3.8
    [custom] => 38;8;32.50;5.00;6.50
    [payer_status] => unverified
    [business] => bijoux.secretsdelouise@gmail.com
    [address_country] => France
    [address_city] => Vic-En-Bigorre
    [quantity] => 1
    [verify_sign] => APreiuMSbjU.2DGNjIKidvhGFbj6AtpEMNrOSSj93yGarpR4l5cjo1TB
    [payer_email] => marie-pierre.palacios@orange.fr
    [txn_id] => 0LM998656C435713X
    [payment_type] => instant
    [last_name] => PALACIOS
    [address_state] => 
    [receiver_email] => bijoux.secretsdelouise@gmail.com
    [payment_fee] => 
    [receiver_id] => JJYAPL2AS7KWA
    [txn_type] => web_accept
    [item_name] => Commande No.38 "les secrets de Louise"
    [mc_currency] => EUR
    [item_number] => 
    [residence_country] => FR
    [handling_amount] => 0.00
    [transaction_subject] => 38;8;32.50;5.00;6.50
    [payment_gross] => 
    [shipping] => 5.00
    [ipn_track_id] => 4a0d4dba754b8
)

2015-11-20 13:49:16 : - Validation HTTP : OK
2015-11-20 13:49:17 : -> HTTP/1.1 200 OK

2015-11-20 13:49:17 : -> Date: Fri, 20 Nov 2015 12:49:16 GMT

2015-11-20 13:49:17 : -> Server: Apache

2015-11-20 13:49:17 : -> X-Frame-Options: SAMEORIGIN

2015-11-20 13:49:17 : -> Set-Cookie: cwrClyrK4LoCV1fydGbAxiNL6iG=rU6fdPiQv48X565PG9zdVMy1GOMfRcWSe7GbusRgzk16XKJqosFjlBMO3nBiAae_ZRkOaAi6jdUwG0GlKq-OUYavDlG7ApPYQaQG1mvthHOmEqfDCRHUYnZxzW7s08vwVKEQ0sJe61vPYYFmKAuoQhtReS86dHZRVuhuYHWVUCGSaxraxYD_x9czF-xQUoJAc7GN7QHVeD-LPzRpmyIxh-SrgTF7Z7CdManRGva7boBQUycvNMWM2QQ2crpHafkVPBidvwP9wMjce_F_V2rDDEbmLRf1ozuMwbqhoXyr7fluW5fsDb6w3T42chumDrGN1vF1TggvgHUqTOt3Xm5ao6an8buirTRC4VhArjEDPjthysWP7p_mWrVuiTDAw_4jffB_sJoH6O798hB33KAzAdvpPrtTyrQpXSGUj9F452p8TveA2-szkCM4ijy; domain=.paypal.com; path=/; Secure; HttpOnly

2015-11-20 13:49:17 : -> Set-Cookie: cookie_check=yes; expires=Mon, 17-Nov-2025 12:49:16 GMT; domain=.paypal.com; path=/; Secure; HttpOnly

2015-11-20 13:49:17 : -> Set-Cookie: navcmd=_notify-validate; domain=.paypal.com; path=/; Secure; HttpOnly

2015-11-20 13:49:17 : -> Set-Cookie: navlns=0.0; expires=Sun, 19-Nov-2017 12:49:16 GMT; domain=.paypal.com; path=/; Secure; HttpOnly

2015-11-20 13:49:17 : -> Vary: Accept-Encoding

2015-11-20 13:49:17 : -> Cache-Control: max-age=0, no-cache, no-store, must-revalidate

2015-11-20 13:49:17 : -> Pragma: no-cache

2015-11-20 13:49:17 : -> Strict-Transport-Security: max-age=14400

2015-11-20 13:49:17 : -> Connection: close

2015-11-20 13:49:17 : -> Content-Type: text/html; charset=UTF-8

2015-11-20 13:49:17 : -> 

2015-11-20 13:49:17 : -> VERIFIED
2015-11-20 13:49:17 : - Transaction : OK 
2015-11-20 13:49:17 : - Paiement statut : OK 
2015-11-20 13:49:17 : - Transaction ID : OK 
2015-11-20 13:49:17 : - Compte PayPal : OK 
2015-11-20 13:49:17 : ----------- FIN TRAITEMENT ----------- 
2015-11-20 13:49:17 : - Confirmation de commande
