2015-11-09 11:06:03 : - Debut traitement.
2015-11-09 11:06:03 : - 127.0.0.1
2015-11-09 11:06:03 : - Req : cmd=_notify-validate&mc_gross=42.00&protection_eligibility=Eligible&address_status=unconfirmed&payer_id=5FNDZK3A99Q8L&tax=5.33&address_street=36+route+de+Bordeaux&payment_date=02%3A05%3A15+Nov+09%2C+2015+PST&payment_status=Completed&charset=windows-1252&address_zip=33360&first_name=Christine&mc_fee=1.68&address_country_code=FR&address_name=Javier+Gonzalez&notify_version=3.8&custom=5%3B1%3B26.67%3B10.00%3B5.33&payer_status=verified&business=xav335%40hotmail.com&address_country=France&address_city=Latresne&quantity=1&verify_sign=ANrQ1e86RwzHb8tc9cLtHKRPChx9AI90A1guIPCdAr0tYRPL6RXmxmGE&payer_email=franck%40iconeo.es&txn_id=27377425E3491364U&payment_type=instant&last_name=TENNENBAUM&address_state=&receiver_email=xav335%40hotmail.com&payment_fee=&receiver_id=PVHUN68DV2Y8N&txn_type=web_accept&item_name=Commande+No.5+%22les+secrets+de+Louise%22&mc_currency=EUR&item_number=&residence_country=FR&test_ipn=1&handling_amount=0.00&transaction_subject=5%3B1%3B26.67%3B10.00%3B5.33&payment_gross=&shipping=10.00&ipn_track_id=730607c71fec7
2015-11-09 11:06:04 : - Contenu POST :
2015-11-09 11:06:04 : - Array
(
    [mc_gross] => 42.00
    [protection_eligibility] => Eligible
    [address_status] => unconfirmed
    [payer_id] => 5FNDZK3A99Q8L
    [tax] => 5.33
    [address_street] => 36 route de Bordeaux
    [payment_date] => 02:05:15 Nov 09, 2015 PST
    [payment_status] => Completed
    [charset] => windows-1252
    [address_zip] => 33360
    [first_name] => Christine
    [mc_fee] => 1.68
    [address_country_code] => FR
    [address_name] => Javier Gonzalez
    [notify_version] => 3.8
    [custom] => 5;1;26.67;10.00;5.33
    [payer_status] => verified
    [business] => xav335@hotmail.com
    [address_country] => France
    [address_city] => Latresne
    [quantity] => 1
    [verify_sign] => ANrQ1e86RwzHb8tc9cLtHKRPChx9AI90A1guIPCdAr0tYRPL6RXmxmGE
    [payer_email] => franck@iconeo.es
    [txn_id] => 27377425E3491364U
    [payment_type] => instant
    [last_name] => TENNENBAUM
    [address_state] => 
    [receiver_email] => xav335@hotmail.com
    [payment_fee] => 
    [receiver_id] => PVHUN68DV2Y8N
    [txn_type] => web_accept
    [item_name] => Commande No.5 "les secrets de Louise"
    [mc_currency] => EUR
    [item_number] => 
    [residence_country] => FR
    [test_ipn] => 1
    [handling_amount] => 0.00
    [transaction_subject] => 5;1;26.67;10.00;5.33
    [payment_gross] => 
    [shipping] => 10.00
    [ipn_track_id] => 730607c71fec7
)

2015-11-09 11:06:04 : - Validation HTTP : OK
2015-11-09 11:06:04 : -> HTTP/1.1 200 OK

2015-11-09 11:06:04 : -> Date: Mon, 09 Nov 2015 10:06:04 GMT

2015-11-09 11:06:04 : -> Server: Apache

2015-11-09 11:06:04 : -> X-Frame-Options: SAMEORIGIN

2015-11-09 11:06:04 : -> Set-Cookie: c9MWDuvPtT9GIMyPc3jwol1VSlO=AtIlS9VpqoBL33qDS11X9q9BhqjY4Yb-OU20P-VlaoIxivY4G-O6EaYTxQtdu6prOQ_00_W0zXnt3uPgPgi1jNFTogmqd8-08EpZ5bVa_QPHU30hOvEDY4W1ZmBNOYNESIgcXr4aQoaNYNdQKqyIewjW2T-67yaRs02i_-XFI8LtTb8x_oRibYcJ6p_XuiZptMfVtm2Rs8CKv4e-Sxk1pwoiyRXwfEaME2znYH4qpjOFjCNVq1-OorSboxKJS-D9RT8vEs18EkqeHJt6AmLm3WcgjVn2jpPoXrjEo0R3yvio-YVi78KDfQ3_NBjEhk-U1_FA-9ncTqtDPT4OKnQIp5DjnqEy9Iwe2cvKOWOnqqNFZ3XV2TAXNQv2dzpCxSG9ZrPZX6LOaqiQaw9J0acDwAk4ZgVYojs9Ey9SuvMMTLs9GE79CLfvFof2Ad0; domain=.paypal.com; path=/; Secure; HttpOnly

2015-11-09 11:06:04 : -> Set-Cookie: cookie_check=yes; expires=Thu, 06-Nov-2025 10:06:04 GMT; domain=.paypal.com; path=/; Secure; HttpOnly

2015-11-09 11:06:04 : -> Set-Cookie: navcmd=_notify-validate; domain=.paypal.com; path=/; Secure; HttpOnly

2015-11-09 11:06:04 : -> Set-Cookie: navlns=0.0; expires=Wed, 08-Nov-2017 10:06:04 GMT; domain=.paypal.com; path=/; Secure; HttpOnly

2015-11-09 11:06:04 : -> Set-Cookie: Apache=10.72.108.11.1447063564305253; path=/; expires=Wed, 01-Nov-45 10:06:04 GMT

2015-11-09 11:06:04 : -> Vary: Accept-Encoding,User-Agent

2015-11-09 11:06:04 : -> Connection: close

2015-11-09 11:06:04 : -> Paypal-Debug-Id: c5f769ed45b58

2015-11-09 11:06:04 : -> Set-Cookie: X-PP-SILOVER=name%3DSANDBOX3.WEB.1%26silo_version%3D880%26app%3Dappdispatcher%26TIME%3D208683094; domain=.paypal.com; path=/; Secure; HttpOnly

2015-11-09 11:06:04 : -> Set-Cookie: X-PP-SILOVER=; Expires=Thu, 01 Jan 1970 00:00:01 GMT

2015-11-09 11:06:04 : -> Set-Cookie: Apache=10.72.128.11.1447063564285268; path=/; expires=Wed, 01-Nov-45 10:06:04 GMT

2015-11-09 11:06:04 : -> Strict-Transport-Security: max-age=14400

2015-11-09 11:06:04 : -> Content-Type: text/html; charset=UTF-8

2015-11-09 11:06:04 : -> 

2015-11-09 11:06:04 : -> VERIFIED
2015-11-09 11:06:04 : - Transaction : OK 
2015-11-09 11:06:04 : - Paiement statut : OK 
2015-11-09 11:06:04 : - Transaction ID : OK 
2015-11-09 11:06:04 : - Compte PayPal : OK 
2015-11-09 11:06:04 : ----------- FIN TRAITEMENT ----------- 
2015-11-09 11:06:04 : - Confirmation de commande
