2015-11-04 18:35:34 : - Debut traitement.
2015-11-04 18:35:34 : - 127.0.0.1
2015-11-04 18:35:34 : - Req : cmd=_notify-validate&mc_gross=19.00&protection_eligibility=Eligible&address_status=unconfirmed&payer_id=D3R3G2JPH8GM2&tax=2.33&address_street=20+av+de+la+for%C3%AAt&payment_date=09%3A35%3A29+Nov+04%2C+2015+PST&payment_status=Completed&charset=windows-1252&address_zip=33700&first_name=Christine&mc_fee=0.90&address_country_code=FR&address_name=John+Wayne&notify_version=3.8&custom=3%3B3%3B11.67%3B5.00%3B2.33&payer_status=verified&business=xav335%40hotmail.com&address_country=France&address_city=Merignac&quantity=1&verify_sign=AVe2jpBXWHysvcRTzJ1y2yP-EWtmA.COaQhABw0BlJlly8Cdr1Z0W792&payer_email=xavier%40iconeo.es&txn_id=2VG17097EK533914R&payment_type=instant&payer_business_name=Christine+TENNENBAUM%27s+Test+Store&last_name=TENNENBAUM&address_state=&receiver_email=xav335%40hotmail.com&payment_fee=&receiver_id=PVHUN68DV2Y8N&txn_type=web_accept&item_name=Ma+commande+%22les+secrets+de+Louise%22&mc_currency=EUR&item_number=&residence_country=FR&test_ipn=1&handling_amount=0.00&transaction_subject=3%3B3%3B11.67%3B5.00%3B2.33&payment_gross=&shipping=5.00&ipn_track_id=26ffef5f298fd
2015-11-04 18:35:35 : - Contenu POST :
2015-11-04 18:35:35 : - Array
(
    [mc_gross] => 19.00
    [protection_eligibility] => Eligible
    [address_status] => unconfirmed
    [payer_id] => D3R3G2JPH8GM2
    [tax] => 2.33
    [address_street] => 20 av de la forêt
    [payment_date] => 09:35:29 Nov 04, 2015 PST
    [payment_status] => Completed
    [charset] => windows-1252
    [address_zip] => 33700
    [first_name] => Christine
    [mc_fee] => 0.90
    [address_country_code] => FR
    [address_name] => John Wayne
    [notify_version] => 3.8
    [custom] => 3;3;11.67;5.00;2.33
    [payer_status] => verified
    [business] => xav335@hotmail.com
    [address_country] => France
    [address_city] => Merignac
    [quantity] => 1
    [verify_sign] => AVe2jpBXWHysvcRTzJ1y2yP-EWtmA.COaQhABw0BlJlly8Cdr1Z0W792
    [payer_email] => xavier@iconeo.es
    [txn_id] => 2VG17097EK533914R
    [payment_type] => instant
    [payer_business_name] => Christine TENNENBAUM's Test Store
    [last_name] => TENNENBAUM
    [address_state] => 
    [receiver_email] => xav335@hotmail.com
    [payment_fee] => 
    [receiver_id] => PVHUN68DV2Y8N
    [txn_type] => web_accept
    [item_name] => Ma commande "les secrets de Louise"
    [mc_currency] => EUR
    [item_number] => 
    [residence_country] => FR
    [test_ipn] => 1
    [handling_amount] => 0.00
    [transaction_subject] => 3;3;11.67;5.00;2.33
    [payment_gross] => 
    [shipping] => 5.00
    [ipn_track_id] => 26ffef5f298fd
)

2015-11-04 18:35:35 : - Validation HTTP : OK
2015-11-04 18:35:35 : -> HTTP/1.1 200 OK

2015-11-04 18:35:35 : -> Date: Wed, 04 Nov 2015 17:35:35 GMT

2015-11-04 18:35:35 : -> Server: Apache

2015-11-04 18:35:35 : -> X-Frame-Options: SAMEORIGIN

2015-11-04 18:35:35 : -> Set-Cookie: c9MWDuvPtT9GIMyPc3jwol1VSlO=oksohR4FXWjf5vur4yQ7aPVg8ySNmMYZ9G4MJ8-ixnrN1WiaMgzwmPUQZJ3QfEuP643vhwO5HPGBX4_xrs43Cq1hNA9vvwap0BmvJ8AEjEddOWnF3VEhEqs-NPn6NmTG5X1Wl9MqzSh0212W6WRFTHrvRf8GPNYmWd8plaiwmz2I6TfvivhIL-rlmzxuez3FwfgZZHB2gLUsmIu_2lCAUlMLMIuB1aM0WCx9m53oVvtjKkATCpgvtvuLh-AMQVXLkk7oqbh12PThkeqCATVdUOg2G6loI0hqXLaR9tOrywh-yTW0lXl2xfOgkRARInuSIkfE-v41w2vFWussqHjqiGo4CeBopPFsp6OYqo10TqTL_OPnNmxDmN77HYbESR0G_oJLsomUGsIXBqA5WHQwf5_EUJu0z22esDg26yrRX-Z5peEBuPNmMbT53Gq; domain=.paypal.com; path=/; Secure; HttpOnly

2015-11-04 18:35:35 : -> Set-Cookie: cookie_check=yes; expires=Sat, 01-Nov-2025 17:35:35 GMT; domain=.paypal.com; path=/; Secure; HttpOnly

2015-11-04 18:35:35 : -> Set-Cookie: navcmd=_notify-validate; domain=.paypal.com; path=/; Secure; HttpOnly

2015-11-04 18:35:35 : -> Set-Cookie: navlns=0.0; expires=Fri, 03-Nov-2017 17:35:35 GMT; domain=.paypal.com; path=/; Secure; HttpOnly

2015-11-04 18:35:35 : -> Set-Cookie: Apache=10.72.108.11.1446658535180559; path=/; expires=Fri, 27-Oct-45 17:35:35 GMT

2015-11-04 18:35:35 : -> Vary: Accept-Encoding,User-Agent

2015-11-04 18:35:35 : -> Connection: close

2015-11-04 18:35:35 : -> Paypal-Debug-Id: 1e94a018276b7

2015-11-04 18:35:35 : -> Set-Cookie: X-PP-SILOVER=name%3DSANDBOX3.WEB.1%26silo_version%3D880%26app%3Dappdispatcher%26TIME%3D3879811670; domain=.paypal.com; path=/; Secure; HttpOnly

2015-11-04 18:35:35 : -> Set-Cookie: X-PP-SILOVER=; Expires=Thu, 01 Jan 1970 00:00:01 GMT

2015-11-04 18:35:35 : -> Set-Cookie: Apache=10.72.128.11.1446658535161166; path=/; expires=Fri, 27-Oct-45 17:35:35 GMT

2015-11-04 18:35:35 : -> Strict-Transport-Security: max-age=14400

2015-11-04 18:35:35 : -> Content-Type: text/html; charset=UTF-8

2015-11-04 18:35:35 : -> 

2015-11-04 18:35:35 : -> VERIFIED
2015-11-04 18:35:35 : - Transaction : OK 
2015-11-04 18:35:35 : - Paiement statut : OK 
2015-11-04 18:35:35 : - Transaction ID : OK 
2015-11-04 18:35:35 : - Compte PayPal : OK 
2015-11-04 18:54:04 : - Debut traitement.
2015-11-04 18:54:04 : - 127.0.0.1
2015-11-04 18:54:04 : - Req : cmd=_notify-validate&mc_gross=19.00&protection_eligibility=Eligible&address_status=unconfirmed&payer_id=D3R3G2JPH8GM2&tax=2.33&address_street=20+av+de+la+for%C3%AAt&payment_date=09%3A35%3A29+Nov+04%2C+2015+PST&payment_status=Completed&charset=windows-1252&address_zip=33700&first_name=Christine&mc_fee=0.90&address_country_code=FR&address_name=John+Wayne&notify_version=3.8&custom=3%3B3%3B11.67%3B5.00%3B2.33&payer_status=verified&business=xav335%40hotmail.com&address_country=France&address_city=Merignac&quantity=1&verify_sign=AVe2jpBXWHysvcRTzJ1y2yP-EWtmA.COaQhABw0BlJlly8Cdr1Z0W792&payer_email=xavier%40iconeo.es&txn_id=2VG17097EK533914R&payment_type=instant&payer_business_name=Christine+TENNENBAUM%27s+Test+Store&last_name=TENNENBAUM&address_state=&receiver_email=xav335%40hotmail.com&payment_fee=&receiver_id=PVHUN68DV2Y8N&txn_type=web_accept&item_name=Ma+commande+%22les+secrets+de+Louise%22&mc_currency=EUR&item_number=&residence_country=FR&test_ipn=1&handling_amount=0.00&transaction_subject=3%3B3%3B11.67%3B5.00%3B2.33&payment_gross=&shipping=5.00&ipn_track_id=26ffef5f298fd
2015-11-04 18:54:04 : - Contenu POST :
2015-11-04 18:54:04 : - Array
(
    [mc_gross] => 19.00
    [protection_eligibility] => Eligible
    [address_status] => unconfirmed
    [payer_id] => D3R3G2JPH8GM2
    [tax] => 2.33
    [address_street] => 20 av de la forêt
    [payment_date] => 09:35:29 Nov 04, 2015 PST
    [payment_status] => Completed
    [charset] => windows-1252
    [address_zip] => 33700
    [first_name] => Christine
    [mc_fee] => 0.90
    [address_country_code] => FR
    [address_name] => John Wayne
    [notify_version] => 3.8
    [custom] => 3;3;11.67;5.00;2.33
    [payer_status] => verified
    [business] => xav335@hotmail.com
    [address_country] => France
    [address_city] => Merignac
    [quantity] => 1
    [verify_sign] => AVe2jpBXWHysvcRTzJ1y2yP-EWtmA.COaQhABw0BlJlly8Cdr1Z0W792
    [payer_email] => xavier@iconeo.es
    [txn_id] => 2VG17097EK533914R
    [payment_type] => instant
    [payer_business_name] => Christine TENNENBAUM's Test Store
    [last_name] => TENNENBAUM
    [address_state] => 
    [receiver_email] => xav335@hotmail.com
    [payment_fee] => 
    [receiver_id] => PVHUN68DV2Y8N
    [txn_type] => web_accept
    [item_name] => Ma commande "les secrets de Louise"
    [mc_currency] => EUR
    [item_number] => 
    [residence_country] => FR
    [test_ipn] => 1
    [handling_amount] => 0.00
    [transaction_subject] => 3;3;11.67;5.00;2.33
    [payment_gross] => 
    [shipping] => 5.00
    [ipn_track_id] => 26ffef5f298fd
)

2015-11-04 18:54:04 : - Validation HTTP : OK
2015-11-04 18:54:05 : -> HTTP/1.1 200 OK

2015-11-04 18:54:05 : -> Date: Wed, 04 Nov 2015 17:54:04 GMT

2015-11-04 18:54:05 : -> Server: Apache

2015-11-04 18:54:05 : -> Set-Cookie: Apache=10.72.108.11.1446659644700276; path=/; expires=Fri, 27-Oct-45 17:54:04 GMT

2015-11-04 18:54:05 : -> Vary: Accept-Encoding,User-Agent

2015-11-04 18:54:05 : -> Connection: close

2015-11-04 18:54:05 : -> Content-Length: 54

2015-11-04 18:54:05 : -> Paypal-Debug-Id: bf93d8eca5ee9

2015-11-04 18:54:05 : -> Set-Cookie: X-PP-SILOVER=name%3DSANDBOX3.WEB.1%26silo_version%3D880%26app%3Dappdispatcher%26TIME%3D1011235414; domain=.paypal.com; path=/; Secure; HttpOnly

2015-11-04 18:54:05 : -> Set-Cookie: X-PP-SILOVER=; Expires=Thu, 01 Jan 1970 00:00:01 GMT

2015-11-04 18:54:05 : -> Set-Cookie: Apache=10.72.128.11.1446659644679377; path=/; expires=Fri, 27-Oct-45 17:54:04 GMT

2015-11-04 18:54:05 : -> Strict-Transport-Security: max-age=14400

2015-11-04 18:54:05 : -> Content-Type: text/html; charset=ISO-8859-1

2015-11-04 18:54:05 : -> 

2015-11-04 18:54:05 : -> <html>

2015-11-04 18:54:05 : -> <body>

2015-11-04 18:54:05 : -> Fatal Failure <br>

2015-11-04 18:54:05 : -> </body>

2015-11-04 18:54:05 : -> </html>

2015-11-04 18:54:05 : ----------- FIN TRAITEMENT ----------- 
2015-11-04 18:54:05 : - Commande annulee
2015-11-05 20:54:31 : - Debut traitement.
2015-11-05 20:54:31 : - 127.0.0.1
2015-11-05 20:54:31 : - Req : cmd=_notify-validate&mc_gross=58.00&protection_eligibility=Eligible&address_status=unconfirmed&payer_id=D3R3G2JPH8GM2&tax=8.00&address_street=36+route+de+Bordeaux&payment_date=11%3A54%3A24+Nov+05%2C+2015+PST&payment_status=Completed&charset=windows-1252&address_zip=33360&first_name=Christine&mc_fee=2.22&address_country_code=FR&address_name=Javier+Gonzalez&notify_version=3.8&custom=3%3B1%3B40.00%3B10.00%3B8.00&payer_status=verified&business=xav335%40hotmail.com&address_country=France&address_city=Latresne&quantity=1&verify_sign=A6I-pa350o2ua3qt2Mi-3SL9VgrmAnHBHYw-WLIsg3izfyPf.gaEgoPC&payer_email=xavier%40iconeo.es&txn_id=7L111942531132721&payment_type=instant&payer_business_name=Christine+TENNENBAUM%27s+Test+Store&last_name=TENNENBAUM&address_state=&receiver_email=xav335%40hotmail.com&payment_fee=&receiver_id=PVHUN68DV2Y8N&txn_type=web_accept&item_name=Ma+commande+%22les+secrets+de+Louise%22&mc_currency=EUR&item_number=&residence_country=FR&test_ipn=1&handling_amount=0.00&transaction_subject=3%3B1%3B40.00%3B10.00%3B8.00&payment_gross=&shipping=10.00&ipn_track_id=a4326eb475c1d
2015-11-05 20:54:32 : - Contenu POST :
2015-11-05 20:54:32 : - Array
(
    [mc_gross] => 58.00
    [protection_eligibility] => Eligible
    [address_status] => unconfirmed
    [payer_id] => D3R3G2JPH8GM2
    [tax] => 8.00
    [address_street] => 36 route de Bordeaux
    [payment_date] => 11:54:24 Nov 05, 2015 PST
    [payment_status] => Completed
    [charset] => windows-1252
    [address_zip] => 33360
    [first_name] => Christine
    [mc_fee] => 2.22
    [address_country_code] => FR
    [address_name] => Javier Gonzalez
    [notify_version] => 3.8
    [custom] => 3;1;40.00;10.00;8.00
    [payer_status] => verified
    [business] => xav335@hotmail.com
    [address_country] => France
    [address_city] => Latresne
    [quantity] => 1
    [verify_sign] => A6I-pa350o2ua3qt2Mi-3SL9VgrmAnHBHYw-WLIsg3izfyPf.gaEgoPC
    [payer_email] => xavier@iconeo.es
    [txn_id] => 7L111942531132721
    [payment_type] => instant
    [payer_business_name] => Christine TENNENBAUM's Test Store
    [last_name] => TENNENBAUM
    [address_state] => 
    [receiver_email] => xav335@hotmail.com
    [payment_fee] => 
    [receiver_id] => PVHUN68DV2Y8N
    [txn_type] => web_accept
    [item_name] => Ma commande "les secrets de Louise"
    [mc_currency] => EUR
    [item_number] => 
    [residence_country] => FR
    [test_ipn] => 1
    [handling_amount] => 0.00
    [transaction_subject] => 3;1;40.00;10.00;8.00
    [payment_gross] => 
    [shipping] => 10.00
    [ipn_track_id] => a4326eb475c1d
)

2015-11-05 20:54:32 : - Validation HTTP : OK
2015-11-05 20:54:32 : -> HTTP/1.1 200 OK

2015-11-05 20:54:32 : -> Date: Thu, 05 Nov 2015 19:54:32 GMT

2015-11-05 20:54:32 : -> Server: Apache

2015-11-05 20:54:32 : -> X-Frame-Options: SAMEORIGIN

2015-11-05 20:54:32 : -> Set-Cookie: c9MWDuvPtT9GIMyPc3jwol1VSlO=aVFlHghhEugV9ZM7FTQAX32Nfwrc38vJXopRsg1wmFE9uIy-6_IN5fmbJcXT-VzJmA_qiBwbjMRhgfV0ZO_pNvIQ6jtjX7yhuxgMi600cIWtcznpDv3hFuzZGo-UCYMLgB-oUYYYEPAGrznbKS2V8I3-e0YBPlmauOVesaYapm1w6jEPSvGglRtCNdVIeTGn66a0y31IziUdH4tVk4e1yMZFOd3S6OzIx2vhwiqcRyjZ6u-jdtHi8Df6rGusJpVvwsJbk8GvlEHK1rYrCybxvoi4NH1t8J4MvoPTatt30UXUP1Oh1YOQZyXPJmaF0wLUOGt2wxQDY3-8nVCAFP6XWUDdLMKV91Nomq_o6AAxr_7KdZvihE985j8QWn2fUHzcbKphayWjTt1ZEGyDy4zNkGU7jPrnDH-TQx6bRiPnOh8GztwflzUGJ64VGGC; domain=.paypal.com; path=/; Secure; HttpOnly

2015-11-05 20:54:32 : -> Set-Cookie: cookie_check=yes; expires=Sun, 02-Nov-2025 19:54:32 GMT; domain=.paypal.com; path=/; Secure; HttpOnly

2015-11-05 20:54:32 : -> Set-Cookie: navcmd=_notify-validate; domain=.paypal.com; path=/; Secure; HttpOnly

2015-11-05 20:54:32 : -> Set-Cookie: navlns=0.0; expires=Sat, 04-Nov-2017 19:54:32 GMT; domain=.paypal.com; path=/; Secure; HttpOnly

2015-11-05 20:54:32 : -> Set-Cookie: Apache=10.72.108.11.1446753272364328; path=/; expires=Sat, 28-Oct-45 19:54:32 GMT

2015-11-05 20:54:32 : -> Vary: Accept-Encoding,User-Agent

2015-11-05 20:54:32 : -> Connection: close

2015-11-05 20:54:32 : -> Paypal-Debug-Id: 49aa9b23550d1

2015-11-05 20:54:32 : -> Set-Cookie: X-PP-SILOVER=name%3DSANDBOX3.WEB.1%26silo_version%3D880%26app%3Dappdispatcher%26TIME%3D4172495702; domain=.paypal.com; path=/; Secure; HttpOnly

2015-11-05 20:54:32 : -> Set-Cookie: X-PP-SILOVER=; Expires=Thu, 01 Jan 1970 00:00:01 GMT

2015-11-05 20:54:32 : -> Set-Cookie: Apache=10.72.128.11.1446753272348138; path=/; expires=Sat, 28-Oct-45 19:54:32 GMT

2015-11-05 20:54:32 : -> Strict-Transport-Security: max-age=14400

2015-11-05 20:54:32 : -> Content-Type: text/html; charset=UTF-8

2015-11-05 20:54:32 : -> 

2015-11-05 20:54:32 : -> VERIFIED
2015-11-05 20:54:32 : - Transaction : OK 
2015-11-05 20:54:32 : - Paiement statut : OK 
2015-11-05 20:54:32 : - Transaction ID : OK 
2015-11-05 20:54:32 : - Compte PayPal : OK 
2015-11-05 20:54:47 : - Debut traitement.
2015-11-05 20:54:47 : - 127.0.0.1
2015-11-05 20:54:47 : - Req : cmd=_notify-validate&mc_gross=58.00&protection_eligibility=Eligible&address_status=unconfirmed&payer_id=D3R3G2JPH8GM2&tax=8.00&address_street=36+route+de+Bordeaux&payment_date=11%3A54%3A24+Nov+05%2C+2015+PST&payment_status=Completed&charset=windows-1252&address_zip=33360&first_name=Christine&mc_fee=2.22&address_country_code=FR&address_name=Javier+Gonzalez&notify_version=3.8&custom=3%3B1%3B40.00%3B10.00%3B8.00&payer_status=verified&business=xav335%40hotmail.com&address_country=France&address_city=Latresne&quantity=1&verify_sign=A6I-pa350o2ua3qt2Mi-3SL9VgrmAnHBHYw-WLIsg3izfyPf.gaEgoPC&payer_email=xavier%40iconeo.es&txn_id=7L111942531132721&payment_type=instant&payer_business_name=Christine+TENNENBAUM%27s+Test+Store&last_name=TENNENBAUM&address_state=&receiver_email=xav335%40hotmail.com&payment_fee=&receiver_id=PVHUN68DV2Y8N&txn_type=web_accept&item_name=Ma+commande+%22les+secrets+de+Louise%22&mc_currency=EUR&item_number=&residence_country=FR&test_ipn=1&handling_amount=0.00&transaction_subject=3%3B1%3B40.00%3B10.00%3B8.00&payment_gross=&shipping=10.00&ipn_track_id=a4326eb475c1d
2015-11-05 20:54:48 : - Contenu POST :
2015-11-05 20:54:48 : - Array
(
    [mc_gross] => 58.00
    [protection_eligibility] => Eligible
    [address_status] => unconfirmed
    [payer_id] => D3R3G2JPH8GM2
    [tax] => 8.00
    [address_street] => 36 route de Bordeaux
    [payment_date] => 11:54:24 Nov 05, 2015 PST
    [payment_status] => Completed
    [charset] => windows-1252
    [address_zip] => 33360
    [first_name] => Christine
    [mc_fee] => 2.22
    [address_country_code] => FR
    [address_name] => Javier Gonzalez
    [notify_version] => 3.8
    [custom] => 3;1;40.00;10.00;8.00
    [payer_status] => verified
    [business] => xav335@hotmail.com
    [address_country] => France
    [address_city] => Latresne
    [quantity] => 1
    [verify_sign] => A6I-pa350o2ua3qt2Mi-3SL9VgrmAnHBHYw-WLIsg3izfyPf.gaEgoPC
    [payer_email] => xavier@iconeo.es
    [txn_id] => 7L111942531132721
    [payment_type] => instant
    [payer_business_name] => Christine TENNENBAUM's Test Store
    [last_name] => TENNENBAUM
    [address_state] => 
    [receiver_email] => xav335@hotmail.com
    [payment_fee] => 
    [receiver_id] => PVHUN68DV2Y8N
    [txn_type] => web_accept
    [item_name] => Ma commande "les secrets de Louise"
    [mc_currency] => EUR
    [item_number] => 
    [residence_country] => FR
    [test_ipn] => 1
    [handling_amount] => 0.00
    [transaction_subject] => 3;1;40.00;10.00;8.00
    [payment_gross] => 
    [shipping] => 10.00
    [ipn_track_id] => a4326eb475c1d
)

2015-11-05 20:54:48 : - Validation HTTP : OK
2015-11-05 20:54:48 : -> HTTP/1.1 200 OK

2015-11-05 20:54:48 : -> Date: Thu, 05 Nov 2015 19:54:48 GMT

2015-11-05 20:54:48 : -> Server: Apache

2015-11-05 20:54:48 : -> X-Frame-Options: SAMEORIGIN

2015-11-05 20:54:48 : -> Set-Cookie: c9MWDuvPtT9GIMyPc3jwol1VSlO=H-9Iq5ddVFlPMuLrlh-QbFJJIEztfRodhma6dmeQISqL03AuSxoBWLjWzW0Wer5tPHpy_lyGWcFqm84nH44YEqtmhVpGLQgtHwjzw4Q6v9rBASEsx4Dn8kWKA_PcFzCw2FhU54HnGP4ELXnBrbPUYXmQOS3wtyTtiHZQKtFuD9Ln4S-ghcXFt_fTcEYfkFArffyMA99s6KQMdX1ejtBzxUiH0CkAdK0L_lNLH7mk2q0MJm2wtoyDWGQp8BNGF-1bcrDig4TasxSd3FxGVWLxOczQ2gmUgCGr37_4GIDIy_EO8e8gAUYeBhtPnSe1jtqxKwpe2Y_D5IMwUAdHYUqY3ECqfBi0aIxYDJXCJqzzRdCKSPJgueDikWpM_Wl_L8_6GCnl49kfde9gTMkWnIHLVXjS9cXfxt-AFufXyxE5DKB8Hg-Pp6rD_u1KDEi; domain=.paypal.com; path=/; Secure; HttpOnly

2015-11-05 20:54:48 : -> Set-Cookie: cookie_check=yes; expires=Sun, 02-Nov-2025 19:54:48 GMT; domain=.paypal.com; path=/; Secure; HttpOnly

2015-11-05 20:54:48 : -> Set-Cookie: navcmd=_notify-validate; domain=.paypal.com; path=/; Secure; HttpOnly

2015-11-05 20:54:48 : -> Set-Cookie: navlns=0.0; expires=Sat, 04-Nov-2017 19:54:48 GMT; domain=.paypal.com; path=/; Secure; HttpOnly

2015-11-05 20:54:48 : -> Set-Cookie: Apache=10.72.108.11.1446753288115476; path=/; expires=Sat, 28-Oct-45 19:54:48 GMT

2015-11-05 20:54:48 : -> Vary: Accept-Encoding,User-Agent

2015-11-05 20:54:48 : -> Connection: close

2015-11-05 20:54:48 : -> Paypal-Debug-Id: 51109fb0182b3

2015-11-05 20:54:48 : -> Set-Cookie: X-PP-SILOVER=name%3DSANDBOX3.WEB.1%26silo_version%3D880%26app%3Dappdispatcher%26TIME%3D146029398; domain=.paypal.com; path=/; Secure; HttpOnly

2015-11-05 20:54:48 : -> Set-Cookie: X-PP-SILOVER=; Expires=Thu, 01 Jan 1970 00:00:01 GMT

2015-11-05 20:54:48 : -> Set-Cookie: Apache=10.72.128.11.1446753288098764; path=/; expires=Sat, 28-Oct-45 19:54:48 GMT

2015-11-05 20:54:48 : -> Strict-Transport-Security: max-age=14400

2015-11-05 20:54:48 : -> Content-Type: text/html; charset=UTF-8

2015-11-05 20:54:48 : -> 

2015-11-05 20:54:48 : -> VERIFIED
2015-11-05 20:54:48 : - Transaction : OK 
2015-11-05 20:54:48 : - Paiement statut : OK 
2015-11-05 20:54:48 : - Transaction ID : OK 
2015-11-05 20:54:48 : - Compte PayPal : OK 
2015-11-05 20:55:16 : - Debut traitement.
2015-11-05 20:55:16 : - 127.0.0.1
2015-11-05 20:55:16 : - Req : cmd=_notify-validate&mc_gross=58.00&protection_eligibility=Eligible&address_status=unconfirmed&payer_id=D3R3G2JPH8GM2&tax=8.00&address_street=36+route+de+Bordeaux&payment_date=11%3A54%3A24+Nov+05%2C+2015+PST&payment_status=Completed&charset=windows-1252&address_zip=33360&first_name=Christine&mc_fee=2.22&address_country_code=FR&address_name=Javier+Gonzalez&notify_version=3.8&custom=3%3B1%3B40.00%3B10.00%3B8.00&payer_status=verified&business=xav335%40hotmail.com&address_country=France&address_city=Latresne&quantity=1&verify_sign=A6I-pa350o2ua3qt2Mi-3SL9VgrmAnHBHYw-WLIsg3izfyPf.gaEgoPC&payer_email=xavier%40iconeo.es&txn_id=7L111942531132721&payment_type=instant&payer_business_name=Christine+TENNENBAUM%27s+Test+Store&last_name=TENNENBAUM&address_state=&receiver_email=xav335%40hotmail.com&payment_fee=&receiver_id=PVHUN68DV2Y8N&txn_type=web_accept&item_name=Ma+commande+%22les+secrets+de+Louise%22&mc_currency=EUR&item_number=&residence_country=FR&test_ipn=1&handling_amount=0.00&transaction_subject=3%3B1%3B40.00%3B10.00%3B8.00&payment_gross=&shipping=10.00&ipn_track_id=a4326eb475c1d
2015-11-05 20:55:17 : - Contenu POST :
2015-11-05 20:55:17 : - Array
(
    [mc_gross] => 58.00
    [protection_eligibility] => Eligible
    [address_status] => unconfirmed
    [payer_id] => D3R3G2JPH8GM2
    [tax] => 8.00
    [address_street] => 36 route de Bordeaux
    [payment_date] => 11:54:24 Nov 05, 2015 PST
    [payment_status] => Completed
    [charset] => windows-1252
    [address_zip] => 33360
    [first_name] => Christine
    [mc_fee] => 2.22
    [address_country_code] => FR
    [address_name] => Javier Gonzalez
    [notify_version] => 3.8
    [custom] => 3;1;40.00;10.00;8.00
    [payer_status] => verified
    [business] => xav335@hotmail.com
    [address_country] => France
    [address_city] => Latresne
    [quantity] => 1
    [verify_sign] => A6I-pa350o2ua3qt2Mi-3SL9VgrmAnHBHYw-WLIsg3izfyPf.gaEgoPC
    [payer_email] => xavier@iconeo.es
    [txn_id] => 7L111942531132721
    [payment_type] => instant
    [payer_business_name] => Christine TENNENBAUM's Test Store
    [last_name] => TENNENBAUM
    [address_state] => 
    [receiver_email] => xav335@hotmail.com
    [payment_fee] => 
    [receiver_id] => PVHUN68DV2Y8N
    [txn_type] => web_accept
    [item_name] => Ma commande "les secrets de Louise"
    [mc_currency] => EUR
    [item_number] => 
    [residence_country] => FR
    [test_ipn] => 1
    [handling_amount] => 0.00
    [transaction_subject] => 3;1;40.00;10.00;8.00
    [payment_gross] => 
    [shipping] => 10.00
    [ipn_track_id] => a4326eb475c1d
)

2015-11-05 20:55:17 : - Validation HTTP : OK
2015-11-05 20:55:17 : -> HTTP/1.1 200 OK

2015-11-05 20:55:17 : -> Date: Thu, 05 Nov 2015 19:55:17 GMT

2015-11-05 20:55:17 : -> Server: Apache

2015-11-05 20:55:17 : -> X-Frame-Options: SAMEORIGIN

2015-11-05 20:55:17 : -> Set-Cookie: c9MWDuvPtT9GIMyPc3jwol1VSlO=kmE-pxF60BE4R3SmcLK3-ZDTlpjR6FkrLd_ku973Wtij47vi6QoLgB6VHjazRyUl3A5pm3UzkKT7_twWmMjWpRoTUArJQeDNYwwi3wPSn6QvqQ04Is206Rm0lOG0C9WKeDqe92ArOVyzUn3pa940psynrWnKhNuqBqNc7_vD_o0g1yT028OzFUqUbi-1pQDUAS04QrfRvsIkX4S_RsYvOh2xGBeEoFUUUUwfbP-uCdps6MroMabLqRkEQPVZf2xM5lhhiYMu7EMsPRnvm1BQBiY5tvsCo7ZJ5E5-z08jef1c1JOYlmxltTc95XUrqkskNQHh9e6ecEX8i9ONjpjqkLS2n3HXalhqMariV3At8EawkyRhJfpGfKjWCDu1hNmh3GSTEC2jFO4ZRU7_L1b79vQ8wSn7Z7hJiIzasmlyb1mVylLMclPRcmK5yKy; domain=.paypal.com; path=/; Secure; HttpOnly

2015-11-05 20:55:17 : -> Set-Cookie: cookie_check=yes; expires=Sun, 02-Nov-2025 19:55:17 GMT; domain=.paypal.com; path=/; Secure; HttpOnly

2015-11-05 20:55:17 : -> Set-Cookie: navcmd=_notify-validate; domain=.paypal.com; path=/; Secure; HttpOnly

2015-11-05 20:55:17 : -> Set-Cookie: navlns=0.0; expires=Sat, 04-Nov-2017 19:55:17 GMT; domain=.paypal.com; path=/; Secure; HttpOnly

2015-11-05 20:55:17 : -> Set-Cookie: Apache=10.72.108.11.1446753317095025; path=/; expires=Sat, 28-Oct-45 19:55:17 GMT

2015-11-05 20:55:17 : -> Vary: Accept-Encoding,User-Agent

2015-11-05 20:55:17 : -> Connection: close

2015-11-05 20:55:17 : -> Paypal-Debug-Id: d318d88d11a89

2015-11-05 20:55:17 : -> Set-Cookie: X-PP-SILOVER=name%3DSANDBOX3.WEB.1%26silo_version%3D880%26app%3Dappdispatcher%26TIME%3D632568662; domain=.paypal.com; path=/; Secure; HttpOnly

2015-11-05 20:55:17 : -> Set-Cookie: X-PP-SILOVER=; Expires=Thu, 01 Jan 1970 00:00:01 GMT

2015-11-05 20:55:17 : -> Set-Cookie: Apache=10.72.128.11.1446753317072027; path=/; expires=Sat, 28-Oct-45 19:55:17 GMT

2015-11-05 20:55:17 : -> Strict-Transport-Security: max-age=14400

2015-11-05 20:55:17 : -> Content-Type: text/html; charset=UTF-8

2015-11-05 20:55:17 : -> 

2015-11-05 20:55:17 : -> VERIFIED
2015-11-05 20:55:17 : - Transaction : OK 
2015-11-05 20:55:17 : - Paiement statut : OK 
2015-11-05 20:55:17 : - Transaction ID : OK 
2015-11-05 20:55:17 : - Compte PayPal : OK 
2015-11-05 20:56:06 : - Debut traitement.
2015-11-05 20:56:06 : - 127.0.0.1
2015-11-05 20:56:06 : - Req : cmd=_notify-validate&mc_gross=58.00&protection_eligibility=Eligible&address_status=unconfirmed&payer_id=D3R3G2JPH8GM2&tax=8.00&address_street=36+route+de+Bordeaux&payment_date=11%3A54%3A24+Nov+05%2C+2015+PST&payment_status=Completed&charset=windows-1252&address_zip=33360&first_name=Christine&mc_fee=2.22&address_country_code=FR&address_name=Javier+Gonzalez&notify_version=3.8&custom=3%3B1%3B40.00%3B10.00%3B8.00&payer_status=verified&business=xav335%40hotmail.com&address_country=France&address_city=Latresne&quantity=1&verify_sign=A6I-pa350o2ua3qt2Mi-3SL9VgrmAnHBHYw-WLIsg3izfyPf.gaEgoPC&payer_email=xavier%40iconeo.es&txn_id=7L111942531132721&payment_type=instant&payer_business_name=Christine+TENNENBAUM%27s+Test+Store&last_name=TENNENBAUM&address_state=&receiver_email=xav335%40hotmail.com&payment_fee=&receiver_id=PVHUN68DV2Y8N&txn_type=web_accept&item_name=Ma+commande+%22les+secrets+de+Louise%22&mc_currency=EUR&item_number=&residence_country=FR&test_ipn=1&handling_amount=0.00&transaction_subject=3%3B1%3B40.00%3B10.00%3B8.00&payment_gross=&shipping=10.00&ipn_track_id=a4326eb475c1d
2015-11-05 20:56:07 : - Contenu POST :
2015-11-05 20:56:07 : - Array
(
    [mc_gross] => 58.00
    [protection_eligibility] => Eligible
    [address_status] => unconfirmed
    [payer_id] => D3R3G2JPH8GM2
    [tax] => 8.00
    [address_street] => 36 route de Bordeaux
    [payment_date] => 11:54:24 Nov 05, 2015 PST
    [payment_status] => Completed
    [charset] => windows-1252
    [address_zip] => 33360
    [first_name] => Christine
    [mc_fee] => 2.22
    [address_country_code] => FR
    [address_name] => Javier Gonzalez
    [notify_version] => 3.8
    [custom] => 3;1;40.00;10.00;8.00
    [payer_status] => verified
    [business] => xav335@hotmail.com
    [address_country] => France
    [address_city] => Latresne
    [quantity] => 1
    [verify_sign] => A6I-pa350o2ua3qt2Mi-3SL9VgrmAnHBHYw-WLIsg3izfyPf.gaEgoPC
    [payer_email] => xavier@iconeo.es
    [txn_id] => 7L111942531132721
    [payment_type] => instant
    [payer_business_name] => Christine TENNENBAUM's Test Store
    [last_name] => TENNENBAUM
    [address_state] => 
    [receiver_email] => xav335@hotmail.com
    [payment_fee] => 
    [receiver_id] => PVHUN68DV2Y8N
    [txn_type] => web_accept
    [item_name] => Ma commande "les secrets de Louise"
    [mc_currency] => EUR
    [item_number] => 
    [residence_country] => FR
    [test_ipn] => 1
    [handling_amount] => 0.00
    [transaction_subject] => 3;1;40.00;10.00;8.00
    [payment_gross] => 
    [shipping] => 10.00
    [ipn_track_id] => a4326eb475c1d
)

2015-11-05 20:56:07 : - Validation HTTP : OK
2015-11-05 20:56:07 : -> HTTP/1.1 200 OK

2015-11-05 20:56:07 : -> Date: Thu, 05 Nov 2015 19:56:07 GMT

2015-11-05 20:56:07 : -> Server: Apache

2015-11-05 20:56:07 : -> X-Frame-Options: SAMEORIGIN

2015-11-05 20:56:07 : -> Set-Cookie: c9MWDuvPtT9GIMyPc3jwol1VSlO=TKkw-rywmzWm8IxbsernLmtQKQq2-u-sMMGOKfLNa9C1kmBH-aB7gcTk8V3sJFu7484E_pfzzxfimvGrYL7tnXOqJ-wwIGGlntBhKGyyi5piRVKSl3ic6RR1i-7fZUYdvPHW1N_q_Ipad3VB1O0ChBWl6ehUYbwixd_EOWDfgYrGSdDdrKRsB4CjqUODpGpvdbCGsyInmviMJvDvP1OxA96KgotHu35O2pMMmAJlWx4RW05mMTIF1HPgfEv6Bk8D-BegJAaIhn4aOuRZyyDftQbOuBAX9UbNhVCczEXTcE0fMJ7RJLVk3x8G0FSHyUSqf3rMMvPH5VUZTyL_w_GNQbQlUdBwtLinR1f5-8XYB3Vmr4ufniHkyDCzW9MR0WNZEsrvjanRrLTIvJpLexDML7OBruIN5RFvzmPATJFBRzltqa8yI9galeKyMKe; domain=.paypal.com; path=/; Secure; HttpOnly

2015-11-05 20:56:07 : -> Set-Cookie: cookie_check=yes; expires=Sun, 02-Nov-2025 19:56:07 GMT; domain=.paypal.com; path=/; Secure; HttpOnly

2015-11-05 20:56:07 : -> Set-Cookie: navcmd=_notify-validate; domain=.paypal.com; path=/; Secure; HttpOnly

2015-11-05 20:56:07 : -> Set-Cookie: navlns=0.0; expires=Sat, 04-Nov-2017 19:56:07 GMT; domain=.paypal.com; path=/; Secure; HttpOnly

2015-11-05 20:56:07 : -> Set-Cookie: Apache=10.72.108.11.1446753367060593; path=/; expires=Sat, 28-Oct-45 19:56:07 GMT

2015-11-05 20:56:07 : -> Vary: Accept-Encoding,User-Agent

2015-11-05 20:56:07 : -> Connection: close

2015-11-05 20:56:07 : -> Paypal-Debug-Id: ca5d4ca1aa50

2015-11-05 20:56:07 : -> Set-Cookie: X-PP-SILOVER=name%3DSANDBOX3.WEB.1%26silo_version%3D880%26app%3Dappdispatcher%26TIME%3D1471429462; domain=.paypal.com; path=/; Secure; HttpOnly

2015-11-05 20:56:07 : -> Set-Cookie: X-PP-SILOVER=; Expires=Thu, 01 Jan 1970 00:00:01 GMT

2015-11-05 20:56:07 : -> Set-Cookie: Apache=10.72.128.11.1446753367043437; path=/; expires=Sat, 28-Oct-45 19:56:07 GMT

2015-11-05 20:56:07 : -> Strict-Transport-Security: max-age=14400

2015-11-05 20:56:07 : -> Content-Type: text/html; charset=UTF-8

2015-11-05 20:56:07 : -> 

2015-11-05 20:56:07 : -> VERIFIED
2015-11-05 20:56:07 : - Transaction : OK 
2015-11-05 20:56:07 : - Paiement statut : OK 
2015-11-05 20:56:07 : - Transaction ID : OK 
2015-11-05 20:56:07 : - Compte PayPal : OK 
2015-11-05 20:57:35 : - Debut traitement.
2015-11-05 20:57:35 : - 127.0.0.1
2015-11-05 20:57:35 : - Req : cmd=_notify-validate&mc_gross=58.00&protection_eligibility=Eligible&address_status=unconfirmed&payer_id=D3R3G2JPH8GM2&tax=8.00&address_street=36+route+de+Bordeaux&payment_date=11%3A54%3A24+Nov+05%2C+2015+PST&payment_status=Completed&charset=windows-1252&address_zip=33360&first_name=Christine&mc_fee=2.22&address_country_code=FR&address_name=Javier+Gonzalez&notify_version=3.8&custom=3%3B1%3B40.00%3B10.00%3B8.00&payer_status=verified&business=xav335%40hotmail.com&address_country=France&address_city=Latresne&quantity=1&verify_sign=A6I-pa350o2ua3qt2Mi-3SL9VgrmAnHBHYw-WLIsg3izfyPf.gaEgoPC&payer_email=xavier%40iconeo.es&txn_id=7L111942531132721&payment_type=instant&payer_business_name=Christine+TENNENBAUM%27s+Test+Store&last_name=TENNENBAUM&address_state=&receiver_email=xav335%40hotmail.com&payment_fee=&receiver_id=PVHUN68DV2Y8N&txn_type=web_accept&item_name=Ma+commande+%22les+secrets+de+Louise%22&mc_currency=EUR&item_number=&residence_country=FR&test_ipn=1&handling_amount=0.00&transaction_subject=3%3B1%3B40.00%3B10.00%3B8.00&payment_gross=&shipping=10.00&ipn_track_id=a4326eb475c1d
2015-11-05 20:57:36 : - Contenu POST :
2015-11-05 20:57:36 : - Array
(
    [mc_gross] => 58.00
    [protection_eligibility] => Eligible
    [address_status] => unconfirmed
    [payer_id] => D3R3G2JPH8GM2
    [tax] => 8.00
    [address_street] => 36 route de Bordeaux
    [payment_date] => 11:54:24 Nov 05, 2015 PST
    [payment_status] => Completed
    [charset] => windows-1252
    [address_zip] => 33360
    [first_name] => Christine
    [mc_fee] => 2.22
    [address_country_code] => FR
    [address_name] => Javier Gonzalez
    [notify_version] => 3.8
    [custom] => 3;1;40.00;10.00;8.00
    [payer_status] => verified
    [business] => xav335@hotmail.com
    [address_country] => France
    [address_city] => Latresne
    [quantity] => 1
    [verify_sign] => A6I-pa350o2ua3qt2Mi-3SL9VgrmAnHBHYw-WLIsg3izfyPf.gaEgoPC
    [payer_email] => xavier@iconeo.es
    [txn_id] => 7L111942531132721
    [payment_type] => instant
    [payer_business_name] => Christine TENNENBAUM's Test Store
    [last_name] => TENNENBAUM
    [address_state] => 
    [receiver_email] => xav335@hotmail.com
    [payment_fee] => 
    [receiver_id] => PVHUN68DV2Y8N
    [txn_type] => web_accept
    [item_name] => Ma commande "les secrets de Louise"
    [mc_currency] => EUR
    [item_number] => 
    [residence_country] => FR
    [test_ipn] => 1
    [handling_amount] => 0.00
    [transaction_subject] => 3;1;40.00;10.00;8.00
    [payment_gross] => 
    [shipping] => 10.00
    [ipn_track_id] => a4326eb475c1d
)

2015-11-05 20:57:36 : - Validation HTTP : OK
2015-11-05 20:57:36 : -> HTTP/1.1 200 OK

2015-11-05 20:57:36 : -> Date: Thu, 05 Nov 2015 19:57:36 GMT

2015-11-05 20:57:36 : -> Server: Apache

2015-11-05 20:57:36 : -> X-Frame-Options: SAMEORIGIN

2015-11-05 20:57:36 : -> Set-Cookie: c9MWDuvPtT9GIMyPc3jwol1VSlO=V5CRNx0FelZS2CRfTmLIjN_bYD6bBxRuqihzOvKk2AQ_SR3wEpf39r6YO7XKzliw2H8ICLEvOvVyzjYKoykKoGXg7u6KEtXaNhfZEUytDl7j_JLUcbyUUnXABOhEhNEFn3scPBOoZNQvR8O8-rPtvBJ9k9SBl1TXpQfvh3wj1rIBU_0L99_s0MUq4JxEzdWs6JwpBbgc4-ihcfxAKUQ3nSEXEwAYJZlLFLHhyi_cKBr2wjpDS7i48oe72j6331emUcAGDASCRBSeeJz-_xuHc2DmoqJ1nrNFk7JvF9OzzCgN9zy_xmGy-N8-CbGxXcOPegEhhUBX4TeBWGnmIQlPL6jCeYRhDBeKJ6hfG3Tk8m2BT08j78w9lM7YVRqF5tPylf9rTfedVfLuGOFpR9unJnM4XWFYdf5Zws2kzfTc4_ApovJ9tsdLfLrTWTq; domain=.paypal.com; path=/; Secure; HttpOnly

2015-11-05 20:57:36 : -> Set-Cookie: cookie_check=yes; expires=Sun, 02-Nov-2025 19:57:36 GMT; domain=.paypal.com; path=/; Secure; HttpOnly

2015-11-05 20:57:36 : -> Set-Cookie: navcmd=_notify-validate; domain=.paypal.com; path=/; Secure; HttpOnly

2015-11-05 20:57:36 : -> Set-Cookie: navlns=0.0; expires=Sat, 04-Nov-2017 19:57:36 GMT; domain=.paypal.com; path=/; Secure; HttpOnly

2015-11-05 20:57:36 : -> Set-Cookie: Apache=10.72.108.11.1446753456076820; path=/; expires=Sat, 28-Oct-45 19:57:36 GMT

2015-11-05 20:57:36 : -> Vary: Accept-Encoding,User-Agent

2015-11-05 20:57:36 : -> Connection: close

2015-11-05 20:57:36 : -> Paypal-Debug-Id: 36b97638ea62

2015-11-05 20:57:36 : -> Set-Cookie: X-PP-SILOVER=name%3DSANDBOX3.WEB.1%26silo_version%3D880%26app%3Dappdispatcher%26TIME%3D2964601686; domain=.paypal.com; path=/; Secure; HttpOnly

2015-11-05 20:57:36 : -> Set-Cookie: X-PP-SILOVER=; Expires=Thu, 01 Jan 1970 00:00:01 GMT

2015-11-05 20:57:36 : -> Set-Cookie: Apache=10.72.128.11.1446753456059817; path=/; expires=Sat, 28-Oct-45 19:57:36 GMT

2015-11-05 20:57:36 : -> Strict-Transport-Security: max-age=14400

2015-11-05 20:57:36 : -> Content-Type: text/html; charset=UTF-8

2015-11-05 20:57:36 : -> 

2015-11-05 20:57:36 : -> VERIFIED
2015-11-05 20:57:36 : - Transaction : OK 
2015-11-05 20:57:36 : - Paiement statut : OK 
2015-11-05 20:57:36 : - Transaction ID : OK 
2015-11-05 20:57:36 : - Compte PayPal : OK 
2015-11-05 21:00:23 : - Debut traitement.
2015-11-05 21:00:23 : - 127.0.0.1
2015-11-05 21:00:23 : - Req : cmd=_notify-validate&mc_gross=58.00&protection_eligibility=Eligible&address_status=unconfirmed&payer_id=D3R3G2JPH8GM2&tax=8.00&address_street=36+route+de+Bordeaux&payment_date=11%3A54%3A24+Nov+05%2C+2015+PST&payment_status=Completed&charset=windows-1252&address_zip=33360&first_name=Christine&mc_fee=2.22&address_country_code=FR&address_name=Javier+Gonzalez&notify_version=3.8&custom=3%3B1%3B40.00%3B10.00%3B8.00&payer_status=verified&business=xav335%40hotmail.com&address_country=France&address_city=Latresne&quantity=1&verify_sign=A6I-pa350o2ua3qt2Mi-3SL9VgrmAnHBHYw-WLIsg3izfyPf.gaEgoPC&payer_email=xavier%40iconeo.es&txn_id=7L111942531132721&payment_type=instant&payer_business_name=Christine+TENNENBAUM%27s+Test+Store&last_name=TENNENBAUM&address_state=&receiver_email=xav335%40hotmail.com&payment_fee=&receiver_id=PVHUN68DV2Y8N&txn_type=web_accept&item_name=Ma+commande+%22les+secrets+de+Louise%22&mc_currency=EUR&item_number=&residence_country=FR&test_ipn=1&handling_amount=0.00&transaction_subject=3%3B1%3B40.00%3B10.00%3B8.00&payment_gross=&shipping=10.00&ipn_track_id=a4326eb475c1d
2015-11-05 21:00:24 : - Contenu POST :
2015-11-05 21:00:24 : - Array
(
    [mc_gross] => 58.00
    [protection_eligibility] => Eligible
    [address_status] => unconfirmed
    [payer_id] => D3R3G2JPH8GM2
    [tax] => 8.00
    [address_street] => 36 route de Bordeaux
    [payment_date] => 11:54:24 Nov 05, 2015 PST
    [payment_status] => Completed
    [charset] => windows-1252
    [address_zip] => 33360
    [first_name] => Christine
    [mc_fee] => 2.22
    [address_country_code] => FR
    [address_name] => Javier Gonzalez
    [notify_version] => 3.8
    [custom] => 3;1;40.00;10.00;8.00
    [payer_status] => verified
    [business] => xav335@hotmail.com
    [address_country] => France
    [address_city] => Latresne
    [quantity] => 1
    [verify_sign] => A6I-pa350o2ua3qt2Mi-3SL9VgrmAnHBHYw-WLIsg3izfyPf.gaEgoPC
    [payer_email] => xavier@iconeo.es
    [txn_id] => 7L111942531132721
    [payment_type] => instant
    [payer_business_name] => Christine TENNENBAUM's Test Store
    [last_name] => TENNENBAUM
    [address_state] => 
    [receiver_email] => xav335@hotmail.com
    [payment_fee] => 
    [receiver_id] => PVHUN68DV2Y8N
    [txn_type] => web_accept
    [item_name] => Ma commande "les secrets de Louise"
    [mc_currency] => EUR
    [item_number] => 
    [residence_country] => FR
    [test_ipn] => 1
    [handling_amount] => 0.00
    [transaction_subject] => 3;1;40.00;10.00;8.00
    [payment_gross] => 
    [shipping] => 10.00
    [ipn_track_id] => a4326eb475c1d
)

2015-11-05 21:00:24 : - Validation HTTP : OK
2015-11-05 21:00:24 : -> HTTP/1.1 200 OK

2015-11-05 21:00:24 : -> Date: Thu, 05 Nov 2015 20:00:24 GMT

2015-11-05 21:00:24 : -> Server: Apache

2015-11-05 21:00:24 : -> Set-Cookie: Apache=10.72.108.11.1446753624339356; path=/; expires=Sat, 28-Oct-45 20:00:24 GMT

2015-11-05 21:00:24 : -> Vary: Accept-Encoding,User-Agent

2015-11-05 21:00:24 : -> Connection: close

2015-11-05 21:00:24 : -> Content-Length: 54

2015-11-05 21:00:24 : -> Paypal-Debug-Id: efa9e1884eb2c

2015-11-05 21:00:24 : -> Set-Cookie: X-PP-SILOVER=name%3DSANDBOX3.WEB.1%26silo_version%3D880%26app%3Dappdispatcher%26TIME%3D1488272214; domain=.paypal.com; path=/; Secure; HttpOnly

2015-11-05 21:00:24 : -> Set-Cookie: X-PP-SILOVER=; Expires=Thu, 01 Jan 1970 00:00:01 GMT

2015-11-05 21:00:24 : -> Set-Cookie: Apache=10.72.128.11.1446753624321977; path=/; expires=Sat, 28-Oct-45 20:00:24 GMT

2015-11-05 21:00:24 : -> Strict-Transport-Security: max-age=14400

2015-11-05 21:00:24 : -> Content-Type: text/html; charset=ISO-8859-1

2015-11-05 21:00:24 : -> 

2015-11-05 21:00:24 : -> <html>

2015-11-05 21:00:24 : -> <body>

2015-11-05 21:00:24 : -> Fatal Failure <br>

2015-11-05 21:00:24 : -> </body>

2015-11-05 21:00:24 : -> </html>

2015-11-05 21:00:24 : ----------- FIN TRAITEMENT ----------- 
2015-11-05 21:00:24 : - Commande annulee
