2015-11-09 16:40:48 : - Debut traitement.
2015-11-09 16:40:48 : - 127.0.0.1
2015-11-09 16:40:48 : - Req : cmd=_notify-validate&mc_gross=21.00&protection_eligibility=Eligible&address_status=unconfirmed&payer_id=D3R3G2JPH8GM2&tax=2.67&address_street=36+route+de+Bordeaux&payment_date=07%3A40%3A40+Nov+09%2C+2015+PST&payment_status=Completed&charset=windows-1252&address_zip=33360&first_name=Christine&mc_fee=0.96&address_country_code=FR&address_name=Javier+Gonzalez&notify_version=3.8&custom=11%3B1%3B13.33%3B5.00%3B2.67&payer_status=verified&business=bijoux.secretsdelouise%40gmail.com&address_country=France&address_city=Latresne&quantity=1&verify_sign=ABr7TF1VNJRHrFfJkVMfCcSa87ETA-fqduo1JxfU2bYvVsCVm8ZozMXq&payer_email=xavier%40iconeo.es&txn_id=5YW094413P4077359&payment_type=instant&payer_business_name=Christine+TENNENBAUM%27s+Test+Store&last_name=TENNENBAUM&address_state=&receiver_email=bijoux.secretsdelouise%40gmail.com&payment_fee=&receiver_id=NRBY4RCQWLHPJ&txn_type=web_accept&item_name=Commande+No.11+%22les+secrets+de+Louise%22&mc_currency=EUR&item_number=&residence_country=FR&test_ipn=1&handling_amount=0.00&transaction_subject=11%3B1%3B13.33%3B5.00%3B2.67&payment_gross=&shipping=5.00&ipn_track_id=6df4009842de3
2015-11-09 16:40:49 : - Contenu POST :
2015-11-09 16:40:49 : - Array
(
    [mc_gross] => 21.00
    [protection_eligibility] => Eligible
    [address_status] => unconfirmed
    [payer_id] => D3R3G2JPH8GM2
    [tax] => 2.67
    [address_street] => 36 route de Bordeaux
    [payment_date] => 07:40:40 Nov 09, 2015 PST
    [payment_status] => Completed
    [charset] => windows-1252
    [address_zip] => 33360
    [first_name] => Christine
    [mc_fee] => 0.96
    [address_country_code] => FR
    [address_name] => Javier Gonzalez
    [notify_version] => 3.8
    [custom] => 11;1;13.33;5.00;2.67
    [payer_status] => verified
    [business] => bijoux.secretsdelouise@gmail.com
    [address_country] => France
    [address_city] => Latresne
    [quantity] => 1
    [verify_sign] => ABr7TF1VNJRHrFfJkVMfCcSa87ETA-fqduo1JxfU2bYvVsCVm8ZozMXq
    [payer_email] => xavier@iconeo.es
    [txn_id] => 5YW094413P4077359
    [payment_type] => instant
    [payer_business_name] => Christine TENNENBAUM's Test Store
    [last_name] => TENNENBAUM
    [address_state] => 
    [receiver_email] => bijoux.secretsdelouise@gmail.com
    [payment_fee] => 
    [receiver_id] => NRBY4RCQWLHPJ
    [txn_type] => web_accept
    [item_name] => Commande No.11 "les secrets de Louise"
    [mc_currency] => EUR
    [item_number] => 
    [residence_country] => FR
    [test_ipn] => 1
    [handling_amount] => 0.00
    [transaction_subject] => 11;1;13.33;5.00;2.67
    [payment_gross] => 
    [shipping] => 5.00
    [ipn_track_id] => 6df4009842de3
)

2015-11-09 16:40:49 : - Validation HTTP : OK
2015-11-09 16:40:49 : -> HTTP/1.1 200 OK

2015-11-09 16:40:49 : -> Date: Mon, 09 Nov 2015 15:40:49 GMT

2015-11-09 16:40:49 : -> Server: Apache

2015-11-09 16:40:49 : -> X-Frame-Options: SAMEORIGIN

2015-11-09 16:40:49 : -> Set-Cookie: c9MWDuvPtT9GIMyPc3jwol1VSlO=aUT-x8ZzZEu5Ok1s-Ov8TNRwExJchspY8oLspnMDCqfPVNl66wIa6PcY7eDK8gORQP6aR10U6d6sf0_urfunbJEkEuQKf_OOwISsCIF-klRPy_lpFFxz7Fp2cnuit4YnsKbZeJtIbRZTKiD4CM4vElUEZszSShqqpcvNVWPnDEHLgbaBa8JGpS4oPZmV_icW6v9aNKVQTjLStHceMmevQSO59pV1uHH1FSDiAjbug8AxrzKKti1QlD2-5JSbBBaD6R9AhBV88VUDROIu1fb-xUYh9aUc_FivLnHvA6uMBTea9IQLLiTsWGZ5A-nHcRUFMog76Wj7-3HCOW4MAt6l_Fmw4M2JvOcZcpviaOy21slDOOqp0g0rC5ZFGXrNJqCncktzXyHyMHgZF27zgXbF3y482N_AyizBNK8eN3WjZabjdQf2IWdpE08y1cC; domain=.paypal.com; path=/; Secure; HttpOnly

2015-11-09 16:40:49 : -> Set-Cookie: cookie_check=yes; expires=Thu, 06-Nov-2025 15:40:49 GMT; domain=.paypal.com; path=/; Secure; HttpOnly

2015-11-09 16:40:49 : -> Set-Cookie: navcmd=_notify-validate; domain=.paypal.com; path=/; Secure; HttpOnly

2015-11-09 16:40:49 : -> Set-Cookie: navlns=0.0; expires=Wed, 08-Nov-2017 15:40:49 GMT; domain=.paypal.com; path=/; Secure; HttpOnly

2015-11-09 16:40:49 : -> Set-Cookie: Apache=10.72.108.11.1447083649131253; path=/; expires=Wed, 01-Nov-45 15:40:49 GMT

2015-11-09 16:40:49 : -> Vary: Accept-Encoding,User-Agent

2015-11-09 16:40:49 : -> Connection: close

2015-11-09 16:40:49 : -> Paypal-Debug-Id: 188d9d7a1bfa3

2015-11-09 16:40:49 : -> Set-Cookie: X-PP-SILOVER=name%3DSANDBOX3.WEB.1%26silo_version%3D880%26app%3Dappdispatcher%26TIME%3D2176729174; domain=.paypal.com; path=/; Secure; HttpOnly

2015-11-09 16:40:49 : -> Set-Cookie: X-PP-SILOVER=; Expires=Thu, 01 Jan 1970 00:00:01 GMT

2015-11-09 16:40:49 : -> Set-Cookie: Apache=10.72.128.11.1447083649114349; path=/; expires=Wed, 01-Nov-45 15:40:49 GMT

2015-11-09 16:40:49 : -> Strict-Transport-Security: max-age=14400

2015-11-09 16:40:49 : -> Content-Type: text/html; charset=UTF-8

2015-11-09 16:40:49 : -> 

2015-11-09 16:40:49 : -> VERIFIED
2015-11-09 16:40:49 : - Transaction : OK 
2015-11-09 16:40:49 : - Paiement statut : OK 
2015-11-09 16:40:49 : - Transaction ID : OK 
2015-11-09 16:40:49 : - Compte PayPal : OK 
2015-11-09 17:03:04 : - Debut traitement.
2015-11-09 17:03:04 : - 127.0.0.1
2015-11-09 17:03:04 : - Req : cmd=_notify-validate&mc_gross=21.00&protection_eligibility=Eligible&address_status=unconfirmed&payer_id=D3R3G2JPH8GM2&tax=2.67&address_street=36+route+de+Bordeaux&payment_date=07%3A40%3A40+Nov+09%2C+2015+PST&payment_status=Completed&charset=windows-1252&address_zip=33360&first_name=Christine&mc_fee=0.96&address_country_code=FR&address_name=Javier+Gonzalez&notify_version=3.8&custom=11%3B1%3B13.33%3B5.00%3B2.67&payer_status=verified&business=bijoux.secretsdelouise%40gmail.com&address_country=France&address_city=Latresne&quantity=1&verify_sign=ABr7TF1VNJRHrFfJkVMfCcSa87ETA-fqduo1JxfU2bYvVsCVm8ZozMXq&payer_email=xavier%40iconeo.es&txn_id=5YW094413P4077359&payment_type=instant&payer_business_name=Christine+TENNENBAUM%27s+Test+Store&last_name=TENNENBAUM&address_state=&receiver_email=bijoux.secretsdelouise%40gmail.com&payment_fee=&receiver_id=NRBY4RCQWLHPJ&txn_type=web_accept&item_name=Commande+No.11+%22les+secrets+de+Louise%22&mc_currency=EUR&item_number=&residence_country=FR&test_ipn=1&handling_amount=0.00&transaction_subject=11%3B1%3B13.33%3B5.00%3B2.67&payment_gross=&shipping=5.00&ipn_track_id=6df4009842de3
2015-11-09 17:03:04 : - Contenu POST :
2015-11-09 17:03:04 : - Array
(
    [mc_gross] => 21.00
    [protection_eligibility] => Eligible
    [address_status] => unconfirmed
    [payer_id] => D3R3G2JPH8GM2
    [tax] => 2.67
    [address_street] => 36 route de Bordeaux
    [payment_date] => 07:40:40 Nov 09, 2015 PST
    [payment_status] => Completed
    [charset] => windows-1252
    [address_zip] => 33360
    [first_name] => Christine
    [mc_fee] => 0.96
    [address_country_code] => FR
    [address_name] => Javier Gonzalez
    [notify_version] => 3.8
    [custom] => 11;1;13.33;5.00;2.67
    [payer_status] => verified
    [business] => bijoux.secretsdelouise@gmail.com
    [address_country] => France
    [address_city] => Latresne
    [quantity] => 1
    [verify_sign] => ABr7TF1VNJRHrFfJkVMfCcSa87ETA-fqduo1JxfU2bYvVsCVm8ZozMXq
    [payer_email] => xavier@iconeo.es
    [txn_id] => 5YW094413P4077359
    [payment_type] => instant
    [payer_business_name] => Christine TENNENBAUM's Test Store
    [last_name] => TENNENBAUM
    [address_state] => 
    [receiver_email] => bijoux.secretsdelouise@gmail.com
    [payment_fee] => 
    [receiver_id] => NRBY4RCQWLHPJ
    [txn_type] => web_accept
    [item_name] => Commande No.11 "les secrets de Louise"
    [mc_currency] => EUR
    [item_number] => 
    [residence_country] => FR
    [test_ipn] => 1
    [handling_amount] => 0.00
    [transaction_subject] => 11;1;13.33;5.00;2.67
    [payment_gross] => 
    [shipping] => 5.00
    [ipn_track_id] => 6df4009842de3
)

2015-11-09 17:03:04 : - Validation HTTP : OK
2015-11-09 17:03:05 : -> HTTP/1.1 200 OK

2015-11-09 17:03:05 : -> Date: Mon, 09 Nov 2015 16:03:04 GMT

2015-11-09 17:03:05 : -> Server: Apache

2015-11-09 17:03:05 : -> X-Frame-Options: SAMEORIGIN

2015-11-09 17:03:05 : -> Set-Cookie: c9MWDuvPtT9GIMyPc3jwol1VSlO=HR33mvpr5EIYXyTNMqJZlVFVJnn_efsFvr73Z4AjfhHbc238Ij8Q-RvLF9FkULEeEHGaLpTG-1LCXZosbLJvB34uXw_ZWT1TJy1S2ywQxjnvS0lD6FWPKTcDs8_VM9cu58xmYye3D7k9ZLt-Xo8Sm2J12HGUnwojzbCBaa_U0iDvu6opxO9XG-sl9dY5EzK_gdyR7pXoALLh3VsPJwBsgRXz0G6-CCuLgJP5SSbQmyC8aKWOJMUsSuHw9YCuguLyoVDgs7iEqK1J-hva7eqbXDtBT8k4OKpRL0EbGw9GFwuwK4inSgubQu4t_4rKve9FtG8FdIBI9ARH86WfBXPBBOx_rJBfqNGHAJ8-HcwXExezRSnD_XboYznNqGQr-1IsVwA00XujrSI1pVE4CBRA2IlsBFkXwjeDm3pSZR7sOFeiLcmtAWJZx-IQZq8; domain=.paypal.com; path=/; Secure; HttpOnly

2015-11-09 17:03:05 : -> Set-Cookie: cookie_check=yes; expires=Thu, 06-Nov-2025 16:03:05 GMT; domain=.paypal.com; path=/; Secure; HttpOnly

2015-11-09 17:03:05 : -> Set-Cookie: navcmd=_notify-validate; domain=.paypal.com; path=/; Secure; HttpOnly

2015-11-09 17:03:05 : -> Set-Cookie: navlns=0.0; expires=Wed, 08-Nov-2017 16:03:05 GMT; domain=.paypal.com; path=/; Secure; HttpOnly

2015-11-09 17:03:05 : -> Set-Cookie: Apache=10.72.108.11.1447084984903588; path=/; expires=Wed, 01-Nov-45 16:03:04 GMT

2015-11-09 17:03:05 : -> Vary: Accept-Encoding,User-Agent

2015-11-09 17:03:05 : -> Connection: close

2015-11-09 17:03:05 : -> Paypal-Debug-Id: 522f5f9d8706

2015-11-09 17:03:05 : -> Set-Cookie: X-PP-SILOVER=name%3DSANDBOX3.WEB.1%26silo_version%3D880%26app%3Dappdispatcher%26TIME%3D3099803734; domain=.paypal.com; path=/; Secure; HttpOnly

2015-11-09 17:03:05 : -> Set-Cookie: X-PP-SILOVER=; Expires=Thu, 01 Jan 1970 00:00:01 GMT

2015-11-09 17:03:05 : -> Set-Cookie: Apache=10.72.128.11.1447084984886382; path=/; expires=Wed, 01-Nov-45 16:03:04 GMT

2015-11-09 17:03:05 : -> Strict-Transport-Security: max-age=14400

2015-11-09 17:03:05 : -> Content-Type: text/html; charset=UTF-8

2015-11-09 17:03:05 : -> 

2015-11-09 17:03:05 : -> VERIFIED
2015-11-09 17:03:05 : - Transaction : OK 
2015-11-09 17:03:05 : - Paiement statut : OK 
2015-11-09 17:03:05 : - Transaction ID : OK 
2015-11-09 17:03:05 : - Compte PayPal : OK 
2015-11-09 17:32:27 : - Debut traitement.
2015-11-09 17:32:27 : - 127.0.0.1
2015-11-09 17:32:27 : - Req : cmd=_notify-validate&mc_gross=21.00&protection_eligibility=Eligible&address_status=unconfirmed&payer_id=D3R3G2JPH8GM2&tax=2.67&address_street=36+route+de+Bordeaux&payment_date=07%3A40%3A40+Nov+09%2C+2015+PST&payment_status=Completed&charset=windows-1252&address_zip=33360&first_name=Christine&mc_fee=0.96&address_country_code=FR&address_name=Javier+Gonzalez&notify_version=3.8&custom=11%3B1%3B13.33%3B5.00%3B2.67&payer_status=verified&business=bijoux.secretsdelouise%40gmail.com&address_country=France&address_city=Latresne&quantity=1&verify_sign=ABr7TF1VNJRHrFfJkVMfCcSa87ETA-fqduo1JxfU2bYvVsCVm8ZozMXq&payer_email=xavier%40iconeo.es&txn_id=5YW094413P4077359&payment_type=instant&payer_business_name=Christine+TENNENBAUM%27s+Test+Store&last_name=TENNENBAUM&address_state=&receiver_email=bijoux.secretsdelouise%40gmail.com&payment_fee=&receiver_id=NRBY4RCQWLHPJ&txn_type=web_accept&item_name=Commande+No.11+%22les+secrets+de+Louise%22&mc_currency=EUR&item_number=&residence_country=FR&test_ipn=1&handling_amount=0.00&transaction_subject=11%3B1%3B13.33%3B5.00%3B2.67&payment_gross=&shipping=5.00&ipn_track_id=6df4009842de3
2015-11-09 17:32:27 : - Contenu POST :
2015-11-09 17:32:27 : - Array
(
    [mc_gross] => 21.00
    [protection_eligibility] => Eligible
    [address_status] => unconfirmed
    [payer_id] => D3R3G2JPH8GM2
    [tax] => 2.67
    [address_street] => 36 route de Bordeaux
    [payment_date] => 07:40:40 Nov 09, 2015 PST
    [payment_status] => Completed
    [charset] => windows-1252
    [address_zip] => 33360
    [first_name] => Christine
    [mc_fee] => 0.96
    [address_country_code] => FR
    [address_name] => Javier Gonzalez
    [notify_version] => 3.8
    [custom] => 11;1;13.33;5.00;2.67
    [payer_status] => verified
    [business] => bijoux.secretsdelouise@gmail.com
    [address_country] => France
    [address_city] => Latresne
    [quantity] => 1
    [verify_sign] => ABr7TF1VNJRHrFfJkVMfCcSa87ETA-fqduo1JxfU2bYvVsCVm8ZozMXq
    [payer_email] => xavier@iconeo.es
    [txn_id] => 5YW094413P4077359
    [payment_type] => instant
    [payer_business_name] => Christine TENNENBAUM's Test Store
    [last_name] => TENNENBAUM
    [address_state] => 
    [receiver_email] => bijoux.secretsdelouise@gmail.com
    [payment_fee] => 
    [receiver_id] => NRBY4RCQWLHPJ
    [txn_type] => web_accept
    [item_name] => Commande No.11 "les secrets de Louise"
    [mc_currency] => EUR
    [item_number] => 
    [residence_country] => FR
    [test_ipn] => 1
    [handling_amount] => 0.00
    [transaction_subject] => 11;1;13.33;5.00;2.67
    [payment_gross] => 
    [shipping] => 5.00
    [ipn_track_id] => 6df4009842de3
)

2015-11-09 17:32:27 : - Validation HTTP : OK
2015-11-09 17:32:28 : -> HTTP/1.1 200 OK

2015-11-09 17:32:28 : -> Date: Mon, 09 Nov 2015 16:32:27 GMT

2015-11-09 17:32:28 : -> Server: Apache

2015-11-09 17:32:28 : -> X-Frame-Options: SAMEORIGIN

2015-11-09 17:32:28 : -> Set-Cookie: c9MWDuvPtT9GIMyPc3jwol1VSlO=X1-RHL-ZNBh-JpssXdEVGjBZw-JV6cjWS8sXUK2l8f18205Ol2c5LFOpYtnm4nbc07Ssetq4pFgtyjgDuRxwziUdnu4AbtgC9HOO1YYYK6iAfGJi7_aHw_k0mb2E_zwoPM2Vn45Yx4t0clD5-DFnGevayZDaC9JT0KsZfhf5uUrrGKZhiE4uYGa3dNu44jbs4_yGcFR-f-yrc-JbsexFNnVPCtnOOyNqiYx0OqX9jOPBnDqnRdu4aJsn3yBdAAQ_FmN-L_7Y3tOAOzGVqFgUt7up-iG7F_3ojh4Imkq0260cKBDEQ1JgZE-i9ouOluDMwyK8caYq2hi8ZnLlcYGDaeveYOmKCF6cUgUtZXflKfXnN7OAQlmE7QSGoVYnIw4DYPA24DZroFvJn7Mf9vnK7AJ1kGIr7wdHz1s7DF2IrYo9akR27-SdxAOafj4; domain=.paypal.com; path=/; Secure; HttpOnly

2015-11-09 17:32:28 : -> Set-Cookie: cookie_check=yes; expires=Thu, 06-Nov-2025 16:32:28 GMT; domain=.paypal.com; path=/; Secure; HttpOnly

2015-11-09 17:32:28 : -> Set-Cookie: navcmd=_notify-validate; domain=.paypal.com; path=/; Secure; HttpOnly

2015-11-09 17:32:28 : -> Set-Cookie: navlns=0.0; expires=Wed, 08-Nov-2017 16:32:28 GMT; domain=.paypal.com; path=/; Secure; HttpOnly

2015-11-09 17:32:28 : -> Set-Cookie: Apache=10.72.108.11.1447086747829576; path=/; expires=Wed, 01-Nov-45 16:32:27 GMT

2015-11-09 17:32:28 : -> Vary: Accept-Encoding,User-Agent

2015-11-09 17:32:28 : -> Connection: close

2015-11-09 17:32:28 : -> Paypal-Debug-Id: 3982e518c66ba

2015-11-09 17:32:28 : -> Set-Cookie: X-PP-SILOVER=name%3DSANDBOX3.WEB.1%26silo_version%3D880%26app%3Dappdispatcher%26TIME%3D2613723222; domain=.paypal.com; path=/; Secure; HttpOnly

2015-11-09 17:32:28 : -> Set-Cookie: X-PP-SILOVER=; Expires=Thu, 01 Jan 1970 00:00:01 GMT

2015-11-09 17:32:28 : -> Set-Cookie: Apache=10.72.128.11.1447086747812549; path=/; expires=Wed, 01-Nov-45 16:32:27 GMT

2015-11-09 17:32:28 : -> Strict-Transport-Security: max-age=14400

2015-11-09 17:32:28 : -> Content-Type: text/html; charset=UTF-8

2015-11-09 17:32:28 : -> 

2015-11-09 17:32:28 : -> VERIFIED
2015-11-09 17:32:28 : - Transaction : OK 
2015-11-09 17:32:28 : - Paiement statut : OK 
2015-11-09 17:32:28 : - Transaction ID : OK 
2015-11-09 17:32:28 : - Compte PayPal : OK 
2015-11-09 17:57:52 : - Debut traitement.
2015-11-09 17:57:52 : - 127.0.0.1
2015-11-09 17:57:52 : - Req : cmd=_notify-validate&mc_gross=21.00&protection_eligibility=Eligible&address_status=unconfirmed&payer_id=D3R3G2JPH8GM2&tax=2.67&address_street=36+route+de+Bordeaux&payment_date=07%3A40%3A40+Nov+09%2C+2015+PST&payment_status=Completed&charset=windows-1252&address_zip=33360&first_name=Christine&mc_fee=0.96&address_country_code=FR&address_name=Javier+Gonzalez&notify_version=3.8&custom=11%3B1%3B13.33%3B5.00%3B2.67&payer_status=verified&business=bijoux.secretsdelouise%40gmail.com&address_country=France&address_city=Latresne&quantity=1&verify_sign=ABr7TF1VNJRHrFfJkVMfCcSa87ETA-fqduo1JxfU2bYvVsCVm8ZozMXq&payer_email=xavier%40iconeo.es&txn_id=5YW094413P4077359&payment_type=instant&payer_business_name=Christine+TENNENBAUM%27s+Test+Store&last_name=TENNENBAUM&address_state=&receiver_email=bijoux.secretsdelouise%40gmail.com&payment_fee=&receiver_id=NRBY4RCQWLHPJ&txn_type=web_accept&item_name=Commande+No.11+%22les+secrets+de+Louise%22&mc_currency=EUR&item_number=&residence_country=FR&test_ipn=1&handling_amount=0.00&transaction_subject=11%3B1%3B13.33%3B5.00%3B2.67&payment_gross=&shipping=5.00&ipn_track_id=6df4009842de3
2015-11-09 17:57:52 : - Contenu POST :
2015-11-09 17:57:52 : - Array
(
    [mc_gross] => 21.00
    [protection_eligibility] => Eligible
    [address_status] => unconfirmed
    [payer_id] => D3R3G2JPH8GM2
    [tax] => 2.67
    [address_street] => 36 route de Bordeaux
    [payment_date] => 07:40:40 Nov 09, 2015 PST
    [payment_status] => Completed
    [charset] => windows-1252
    [address_zip] => 33360
    [first_name] => Christine
    [mc_fee] => 0.96
    [address_country_code] => FR
    [address_name] => Javier Gonzalez
    [notify_version] => 3.8
    [custom] => 11;1;13.33;5.00;2.67
    [payer_status] => verified
    [business] => bijoux.secretsdelouise@gmail.com
    [address_country] => France
    [address_city] => Latresne
    [quantity] => 1
    [verify_sign] => ABr7TF1VNJRHrFfJkVMfCcSa87ETA-fqduo1JxfU2bYvVsCVm8ZozMXq
    [payer_email] => xavier@iconeo.es
    [txn_id] => 5YW094413P4077359
    [payment_type] => instant
    [payer_business_name] => Christine TENNENBAUM's Test Store
    [last_name] => TENNENBAUM
    [address_state] => 
    [receiver_email] => bijoux.secretsdelouise@gmail.com
    [payment_fee] => 
    [receiver_id] => NRBY4RCQWLHPJ
    [txn_type] => web_accept
    [item_name] => Commande No.11 "les secrets de Louise"
    [mc_currency] => EUR
    [item_number] => 
    [residence_country] => FR
    [test_ipn] => 1
    [handling_amount] => 0.00
    [transaction_subject] => 11;1;13.33;5.00;2.67
    [payment_gross] => 
    [shipping] => 5.00
    [ipn_track_id] => 6df4009842de3
)

2015-11-09 17:57:52 : - Validation HTTP : OK
2015-11-09 17:57:53 : -> HTTP/1.1 200 OK

2015-11-09 17:57:53 : -> Date: Mon, 09 Nov 2015 16:57:52 GMT

2015-11-09 17:57:53 : -> Server: Apache

2015-11-09 17:57:53 : -> X-Frame-Options: SAMEORIGIN

2015-11-09 17:57:53 : -> Set-Cookie: c9MWDuvPtT9GIMyPc3jwol1VSlO=FwuioeHhrWKKu9wsRj_UTyd3z3mQkorLrSvbxBYo_XOu_Jdas7ea_P8uk2bbH0Fb4ltCgT-2a-n6u6oq0Gl_bWTlqLnzD16os6e9OcrU3MbJOUbNzFuD0SzZtmTrXJQIYiVmStNBpbeXm2qCCshwQbI2FK9qlV9l_BDs11E031nkS7m88Smw8KZ07gfyCLMQMupT-A9OZg8WwKnhUsjyrEPmCClvd8iPvi3bD6AHFQ0bFWHBc9tXPn1dPQCSupn3KY2mRfQiCu18jPep22_DjXVukYvKBFcbC9baEhopaIS9cVGtCu8__3r9k0x0FHqs_UqnNyh6pzk931qWEbe7vzioibvifdaomXDWarmkWsnYq9gWLEe3ARC_bmQFPWbEwFQxHJT1IsD_vYUStyqgxNSONosyheqK9UhlHHdGcsqyywmbi1cVYw5kwrW; domain=.paypal.com; path=/; Secure; HttpOnly

2015-11-09 17:57:53 : -> Set-Cookie: cookie_check=yes; expires=Thu, 06-Nov-2025 16:57:53 GMT; domain=.paypal.com; path=/; Secure; HttpOnly

2015-11-09 17:57:53 : -> Set-Cookie: navcmd=_notify-validate; domain=.paypal.com; path=/; Secure; HttpOnly

2015-11-09 17:57:53 : -> Set-Cookie: navlns=0.0; expires=Wed, 08-Nov-2017 16:57:53 GMT; domain=.paypal.com; path=/; Secure; HttpOnly

2015-11-09 17:57:53 : -> Set-Cookie: Apache=10.72.108.11.1447088272990132; path=/; expires=Wed, 01-Nov-45 16:57:52 GMT

2015-11-09 17:57:53 : -> Vary: Accept-Encoding,User-Agent

2015-11-09 17:57:53 : -> Connection: close

2015-11-09 17:57:53 : -> Paypal-Debug-Id: 7103a4e8ed8e6

2015-11-09 17:57:53 : -> Set-Cookie: X-PP-SILOVER=name%3DSANDBOX3.WEB.1%26silo_version%3D880%26app%3Dappdispatcher%26TIME%3D2429567062; domain=.paypal.com; path=/; Secure; HttpOnly

2015-11-09 17:57:53 : -> Set-Cookie: X-PP-SILOVER=; Expires=Thu, 01 Jan 1970 00:00:01 GMT

2015-11-09 17:57:53 : -> Set-Cookie: Apache=10.72.128.11.1447088272972791; path=/; expires=Wed, 01-Nov-45 16:57:52 GMT

2015-11-09 17:57:53 : -> Strict-Transport-Security: max-age=14400

2015-11-09 17:57:53 : -> Content-Type: text/html; charset=UTF-8

2015-11-09 17:57:53 : -> 

2015-11-09 17:57:53 : -> VERIFIED
2015-11-09 17:57:53 : - Transaction : OK 
2015-11-09 17:57:53 : - Paiement statut : OK 
2015-11-09 17:57:53 : - Transaction ID : OK 
2015-11-09 17:57:53 : - Compte PayPal : OK 
2015-11-09 18:06:09 : - Debut traitement.
2015-11-09 18:06:09 : - 127.0.0.1
2015-11-09 18:06:09 : - Req : cmd=_notify-validate&mc_gross=21.00&protection_eligibility=Eligible&address_status=unconfirmed&payer_id=D3R3G2JPH8GM2&tax=2.67&address_street=36+route+de+Bordeaux&payment_date=07%3A40%3A40+Nov+09%2C+2015+PST&payment_status=Completed&charset=windows-1252&address_zip=33360&first_name=Christine&mc_fee=0.96&address_country_code=FR&address_name=Javier+Gonzalez&notify_version=3.8&custom=11%3B1%3B13.33%3B5.00%3B2.67&payer_status=verified&business=bijoux.secretsdelouise%40gmail.com&address_country=France&address_city=Latresne&quantity=1&verify_sign=ABr7TF1VNJRHrFfJkVMfCcSa87ETA-fqduo1JxfU2bYvVsCVm8ZozMXq&payer_email=xavier%40iconeo.es&txn_id=5YW094413P4077359&payment_type=instant&payer_business_name=Christine+TENNENBAUM%27s+Test+Store&last_name=TENNENBAUM&address_state=&receiver_email=bijoux.secretsdelouise%40gmail.com&payment_fee=&receiver_id=NRBY4RCQWLHPJ&txn_type=web_accept&item_name=Commande+No.11+%22les+secrets+de+Louise%22&mc_currency=EUR&item_number=&residence_country=FR&test_ipn=1&handling_amount=0.00&transaction_subject=11%3B1%3B13.33%3B5.00%3B2.67&payment_gross=&shipping=5.00&ipn_track_id=6df4009842de3
2015-11-09 18:06:09 : - Contenu POST :
2015-11-09 18:06:09 : - Array
(
    [mc_gross] => 21.00
    [protection_eligibility] => Eligible
    [address_status] => unconfirmed
    [payer_id] => D3R3G2JPH8GM2
    [tax] => 2.67
    [address_street] => 36 route de Bordeaux
    [payment_date] => 07:40:40 Nov 09, 2015 PST
    [payment_status] => Completed
    [charset] => windows-1252
    [address_zip] => 33360
    [first_name] => Christine
    [mc_fee] => 0.96
    [address_country_code] => FR
    [address_name] => Javier Gonzalez
    [notify_version] => 3.8
    [custom] => 11;1;13.33;5.00;2.67
    [payer_status] => verified
    [business] => bijoux.secretsdelouise@gmail.com
    [address_country] => France
    [address_city] => Latresne
    [quantity] => 1
    [verify_sign] => ABr7TF1VNJRHrFfJkVMfCcSa87ETA-fqduo1JxfU2bYvVsCVm8ZozMXq
    [payer_email] => xavier@iconeo.es
    [txn_id] => 5YW094413P4077359
    [payment_type] => instant
    [payer_business_name] => Christine TENNENBAUM's Test Store
    [last_name] => TENNENBAUM
    [address_state] => 
    [receiver_email] => bijoux.secretsdelouise@gmail.com
    [payment_fee] => 
    [receiver_id] => NRBY4RCQWLHPJ
    [txn_type] => web_accept
    [item_name] => Commande No.11 "les secrets de Louise"
    [mc_currency] => EUR
    [item_number] => 
    [residence_country] => FR
    [test_ipn] => 1
    [handling_amount] => 0.00
    [transaction_subject] => 11;1;13.33;5.00;2.67
    [payment_gross] => 
    [shipping] => 5.00
    [ipn_track_id] => 6df4009842de3
)

2015-11-09 18:06:09 : - Validation HTTP : OK
2015-11-09 18:06:10 : -> HTTP/1.1 200 OK

2015-11-09 18:06:10 : -> Date: Mon, 09 Nov 2015 17:06:09 GMT

2015-11-09 18:06:10 : -> Server: Apache

2015-11-09 18:06:10 : -> X-Frame-Options: SAMEORIGIN

2015-11-09 18:06:10 : -> Set-Cookie: c9MWDuvPtT9GIMyPc3jwol1VSlO=ID0TrLJ4o1zuFFubYCuYwKa1pQetH31zgcOZXAUaqSKqCWtYwlB9V1vzUe_rxs0HJNbxxjMgm8_6216TpGuPNx0_DeCQSOUJbZEj6mJiOIqbRWL0gdsZTbecLjZRjcEjvg107F5tLbGMPrUNcwoeognqLA8FXfOY7B9My9ir1qH3WVYUIVHkAV_06mZvL_Ub1ciCUo8jhMdzK5Za4R_dB7deS8FayWdIITglO98k2P4p_F4nFrfjsTtx8Tt0Mo2NY6Sv9BIhVk34LPYwAerfNcfhpEK8sCEezr_FxlhZnpsQj-XQPVti7WLrdd83ImglwycpdOVsdKzBaivICj9vtCgckc6bQFDKZ2WdCcEw2D7QCyfdhAAiruGkzWvOS5bAd4y4Uc0Pdm-I5_QqnXKwvykVCzcbkVW8KXjHIZByFHJDJ1pZz-Ym-QdlkKK; domain=.paypal.com; path=/; Secure; HttpOnly

2015-11-09 18:06:10 : -> Set-Cookie: cookie_check=yes; expires=Thu, 06-Nov-2025 17:06:09 GMT; domain=.paypal.com; path=/; Secure; HttpOnly

2015-11-09 18:06:10 : -> Set-Cookie: navcmd=_notify-validate; domain=.paypal.com; path=/; Secure; HttpOnly

2015-11-09 18:06:10 : -> Set-Cookie: navlns=0.0; expires=Wed, 08-Nov-2017 17:06:09 GMT; domain=.paypal.com; path=/; Secure; HttpOnly

2015-11-09 18:06:10 : -> Set-Cookie: Apache=10.72.108.11.1447088769723844; path=/; expires=Wed, 01-Nov-45 17:06:09 GMT

2015-11-09 18:06:10 : -> Vary: Accept-Encoding,User-Agent

2015-11-09 18:06:10 : -> Connection: close

2015-11-09 18:06:10 : -> Paypal-Debug-Id: 9704820faca67

2015-11-09 18:06:10 : -> Set-Cookie: X-PP-SILOVER=name%3DSANDBOX3.WEB.1%26silo_version%3D880%26app%3Dappdispatcher%26TIME%3D2178039894; domain=.paypal.com; path=/; Secure; HttpOnly

2015-11-09 18:06:10 : -> Set-Cookie: X-PP-SILOVER=; Expires=Thu, 01 Jan 1970 00:00:01 GMT

2015-11-09 18:06:10 : -> Set-Cookie: Apache=10.72.128.11.1447088769706964; path=/; expires=Wed, 01-Nov-45 17:06:09 GMT

2015-11-09 18:06:10 : -> Strict-Transport-Security: max-age=14400

2015-11-09 18:06:10 : -> Content-Type: text/html; charset=UTF-8

2015-11-09 18:06:10 : -> 

2015-11-09 18:06:10 : -> VERIFIED
2015-11-09 18:06:10 : - Transaction : OK 
2015-11-09 18:06:10 : - Paiement statut : OK 
2015-11-09 18:06:10 : - Transaction ID : OK 
2015-11-09 18:06:10 : - Compte PayPal : OK 
2015-11-09 18:31:19 : - Debut traitement.
2015-11-09 18:31:19 : - 127.0.0.1
2015-11-09 18:31:19 : - Req : cmd=_notify-validate&mc_gross=21.00&protection_eligibility=Eligible&address_status=unconfirmed&payer_id=D3R3G2JPH8GM2&tax=2.67&address_street=36+route+de+Bordeaux&payment_date=07%3A40%3A40+Nov+09%2C+2015+PST&payment_status=Completed&charset=windows-1252&address_zip=33360&first_name=Christine&mc_fee=0.96&address_country_code=FR&address_name=Javier+Gonzalez&notify_version=3.8&custom=11%3B1%3B13.33%3B5.00%3B2.67&payer_status=verified&business=bijoux.secretsdelouise%40gmail.com&address_country=France&address_city=Latresne&quantity=1&verify_sign=ABr7TF1VNJRHrFfJkVMfCcSa87ETA-fqduo1JxfU2bYvVsCVm8ZozMXq&payer_email=xavier%40iconeo.es&txn_id=5YW094413P4077359&payment_type=instant&payer_business_name=Christine+TENNENBAUM%27s+Test+Store&last_name=TENNENBAUM&address_state=&receiver_email=bijoux.secretsdelouise%40gmail.com&payment_fee=&receiver_id=NRBY4RCQWLHPJ&txn_type=web_accept&item_name=Commande+No.11+%22les+secrets+de+Louise%22&mc_currency=EUR&item_number=&residence_country=FR&test_ipn=1&handling_amount=0.00&transaction_subject=11%3B1%3B13.33%3B5.00%3B2.67&payment_gross=&shipping=5.00&ipn_track_id=6df4009842de3
2015-11-09 18:31:19 : - Contenu POST :
2015-11-09 18:31:19 : - Array
(
    [mc_gross] => 21.00
    [protection_eligibility] => Eligible
    [address_status] => unconfirmed
    [payer_id] => D3R3G2JPH8GM2
    [tax] => 2.67
    [address_street] => 36 route de Bordeaux
    [payment_date] => 07:40:40 Nov 09, 2015 PST
    [payment_status] => Completed
    [charset] => windows-1252
    [address_zip] => 33360
    [first_name] => Christine
    [mc_fee] => 0.96
    [address_country_code] => FR
    [address_name] => Javier Gonzalez
    [notify_version] => 3.8
    [custom] => 11;1;13.33;5.00;2.67
    [payer_status] => verified
    [business] => bijoux.secretsdelouise@gmail.com
    [address_country] => France
    [address_city] => Latresne
    [quantity] => 1
    [verify_sign] => ABr7TF1VNJRHrFfJkVMfCcSa87ETA-fqduo1JxfU2bYvVsCVm8ZozMXq
    [payer_email] => xavier@iconeo.es
    [txn_id] => 5YW094413P4077359
    [payment_type] => instant
    [payer_business_name] => Christine TENNENBAUM's Test Store
    [last_name] => TENNENBAUM
    [address_state] => 
    [receiver_email] => bijoux.secretsdelouise@gmail.com
    [payment_fee] => 
    [receiver_id] => NRBY4RCQWLHPJ
    [txn_type] => web_accept
    [item_name] => Commande No.11 "les secrets de Louise"
    [mc_currency] => EUR
    [item_number] => 
    [residence_country] => FR
    [test_ipn] => 1
    [handling_amount] => 0.00
    [transaction_subject] => 11;1;13.33;5.00;2.67
    [payment_gross] => 
    [shipping] => 5.00
    [ipn_track_id] => 6df4009842de3
)

2015-11-09 18:31:19 : - Validation HTTP : OK
2015-11-09 18:31:20 : -> HTTP/1.1 200 OK

2015-11-09 18:31:20 : -> Date: Mon, 09 Nov 2015 17:31:19 GMT

2015-11-09 18:31:20 : -> Server: Apache

2015-11-09 18:31:20 : -> X-Frame-Options: SAMEORIGIN

2015-11-09 18:31:20 : -> Set-Cookie: c9MWDuvPtT9GIMyPc3jwol1VSlO=qdO_i8fVVyEHCNObKq4yuyov6XTRqGW9OXu54YUaZQ_LGRdlTby4GVhJuP_nUEfvlQQ5gRkKQqjiLOviySAOjxDV3PTMoTsNZOueLAehKcikRx0NfUphsGqdWIZOhyR3zsa4Hvb2r-iEHZ3SngJvIUf9Ubl3nvLNpeqMtSO7-r847dmFyjIqJ4emFicVs_AXLkSmavE1wjSI_kV6_ODD9ijfQjteOzIYenUIsHpEAZj6Cwh5IiYh5Z9XMEKU3Rfif6VALEbHcv_kFEhrg-5GWBaFik0xNAaqdTBECBmZikqzgLVj_ZoIAUuxsfL-tFy5asCdGP3JaVJmFpBSQzBFrIQXJM87lL5EkOhhJwKRCmHNkjLnk0RkB5gbY5wpHTd3ED-g8rau3Ydnr0PM0hlm6P0vfO5udTgWHkSoSkotrLzLaBwF2bFPjMeDyNa; domain=.paypal.com; path=/; Secure; HttpOnly

2015-11-09 18:31:20 : -> Set-Cookie: cookie_check=yes; expires=Thu, 06-Nov-2025 17:31:20 GMT; domain=.paypal.com; path=/; Secure; HttpOnly

2015-11-09 18:31:20 : -> Set-Cookie: navcmd=_notify-validate; domain=.paypal.com; path=/; Secure; HttpOnly

2015-11-09 18:31:20 : -> Set-Cookie: navlns=0.0; expires=Wed, 08-Nov-2017 17:31:20 GMT; domain=.paypal.com; path=/; Secure; HttpOnly

2015-11-09 18:31:20 : -> Set-Cookie: Apache=10.72.108.11.1447090279874316; path=/; expires=Wed, 01-Nov-45 17:31:19 GMT

2015-11-09 18:31:20 : -> Vary: Accept-Encoding,User-Agent

2015-11-09 18:31:20 : -> Connection: close

2015-11-09 18:31:20 : -> Paypal-Debug-Id: 806d7658d179a

2015-11-09 18:31:20 : -> Set-Cookie: X-PP-SILOVER=name%3DSANDBOX3.WEB.1%26silo_version%3D880%26app%3Dappdispatcher%26TIME%3D1742225494; domain=.paypal.com; path=/; Secure; HttpOnly

2015-11-09 18:31:20 : -> Set-Cookie: X-PP-SILOVER=; Expires=Thu, 01 Jan 1970 00:00:01 GMT

2015-11-09 18:31:20 : -> Set-Cookie: Apache=10.72.128.11.1447090279857835; path=/; expires=Wed, 01-Nov-45 17:31:19 GMT

2015-11-09 18:31:20 : -> Strict-Transport-Security: max-age=14400

2015-11-09 18:31:20 : -> Content-Type: text/html; charset=UTF-8

2015-11-09 18:31:20 : -> 

2015-11-09 18:31:20 : -> VERIFIED
2015-11-09 18:31:20 : - Transaction : OK 
2015-11-09 18:31:20 : - Paiement statut : OK 
2015-11-09 18:31:20 : - Transaction ID : OK 
2015-11-09 18:31:20 : - Compte PayPal : OK 
2015-11-09 18:49:30 : - Debut traitement.
2015-11-09 18:49:30 : - 127.0.0.1
2015-11-09 18:49:30 : - Req : cmd=_notify-validate&mc_gross=21.00&protection_eligibility=Eligible&address_status=unconfirmed&payer_id=D3R3G2JPH8GM2&tax=2.67&address_street=36+route+de+Bordeaux&payment_date=07%3A40%3A40+Nov+09%2C+2015+PST&payment_status=Completed&charset=windows-1252&address_zip=33360&first_name=Christine&mc_fee=0.96&address_country_code=FR&address_name=Javier+Gonzalez&notify_version=3.8&custom=11%3B1%3B13.33%3B5.00%3B2.67&payer_status=verified&business=bijoux.secretsdelouise%40gmail.com&address_country=France&address_city=Latresne&quantity=1&verify_sign=ABr7TF1VNJRHrFfJkVMfCcSa87ETA-fqduo1JxfU2bYvVsCVm8ZozMXq&payer_email=xavier%40iconeo.es&txn_id=5YW094413P4077359&payment_type=instant&payer_business_name=Christine+TENNENBAUM%27s+Test+Store&last_name=TENNENBAUM&address_state=&receiver_email=bijoux.secretsdelouise%40gmail.com&payment_fee=&receiver_id=NRBY4RCQWLHPJ&txn_type=web_accept&item_name=Commande+No.11+%22les+secrets+de+Louise%22&mc_currency=EUR&item_number=&residence_country=FR&test_ipn=1&handling_amount=0.00&transaction_subject=11%3B1%3B13.33%3B5.00%3B2.67&payment_gross=&shipping=5.00&ipn_track_id=6df4009842de3
2015-11-09 18:49:30 : - Contenu POST :
2015-11-09 18:49:30 : - Array
(
    [mc_gross] => 21.00
    [protection_eligibility] => Eligible
    [address_status] => unconfirmed
    [payer_id] => D3R3G2JPH8GM2
    [tax] => 2.67
    [address_street] => 36 route de Bordeaux
    [payment_date] => 07:40:40 Nov 09, 2015 PST
    [payment_status] => Completed
    [charset] => windows-1252
    [address_zip] => 33360
    [first_name] => Christine
    [mc_fee] => 0.96
    [address_country_code] => FR
    [address_name] => Javier Gonzalez
    [notify_version] => 3.8
    [custom] => 11;1;13.33;5.00;2.67
    [payer_status] => verified
    [business] => bijoux.secretsdelouise@gmail.com
    [address_country] => France
    [address_city] => Latresne
    [quantity] => 1
    [verify_sign] => ABr7TF1VNJRHrFfJkVMfCcSa87ETA-fqduo1JxfU2bYvVsCVm8ZozMXq
    [payer_email] => xavier@iconeo.es
    [txn_id] => 5YW094413P4077359
    [payment_type] => instant
    [payer_business_name] => Christine TENNENBAUM's Test Store
    [last_name] => TENNENBAUM
    [address_state] => 
    [receiver_email] => bijoux.secretsdelouise@gmail.com
    [payment_fee] => 
    [receiver_id] => NRBY4RCQWLHPJ
    [txn_type] => web_accept
    [item_name] => Commande No.11 "les secrets de Louise"
    [mc_currency] => EUR
    [item_number] => 
    [residence_country] => FR
    [test_ipn] => 1
    [handling_amount] => 0.00
    [transaction_subject] => 11;1;13.33;5.00;2.67
    [payment_gross] => 
    [shipping] => 5.00
    [ipn_track_id] => 6df4009842de3
)

2015-11-09 18:49:30 : - Validation HTTP : OK
2015-11-09 18:49:31 : -> HTTP/1.1 200 OK

2015-11-09 18:49:31 : -> Date: Mon, 09 Nov 2015 17:49:30 GMT

2015-11-09 18:49:31 : -> Server: Apache

2015-11-09 18:49:31 : -> X-Frame-Options: SAMEORIGIN

2015-11-09 18:49:31 : -> Set-Cookie: c9MWDuvPtT9GIMyPc3jwol1VSlO=RFpovBoIG8d0ESwyZKWajEDl6e9Cv1DdcNerWWkjS3sxXdnQBQpTXU_Y5Hap5BgYPvL2o8P5B_GVUg106Sdv9a0_wGThmJxMXNNTJk0NA4w0yH026keiBeuFZ4Xv2GZIafRMEWUpcJUR9y0Yl_Lh62qQJ9Rz5Kp1EeZCmZqCnrXdzVvUVX77DBbwVn_AbT3ofdrjNHMI4THdwM4D5M5gjuUhZ9JIMm4zCdPynS17ZX0kUM8hgK4IVGDyW0Oa7xXh0b5bA3BP6PuGrqAhr3YhfqmmU8JXZg0e3MAS6QpMMokQSTXYpOAD9X6Re2t54YSHbfJFTp-TQk8cbVQjoq0iraTO_wyDyE-ct81h7krgTbAZOlgQjhOKFcWqn2YbkL9ssjxicducgxWglWcTypZtM4Y2j7mKv1D1Gf3HhfcfPtgxzfA0pl2PgRvRjyS; domain=.paypal.com; path=/; Secure; HttpOnly

2015-11-09 18:49:31 : -> Set-Cookie: cookie_check=yes; expires=Thu, 06-Nov-2025 17:49:30 GMT; domain=.paypal.com; path=/; Secure; HttpOnly

2015-11-09 18:49:31 : -> Set-Cookie: navcmd=_notify-validate; domain=.paypal.com; path=/; Secure; HttpOnly

2015-11-09 18:49:31 : -> Set-Cookie: navlns=0.0; expires=Wed, 08-Nov-2017 17:49:30 GMT; domain=.paypal.com; path=/; Secure; HttpOnly

2015-11-09 18:49:31 : -> Set-Cookie: Apache=10.72.108.11.1447091370695799; path=/; expires=Wed, 01-Nov-45 17:49:30 GMT

2015-11-09 18:49:31 : -> Vary: Accept-Encoding,User-Agent

2015-11-09 18:49:31 : -> Connection: close

2015-11-09 18:49:31 : -> Paypal-Debug-Id: b309e047a5ac1

2015-11-09 18:49:31 : -> Set-Cookie: X-PP-SILOVER=name%3DSANDBOX3.WEB.1%26silo_version%3D880%26app%3Dappdispatcher%26TIME%3D2866561110; domain=.paypal.com; path=/; Secure; HttpOnly

2015-11-09 18:49:31 : -> Set-Cookie: X-PP-SILOVER=; Expires=Thu, 01 Jan 1970 00:00:01 GMT

2015-11-09 18:49:31 : -> Set-Cookie: Apache=10.72.128.11.1447091370678409; path=/; expires=Wed, 01-Nov-45 17:49:30 GMT

2015-11-09 18:49:31 : -> Strict-Transport-Security: max-age=14400

2015-11-09 18:49:31 : -> Content-Type: text/html; charset=UTF-8

2015-11-09 18:49:31 : -> 

2015-11-09 18:49:31 : -> VERIFIED
2015-11-09 18:49:31 : - Transaction : OK 
2015-11-09 18:49:31 : - Paiement statut : OK 
2015-11-09 18:49:31 : - Transaction ID : OK 
2015-11-09 18:49:31 : - Compte PayPal : OK 
2015-11-09 19:05:40 : - Debut traitement.
2015-11-09 19:05:40 : - 127.0.0.1
2015-11-09 19:05:40 : - Req : cmd=_notify-validate&mc_gross=21.00&protection_eligibility=Eligible&address_status=unconfirmed&payer_id=D3R3G2JPH8GM2&tax=2.67&address_street=36+route+de+Bordeaux&payment_date=07%3A40%3A40+Nov+09%2C+2015+PST&payment_status=Completed&charset=windows-1252&address_zip=33360&first_name=Christine&mc_fee=0.96&address_country_code=FR&address_name=Javier+Gonzalez&notify_version=3.8&custom=11%3B1%3B13.33%3B5.00%3B2.67&payer_status=verified&business=bijoux.secretsdelouise%40gmail.com&address_country=France&address_city=Latresne&quantity=1&verify_sign=ABr7TF1VNJRHrFfJkVMfCcSa87ETA-fqduo1JxfU2bYvVsCVm8ZozMXq&payer_email=xavier%40iconeo.es&txn_id=5YW094413P4077359&payment_type=instant&payer_business_name=Christine+TENNENBAUM%27s+Test+Store&last_name=TENNENBAUM&address_state=&receiver_email=bijoux.secretsdelouise%40gmail.com&payment_fee=&receiver_id=NRBY4RCQWLHPJ&txn_type=web_accept&item_name=Commande+No.11+%22les+secrets+de+Louise%22&mc_currency=EUR&item_number=&residence_country=FR&test_ipn=1&handling_amount=0.00&transaction_subject=11%3B1%3B13.33%3B5.00%3B2.67&payment_gross=&shipping=5.00&ipn_track_id=6df4009842de3
2015-11-09 19:05:40 : - Contenu POST :
2015-11-09 19:05:40 : - Array
(
    [mc_gross] => 21.00
    [protection_eligibility] => Eligible
    [address_status] => unconfirmed
    [payer_id] => D3R3G2JPH8GM2
    [tax] => 2.67
    [address_street] => 36 route de Bordeaux
    [payment_date] => 07:40:40 Nov 09, 2015 PST
    [payment_status] => Completed
    [charset] => windows-1252
    [address_zip] => 33360
    [first_name] => Christine
    [mc_fee] => 0.96
    [address_country_code] => FR
    [address_name] => Javier Gonzalez
    [notify_version] => 3.8
    [custom] => 11;1;13.33;5.00;2.67
    [payer_status] => verified
    [business] => bijoux.secretsdelouise@gmail.com
    [address_country] => France
    [address_city] => Latresne
    [quantity] => 1
    [verify_sign] => ABr7TF1VNJRHrFfJkVMfCcSa87ETA-fqduo1JxfU2bYvVsCVm8ZozMXq
    [payer_email] => xavier@iconeo.es
    [txn_id] => 5YW094413P4077359
    [payment_type] => instant
    [payer_business_name] => Christine TENNENBAUM's Test Store
    [last_name] => TENNENBAUM
    [address_state] => 
    [receiver_email] => bijoux.secretsdelouise@gmail.com
    [payment_fee] => 
    [receiver_id] => NRBY4RCQWLHPJ
    [txn_type] => web_accept
    [item_name] => Commande No.11 "les secrets de Louise"
    [mc_currency] => EUR
    [item_number] => 
    [residence_country] => FR
    [test_ipn] => 1
    [handling_amount] => 0.00
    [transaction_subject] => 11;1;13.33;5.00;2.67
    [payment_gross] => 
    [shipping] => 5.00
    [ipn_track_id] => 6df4009842de3
)

2015-11-09 19:05:40 : - Validation HTTP : OK
2015-11-09 19:05:41 : -> HTTP/1.1 200 OK

2015-11-09 19:05:41 : -> Date: Mon, 09 Nov 2015 18:05:40 GMT

2015-11-09 19:05:41 : -> Server: Apache

2015-11-09 19:05:41 : -> X-Frame-Options: SAMEORIGIN

2015-11-09 19:05:41 : -> Set-Cookie: c9MWDuvPtT9GIMyPc3jwol1VSlO=Afmo-FNmckkwliumhrFN_1UF3QCyzAHYvTufG1AAIn_zHpAICoo7uE04Zt9KY2ndDvjndEAamCkSeW_l2YN4BaQtIaxTwL482iq3G9bnDfoOlk_SNq2tOrfQYXa247u5e-Owq2S7AgZAaL59I3oTxkR6vB7lGmugG2ULCqUrlkywMVOtyoz9fyceK6e9hBhb-Cgi15ewJuKsrqzlSoXgU_UYzLd_DEJ5-xcsDgAsyNHo-0njY9M-a1kG9Fr3gfG474NKULMQWI7moQ3Q1oQGe2PBQBWk3PcORyYUdk5OPS5ENyJ-N0Cr2mhhsV5mmATdIEjbD5CmkUQfUeE69MurUc6nQ3D7tPvNZkkoBHxC0s7-f2dzWKglbv3_iCmstn8Y7Ltwfqec2KrW_Z3wPY6aG8oVceTcMy26LRhQ_NzA-eyGvm2cVSDbgr9nDJa; domain=.paypal.com; path=/; Secure; HttpOnly

2015-11-09 19:05:41 : -> Set-Cookie: cookie_check=yes; expires=Thu, 06-Nov-2025 18:05:41 GMT; domain=.paypal.com; path=/; Secure; HttpOnly

2015-11-09 19:05:41 : -> Set-Cookie: navcmd=_notify-validate; domain=.paypal.com; path=/; Secure; HttpOnly

2015-11-09 19:05:41 : -> Set-Cookie: navlns=0.0; expires=Wed, 08-Nov-2017 18:05:41 GMT; domain=.paypal.com; path=/; Secure; HttpOnly

2015-11-09 19:05:41 : -> Set-Cookie: Apache=10.72.108.11.1447092340806951; path=/; expires=Wed, 01-Nov-45 18:05:40 GMT

2015-11-09 19:05:41 : -> Vary: Accept-Encoding,User-Agent

2015-11-09 19:05:41 : -> Connection: close

2015-11-09 19:05:41 : -> Paypal-Debug-Id: e794817ec0e8c

2015-11-09 19:05:41 : -> Set-Cookie: X-PP-SILOVER=name%3DSANDBOX3.WEB.1%26silo_version%3D880%26app%3Dappdispatcher%26TIME%3D1960853590; domain=.paypal.com; path=/; Secure; HttpOnly

2015-11-09 19:05:41 : -> Set-Cookie: X-PP-SILOVER=; Expires=Thu, 01 Jan 1970 00:00:01 GMT

2015-11-09 19:05:41 : -> Set-Cookie: Apache=10.72.128.11.1447092340789960; path=/; expires=Wed, 01-Nov-45 18:05:40 GMT

2015-11-09 19:05:41 : -> Strict-Transport-Security: max-age=14400

2015-11-09 19:05:41 : -> Content-Type: text/html; charset=UTF-8

2015-11-09 19:05:41 : -> 

2015-11-09 19:05:41 : -> VERIFIED
2015-11-09 19:05:41 : - Transaction : OK 
2015-11-09 19:05:41 : - Paiement statut : OK 
2015-11-09 19:05:41 : - Transaction ID : OK 
2015-11-09 19:05:41 : - Compte PayPal : OK 
2015-11-09 19:29:58 : - Debut traitement.
2015-11-09 19:29:58 : - 127.0.0.1
2015-11-09 19:29:58 : - Req : cmd=_notify-validate&mc_gross=21.00&protection_eligibility=Eligible&address_status=unconfirmed&payer_id=D3R3G2JPH8GM2&tax=2.67&address_street=36+route+de+Bordeaux&payment_date=07%3A40%3A40+Nov+09%2C+2015+PST&payment_status=Completed&charset=windows-1252&address_zip=33360&first_name=Christine&mc_fee=0.96&address_country_code=FR&address_name=Javier+Gonzalez&notify_version=3.8&custom=11%3B1%3B13.33%3B5.00%3B2.67&payer_status=verified&business=bijoux.secretsdelouise%40gmail.com&address_country=France&address_city=Latresne&quantity=1&verify_sign=ABr7TF1VNJRHrFfJkVMfCcSa87ETA-fqduo1JxfU2bYvVsCVm8ZozMXq&payer_email=xavier%40iconeo.es&txn_id=5YW094413P4077359&payment_type=instant&payer_business_name=Christine+TENNENBAUM%27s+Test+Store&last_name=TENNENBAUM&address_state=&receiver_email=bijoux.secretsdelouise%40gmail.com&payment_fee=&receiver_id=NRBY4RCQWLHPJ&txn_type=web_accept&item_name=Commande+No.11+%22les+secrets+de+Louise%22&mc_currency=EUR&item_number=&residence_country=FR&test_ipn=1&handling_amount=0.00&transaction_subject=11%3B1%3B13.33%3B5.00%3B2.67&payment_gross=&shipping=5.00&ipn_track_id=6df4009842de3
2015-11-09 19:29:59 : - Contenu POST :
2015-11-09 19:29:59 : - Array
(
    [mc_gross] => 21.00
    [protection_eligibility] => Eligible
    [address_status] => unconfirmed
    [payer_id] => D3R3G2JPH8GM2
    [tax] => 2.67
    [address_street] => 36 route de Bordeaux
    [payment_date] => 07:40:40 Nov 09, 2015 PST
    [payment_status] => Completed
    [charset] => windows-1252
    [address_zip] => 33360
    [first_name] => Christine
    [mc_fee] => 0.96
    [address_country_code] => FR
    [address_name] => Javier Gonzalez
    [notify_version] => 3.8
    [custom] => 11;1;13.33;5.00;2.67
    [payer_status] => verified
    [business] => bijoux.secretsdelouise@gmail.com
    [address_country] => France
    [address_city] => Latresne
    [quantity] => 1
    [verify_sign] => ABr7TF1VNJRHrFfJkVMfCcSa87ETA-fqduo1JxfU2bYvVsCVm8ZozMXq
    [payer_email] => xavier@iconeo.es
    [txn_id] => 5YW094413P4077359
    [payment_type] => instant
    [payer_business_name] => Christine TENNENBAUM's Test Store
    [last_name] => TENNENBAUM
    [address_state] => 
    [receiver_email] => bijoux.secretsdelouise@gmail.com
    [payment_fee] => 
    [receiver_id] => NRBY4RCQWLHPJ
    [txn_type] => web_accept
    [item_name] => Commande No.11 "les secrets de Louise"
    [mc_currency] => EUR
    [item_number] => 
    [residence_country] => FR
    [test_ipn] => 1
    [handling_amount] => 0.00
    [transaction_subject] => 11;1;13.33;5.00;2.67
    [payment_gross] => 
    [shipping] => 5.00
    [ipn_track_id] => 6df4009842de3
)

2015-11-09 19:29:59 : - Validation HTTP : OK
2015-11-09 19:30:00 : -> HTTP/1.1 200 OK

2015-11-09 19:30:00 : -> Date: Mon, 09 Nov 2015 18:29:59 GMT

2015-11-09 19:30:00 : -> Server: Apache

2015-11-09 19:30:00 : -> X-Frame-Options: SAMEORIGIN

2015-11-09 19:30:00 : -> Set-Cookie: c9MWDuvPtT9GIMyPc3jwol1VSlO=GwWuIAMi-vfzLiFhucJ9uDyjZsvEgN9ADmWws_fU4dbfKCtKiddBykhte0hj2cLdeh-DeNluz1AHFuIEjD3Y_X-_HL55FBqQiAXsZed_UXrgb0Y8U9oaPAtKCEx0fjTWpKubaAD2gl2a-puLNnc2iuVDKdIfxkls0ci1hhGTdatLjeQqsqOuJ-keFtSCAJTfxFZpUi-cByQXiUarv9V8Eyb9m1F1kGefNsmgru5h91aLliohPuNMRmwbKoBjPEZGgzJb_MInYPgWTehYs88ZXRsqi2HDZfDxbq6gX0x6sb_LzpUNvM_2uqpJ3wykG8R82MQ4chxemoFem54X5igMgaBCae2qPVRaJDmK5J608aWxzeesa5vR3UeWIg4defnAD8spOd0u4hOD-snh75GEwpPHQDKbbfW8CKdy0PyDA2_cP1Js62H4ktmfx-O; domain=.paypal.com; path=/; Secure; HttpOnly

2015-11-09 19:30:00 : -> Set-Cookie: cookie_check=yes; expires=Thu, 06-Nov-2025 18:29:59 GMT; domain=.paypal.com; path=/; Secure; HttpOnly

2015-11-09 19:30:00 : -> Set-Cookie: navcmd=_notify-validate; domain=.paypal.com; path=/; Secure; HttpOnly

2015-11-09 19:30:00 : -> Set-Cookie: navlns=0.0; expires=Wed, 08-Nov-2017 18:29:59 GMT; domain=.paypal.com; path=/; Secure; HttpOnly

2015-11-09 19:30:00 : -> Set-Cookie: Apache=10.72.108.11.1447093799553163; path=/; expires=Wed, 01-Nov-45 18:29:59 GMT

2015-11-09 19:30:00 : -> Vary: Accept-Encoding,User-Agent

2015-11-09 19:30:00 : -> Connection: close

2015-11-09 19:30:00 : -> Paypal-Debug-Id: 8d1e5a61830c4

2015-11-09 19:30:00 : -> Set-Cookie: X-PP-SILOVER=name%3DSANDBOX3.WEB.1%26silo_version%3D880%26app%3Dappdispatcher%26TIME%3D669401174; domain=.paypal.com; path=/; Secure; HttpOnly

2015-11-09 19:30:00 : -> Set-Cookie: X-PP-SILOVER=; Expires=Thu, 01 Jan 1970 00:00:01 GMT

2015-11-09 19:30:00 : -> Set-Cookie: Apache=10.72.128.11.1447093799536513; path=/; expires=Wed, 01-Nov-45 18:29:59 GMT

2015-11-09 19:30:00 : -> Strict-Transport-Security: max-age=14400

2015-11-09 19:30:00 : -> Content-Type: text/html; charset=UTF-8

2015-11-09 19:30:00 : -> 

2015-11-09 19:30:00 : -> VERIFIED
2015-11-09 19:30:00 : - Transaction : OK 
2015-11-09 19:30:00 : - Paiement statut : OK 
2015-11-09 19:30:00 : - Transaction ID : OK 
2015-11-09 19:30:00 : - Compte PayPal : OK 
