2015-11-26 17:04:18 : - Debut traitement.
2015-11-26 17:04:18 : - 127.0.0.1
2015-11-26 17:04:18 : - Req : cmd=_notify-validate&mc_gross=33.00&protection_eligibility=Eligible&address_status=unconfirmed&payer_id=KTSQC4GWQ7JPU&tax=4.67&address_street=166+chemin+du+mont+st+michel&payment_date=08%3A04%3A04+Nov+26%2C+2015+PST&payment_status=Completed&charset=windows-1252&address_zip=73190&first_name=claire&mc_fee=1.37&address_country_code=FR&address_name=CLAIRE+GIRARD&notify_version=3.8&custom=57%3B14%3B23.33%3B5.00%3B4.67&payer_status=verified&business=bijoux.secretsdelouise%40gmail.com&address_country=France&address_city=saint+jeoire+prieur%C3%A9&quantity=1&verify_sign=AfeRBbD2NXhmthIYJufHZjF1cEt4AZ.zI6J1VIMtzCxSxZq9k2lVrV.N&payer_email=acgirard%40sfr.fr&txn_id=0U818512A1052720T&payment_type=instant&last_name=GIRARD&address_state=&receiver_email=bijoux.secretsdelouise%40gmail.com&payment_fee=&receiver_id=JJYAPL2AS7KWA&txn_type=web_accept&item_name=Commande+No.57+%22les+secrets+de+Louise%22&mc_currency=EUR&item_number=&residence_country=FR&handling_amount=0.00&transaction_subject=57%3B14%3B23.33%3B5.00%3B4.67&payment_gross=&shipping=5.00&ipn_track_id=4bbe536f28aab
2015-11-26 17:04:19 : - Contenu POST :
2015-11-26 17:04:19 : - Array
(
    [mc_gross] => 33.00
    [protection_eligibility] => Eligible
    [address_status] => unconfirmed
    [payer_id] => KTSQC4GWQ7JPU
    [tax] => 4.67
    [address_street] => 166 chemin du mont st michel
    [payment_date] => 08:04:04 Nov 26, 2015 PST
    [payment_status] => Completed
    [charset] => windows-1252
    [address_zip] => 73190
    [first_name] => claire
    [mc_fee] => 1.37
    [address_country_code] => FR
    [address_name] => CLAIRE GIRARD
    [notify_version] => 3.8
    [custom] => 57;14;23.33;5.00;4.67
    [payer_status] => verified
    [business] => bijoux.secretsdelouise@gmail.com
    [address_country] => France
    [address_city] => saint jeoire prieuré
    [quantity] => 1
    [verify_sign] => AfeRBbD2NXhmthIYJufHZjF1cEt4AZ.zI6J1VIMtzCxSxZq9k2lVrV.N
    [payer_email] => acgirard@sfr.fr
    [txn_id] => 0U818512A1052720T
    [payment_type] => instant
    [last_name] => GIRARD
    [address_state] => 
    [receiver_email] => bijoux.secretsdelouise@gmail.com
    [payment_fee] => 
    [receiver_id] => JJYAPL2AS7KWA
    [txn_type] => web_accept
    [item_name] => Commande No.57 "les secrets de Louise"
    [mc_currency] => EUR
    [item_number] => 
    [residence_country] => FR
    [handling_amount] => 0.00
    [transaction_subject] => 57;14;23.33;5.00;4.67
    [payment_gross] => 
    [shipping] => 5.00
    [ipn_track_id] => 4bbe536f28aab
)

2015-11-26 17:04:19 : - Validation HTTP : OK
2015-11-26 17:04:20 : -> HTTP/1.1 200 OK

2015-11-26 17:04:20 : -> Date: Thu, 26 Nov 2015 16:04:19 GMT

2015-11-26 17:04:20 : -> Server: Apache

2015-11-26 17:04:20 : -> X-Frame-Options: SAMEORIGIN

2015-11-26 17:04:20 : -> Set-Cookie: cwrClyrK4LoCV1fydGbAxiNL6iG=YLeguDlLsMQRLAe3SSOVtxJm0xMw57tH_YPjYv-o7uGdGcu0SVYrHwxflqdfsTbeJCAIpyV41D2Hf89ujKBBN_rmu1RrKxVSHkP0wH7LRwnP-D_ncP9iQvGmIc_pSvd0vNlay39M-I94e2kvKJKg6BvE_ZyMvm2GiFL4X19crEPaHsE_xhv8zw3-0_4vu77SdqQnlDbjk_Xo8Bxy-NEHjJSxNUr1G9-N1ZjV9LnvNG-cVz9H3pqnO93aK73X9fYnQxYvALYtUjIPXrhBliIEZGi-tO5oLL639Gp2SSucdPkuk2FD1qYf06LOYl81AbjZyLKeGDjvh9tgHfaWLAZWoiQhS-MT8oGSsNhcRi-aTjrI8vD_0ykTogfXb8pFLtVJ-UY3sX7BctffYJmwCMP-qqMIcTB0NyrBA0NGdGKk-IgCzFVGpz1s3GMTxCi; domain=.paypal.com; path=/; Secure; HttpOnly

2015-11-26 17:04:20 : -> Set-Cookie: cookie_check=yes; expires=Sun, 23-Nov-2025 16:04:19 GMT; domain=.paypal.com; path=/; Secure; HttpOnly

2015-11-26 17:04:20 : -> Set-Cookie: navcmd=_notify-validate; domain=.paypal.com; path=/; Secure; HttpOnly

2015-11-26 17:04:20 : -> Set-Cookie: navlns=0.0; expires=Sat, 25-Nov-2017 16:04:19 GMT; domain=.paypal.com; path=/; Secure; HttpOnly

2015-11-26 17:04:20 : -> Set-Cookie: Apache=10.16.0.11.1448553859475394; path=/; expires=Sat, 18-Nov-45 16:04:19 GMT

2015-11-26 17:04:20 : -> Vary: Accept-Encoding

2015-11-26 17:04:20 : -> Connection: close

2015-11-26 17:04:20 : -> Content-Type: text/html; charset=UTF-8

2015-11-26 17:04:20 : -> 

2015-11-26 17:04:20 : -> VERIFIED
2015-11-26 17:04:20 : - Transaction : OK 
2015-11-26 17:04:20 : - Paiement statut : OK 
2015-11-26 17:04:20 : - Transaction ID : OK 
2015-11-26 17:04:20 : - Compte PayPal : OK 
2015-11-26 17:04:20 : ----------- FIN TRAITEMENT ----------- 
2015-11-26 17:04:20 : - Confirmation de commande
