2015-11-23 13:10:42 : - Debut traitement.
2015-11-23 13:10:42 : - 127.0.0.1
2015-11-23 13:10:42 : - Req : cmd=_notify-validate&mc_gross=59.00&protection_eligibility=Eligible&address_status=unconfirmed&payer_id=YCE89JBG8PD5C&tax=9.83&address_street=13+carri%C3%A8re++Lebrun&payment_date=04%3A10%3A27+Nov+23%2C+2015+PST&payment_status=Completed&charset=windows-1252&address_zip=59910&first_name=isabelle&mc_fee=2.26&address_country_code=FR&address_name=isabelle+lecrique&notify_version=3.8&custom=51%3B12%3B49.17%3B0.00%3B9.83&payer_status=unverified&business=bijoux.secretsdelouise%40gmail.com&address_country=France&address_city=bondues&quantity=1&verify_sign=Afo16DhrjiHL8VhE13mIeFBbMVoaAUAGTZByWBQ99FpGUCZbHFlwIFhm&payer_email=lecrique.jean%40wanadoo.fr&txn_id=9WL962986G180613M&payment_type=instant&last_name=lecrique&address_state=&receiver_email=bijoux.secretsdelouise%40gmail.com&payment_fee=&receiver_id=JJYAPL2AS7KWA&txn_type=web_accept&item_name=Commande+No.51+%22les+secrets+de+Louise%22&mc_currency=EUR&item_number=&residence_country=FR&handling_amount=0.00&transaction_subject=51%3B12%3B49.17%3B0.00%3B9.83&payment_gross=&shipping=0.00&ipn_track_id=49b9819af1141
2015-11-23 13:10:43 : - Contenu POST :
2015-11-23 13:10:43 : - Array
(
    [mc_gross] => 59.00
    [protection_eligibility] => Eligible
    [address_status] => unconfirmed
    [payer_id] => YCE89JBG8PD5C
    [tax] => 9.83
    [address_street] => 13 carrière  Lebrun
    [payment_date] => 04:10:27 Nov 23, 2015 PST
    [payment_status] => Completed
    [charset] => windows-1252
    [address_zip] => 59910
    [first_name] => isabelle
    [mc_fee] => 2.26
    [address_country_code] => FR
    [address_name] => isabelle lecrique
    [notify_version] => 3.8
    [custom] => 51;12;49.17;0.00;9.83
    [payer_status] => unverified
    [business] => bijoux.secretsdelouise@gmail.com
    [address_country] => France
    [address_city] => bondues
    [quantity] => 1
    [verify_sign] => Afo16DhrjiHL8VhE13mIeFBbMVoaAUAGTZByWBQ99FpGUCZbHFlwIFhm
    [payer_email] => lecrique.jean@wanadoo.fr
    [txn_id] => 9WL962986G180613M
    [payment_type] => instant
    [last_name] => lecrique
    [address_state] => 
    [receiver_email] => bijoux.secretsdelouise@gmail.com
    [payment_fee] => 
    [receiver_id] => JJYAPL2AS7KWA
    [txn_type] => web_accept
    [item_name] => Commande No.51 "les secrets de Louise"
    [mc_currency] => EUR
    [item_number] => 
    [residence_country] => FR
    [handling_amount] => 0.00
    [transaction_subject] => 51;12;49.17;0.00;9.83
    [payment_gross] => 
    [shipping] => 0.00
    [ipn_track_id] => 49b9819af1141
)

2015-11-23 13:10:43 : - Validation HTTP : OK
2015-11-23 13:10:44 : -> HTTP/1.1 200 OK

2015-11-23 13:10:44 : -> Date: Mon, 23 Nov 2015 12:10:43 GMT

2015-11-23 13:10:44 : -> Server: Apache

2015-11-23 13:10:44 : -> X-Frame-Options: SAMEORIGIN

2015-11-23 13:10:44 : -> Set-Cookie: cwrClyrK4LoCV1fydGbAxiNL6iG=iAkIm6M2Wn3878dD4rcxyc6fDcINZFDvJ2AvV27gG_IjOsdYFSghjzw8w8q4PluzqwfcfR27XQ7zMh697KT81br1zfSkEOYctuJGiABKi_n2RiWpu7vIcth0ZCUHFSFGTgz04exDvySq8rfAz2_-iEQuKV8uJY3iDRokmWt8U4ZYcX3SnQQu_A8XKfU86IvMd-D7LJys7ZXPmkW3TGTDGBZ19H42gPLVR8eP9OGOCx0NQNmFK1PyH-TUVkOmXYk194XddlCDrI_NxdL-xxMXhOEa0NvB1UiRpRKHLxXGHNA9BZsUP5Qp9cubTZITDYpwRgxHevS2x9tszvza3mnW39DkEeKWh0q4Zw1xSk3Vq40SldbwKEqyLcUdBl_SdNHeAEQcn7_Jp1cXeXRVg0UbTqmPJkywJGab5BRgv-OotAuVAYFbWkur6hokmQq; domain=.paypal.com; path=/; Secure; HttpOnly

2015-11-23 13:10:44 : -> Set-Cookie: cookie_check=yes; expires=Thu, 20-Nov-2025 12:10:43 GMT; domain=.paypal.com; path=/; Secure; HttpOnly

2015-11-23 13:10:44 : -> Set-Cookie: navcmd=_notify-validate; domain=.paypal.com; path=/; Secure; HttpOnly

2015-11-23 13:10:44 : -> Set-Cookie: navlns=0.0; expires=Wed, 22-Nov-2017 12:10:43 GMT; domain=.paypal.com; path=/; Secure; HttpOnly

2015-11-23 13:10:44 : -> Vary: Accept-Encoding

2015-11-23 13:10:44 : -> Cache-Control: max-age=0, no-cache, no-store, must-revalidate

2015-11-23 13:10:44 : -> Pragma: no-cache

2015-11-23 13:10:44 : -> Strict-Transport-Security: max-age=14400

2015-11-23 13:10:44 : -> Connection: close

2015-11-23 13:10:44 : -> Content-Type: text/html; charset=UTF-8

2015-11-23 13:10:44 : -> 

2015-11-23 13:10:44 : -> VERIFIED
2015-11-23 13:10:44 : - Transaction : OK 
2015-11-23 13:10:44 : - Paiement statut : OK 
2015-11-23 13:10:44 : - Transaction ID : OK 
2015-11-23 13:10:44 : - Compte PayPal : OK 
2015-11-23 13:10:44 : ----------- FIN TRAITEMENT ----------- 
2015-11-23 13:10:44 : - Confirmation de commande
