2015-11-25 22:37:56 : - Debut traitement.
2015-11-25 22:37:56 : - 127.0.0.1
2015-11-25 22:37:56 : - Req : cmd=_notify-validate&mc_gross=29.00&protection_eligibility=Eligible&address_status=unconfirmed&payer_id=M39PXUZNB9H4Q&tax=4.00&address_street=1+rue+du+Crot+Chariot&payment_date=13%3A37%3A40+Nov+25%2C+2015+PST&payment_status=Completed&charset=windows-1252&address_zip=89360&first_name=Gwenaelle&mc_fee=1.24&address_country_code=FR&address_name=Gwenaelle+Lamri&notify_version=3.8&custom=55%3B6%3B20.00%3B5.00%3B4.00&payer_status=unverified&business=bijoux.secretsdelouise%40gmail.com&address_country=France&address_city=Jaulges&quantity=1&verify_sign=A5nuVrLxiT5ruqbFP5c-DZXK0RhKA99-OUbjYpwAYtOvwN4bzAhRQ0kh&payer_email=gwenaelle.lamri%40gmail.com&txn_id=37H99157V9150000P&payment_type=instant&last_name=Lamri&address_state=&receiver_email=bijoux.secretsdelouise%40gmail.com&payment_fee=&receiver_id=JJYAPL2AS7KWA&txn_type=web_accept&item_name=Commande+No.55+%22les+secrets+de+Louise%22&mc_currency=EUR&item_number=&residence_country=FR&handling_amount=0.00&transaction_subject=55%3B6%3B20.00%3B5.00%3B4.00&payment_gross=&shipping=5.00&ipn_track_id=5342ed21d07e7
2015-11-25 22:37:56 : - Contenu POST :
2015-11-25 22:37:56 : - Array
(
    [mc_gross] => 29.00
    [protection_eligibility] => Eligible
    [address_status] => unconfirmed
    [payer_id] => M39PXUZNB9H4Q
    [tax] => 4.00
    [address_street] => 1 rue du Crot Chariot
    [payment_date] => 13:37:40 Nov 25, 2015 PST
    [payment_status] => Completed
    [charset] => windows-1252
    [address_zip] => 89360
    [first_name] => Gwenaelle
    [mc_fee] => 1.24
    [address_country_code] => FR
    [address_name] => Gwenaelle Lamri
    [notify_version] => 3.8
    [custom] => 55;6;20.00;5.00;4.00
    [payer_status] => unverified
    [business] => bijoux.secretsdelouise@gmail.com
    [address_country] => France
    [address_city] => Jaulges
    [quantity] => 1
    [verify_sign] => A5nuVrLxiT5ruqbFP5c-DZXK0RhKA99-OUbjYpwAYtOvwN4bzAhRQ0kh
    [payer_email] => gwenaelle.lamri@gmail.com
    [txn_id] => 37H99157V9150000P
    [payment_type] => instant
    [last_name] => Lamri
    [address_state] => 
    [receiver_email] => bijoux.secretsdelouise@gmail.com
    [payment_fee] => 
    [receiver_id] => JJYAPL2AS7KWA
    [txn_type] => web_accept
    [item_name] => Commande No.55 "les secrets de Louise"
    [mc_currency] => EUR
    [item_number] => 
    [residence_country] => FR
    [handling_amount] => 0.00
    [transaction_subject] => 55;6;20.00;5.00;4.00
    [payment_gross] => 
    [shipping] => 5.00
    [ipn_track_id] => 5342ed21d07e7
)

2015-11-25 22:37:56 : - Validation HTTP : OK
2015-11-25 22:37:57 : -> HTTP/1.1 200 OK

2015-11-25 22:37:57 : -> Date: Wed, 25 Nov 2015 21:37:56 GMT

2015-11-25 22:37:57 : -> Server: Apache

2015-11-25 22:37:57 : -> X-Frame-Options: SAMEORIGIN

2015-11-25 22:37:57 : -> Set-Cookie: cwrClyrK4LoCV1fydGbAxiNL6iG=oOyBF4y2JWK4Hxg-Y8KdDZnOlgCiR1FXJpGqHBqjQcTdLwq9nERIkMnlknKZ8_K4b6EFYNeaebKzlz_Oel_XmznDSVLfeOjsXAtdZt8S8pY2Ew0Yki3ReYXTm_QWUj4dGX7hdLXMPPWLgJjqjfMDaYmmHwOYzyJ23lwcJGQmzEf_5RaKIyaWmK-_vLK8Zh1jDcb4DjXE9kkK0SvNgBnw27zE5mtawjMM24vrXqncSTtn8r_ECFrT9b4nRTnG8-8NEkwGzfxvufTzUzx2IOnCgNRqfs46PuD8YRDlpqwStZsLQ8mBYCSTUYgMaXpYK1WZlBUzu8s0oSsghjugwDWiU-laqwqpZnRILgGrX5PZ-PE6vgmvK_Ix5y88h9MY-T0PHv-td4I_WE-wlAveHe1HhvAmpCBvY95NWvYA6pYKmmUDjOxBoso0vF5buxS; domain=.paypal.com; path=/; Secure; HttpOnly

2015-11-25 22:37:57 : -> Set-Cookie: cookie_check=yes; expires=Sat, 22-Nov-2025 21:37:57 GMT; domain=.paypal.com; path=/; Secure; HttpOnly

2015-11-25 22:37:57 : -> Set-Cookie: navcmd=_notify-validate; domain=.paypal.com; path=/; Secure; HttpOnly

2015-11-25 22:37:57 : -> Set-Cookie: navlns=0.0; expires=Fri, 24-Nov-2017 21:37:57 GMT; domain=.paypal.com; path=/; Secure; HttpOnly

2015-11-25 22:37:57 : -> Vary: Accept-Encoding

2015-11-25 22:37:57 : -> Connection: close

2015-11-25 22:37:57 : -> Content-Type: text/html; charset=UTF-8

2015-11-25 22:37:57 : -> 

2015-11-25 22:37:57 : -> VERIFIED
2015-11-25 22:37:57 : - Transaction : OK 
2015-11-25 22:37:57 : - Paiement statut : OK 
2015-11-25 22:37:57 : - Transaction ID : OK 
2015-11-25 22:37:57 : - Compte PayPal : OK 
2015-11-25 22:37:57 : ----------- FIN TRAITEMENT ----------- 
2015-11-25 22:37:57 : - Confirmation de commande
