2015-11-09 16:03:03 : - Debut traitement.
2015-11-09 16:03:03 : - 127.0.0.1
2015-11-09 16:03:03 : - Req : cmd=_notify-validate&mc_gross=21.00&protection_eligibility=Eligible&address_status=unconfirmed&payer_id=5FNDZK3A99Q8L&tax=2.67&address_street=36+route+de+Bordeaux&payment_date=07%3A02%3A57+Nov+09%2C+2015+PST&payment_status=Completed&charset=windows-1252&address_zip=33360&first_name=Christine&mc_fee=0.96&address_country_code=FR&address_name=Javier+Gonzalez&notify_version=3.8&custom=10%3B1%3B13.33%3B5.00%3B2.67&payer_status=verified&business=xav335%40hotmail.com&address_country=France&address_city=Latresne&quantity=1&verify_sign=AiBVFGXcqZtpCb1dU6URw6Gez21cAHSHibXrjtxWx9QqrXl5QgOWL9l4&payer_email=franck%40iconeo.es&txn_id=5S861745AR4134137&payment_type=instant&last_name=TENNENBAUM&address_state=&receiver_email=xav335%40hotmail.com&payment_fee=&receiver_id=PVHUN68DV2Y8N&txn_type=web_accept&item_name=Commande+No.10+%22les+secrets+de+Louise%22&mc_currency=EUR&item_number=&residence_country=FR&test_ipn=1&handling_amount=0.00&transaction_subject=10%3B1%3B13.33%3B5.00%3B2.67&payment_gross=&shipping=5.00&ipn_track_id=2948b81323368
2015-11-09 16:03:04 : - Contenu POST :
2015-11-09 16:03:04 : - Array
(
    [mc_gross] => 21.00
    [protection_eligibility] => Eligible
    [address_status] => unconfirmed
    [payer_id] => 5FNDZK3A99Q8L
    [tax] => 2.67
    [address_street] => 36 route de Bordeaux
    [payment_date] => 07:02:57 Nov 09, 2015 PST
    [payment_status] => Completed
    [charset] => windows-1252
    [address_zip] => 33360
    [first_name] => Christine
    [mc_fee] => 0.96
    [address_country_code] => FR
    [address_name] => Javier Gonzalez
    [notify_version] => 3.8
    [custom] => 10;1;13.33;5.00;2.67
    [payer_status] => verified
    [business] => xav335@hotmail.com
    [address_country] => France
    [address_city] => Latresne
    [quantity] => 1
    [verify_sign] => AiBVFGXcqZtpCb1dU6URw6Gez21cAHSHibXrjtxWx9QqrXl5QgOWL9l4
    [payer_email] => franck@iconeo.es
    [txn_id] => 5S861745AR4134137
    [payment_type] => instant
    [last_name] => TENNENBAUM
    [address_state] => 
    [receiver_email] => xav335@hotmail.com
    [payment_fee] => 
    [receiver_id] => PVHUN68DV2Y8N
    [txn_type] => web_accept
    [item_name] => Commande No.10 "les secrets de Louise"
    [mc_currency] => EUR
    [item_number] => 
    [residence_country] => FR
    [test_ipn] => 1
    [handling_amount] => 0.00
    [transaction_subject] => 10;1;13.33;5.00;2.67
    [payment_gross] => 
    [shipping] => 5.00
    [ipn_track_id] => 2948b81323368
)

2015-11-09 16:03:04 : - Validation HTTP : OK
2015-11-09 16:03:04 : -> HTTP/1.1 200 OK

2015-11-09 16:03:04 : -> Date: Mon, 09 Nov 2015 15:03:04 GMT

2015-11-09 16:03:04 : -> Server: Apache

2015-11-09 16:03:04 : -> X-Frame-Options: SAMEORIGIN

2015-11-09 16:03:04 : -> Set-Cookie: c9MWDuvPtT9GIMyPc3jwol1VSlO=5ZySVz9sWLj36WAeBKcDxEQrUjgGC7V1jbmhVQTAOdYGwrIXi1cIXdj8xdUn3xRDGYVFjFyc57U7UDChj--IdO1WzyArRsxmyhpnl6YOPk04nvQB7XDX3LpPQc8OqQC-KNCeER89aDTx6SWNs8rt1JAR1i_mGa0EpEHUtaSYLJocZaeWguwEb7BDSxwJe1CoyF-OJmkON9KOWlA6nPSiMfLvZH9QZtf7BJlwVAUuNFWORXtH8QpKkaRr-squIhUvW-tlAcLxad4ITY3GM2lKo3TN2y1Aoa1UzuX1L7VrFz_yP9tIg_BICRWauJQviq_TXmjZl84u0mYJgu2G0kej1HOBnwpz_paKo1SyDc61YEyqNA2sIzxa_3I8pcB3luK2JZrbgsh-nWlAiMsEfkVNF8Q6g06FU8csXcaiqcgkHeLx2C0yVyJH52c1-xC; domain=.paypal.com; path=/; Secure; HttpOnly

2015-11-09 16:03:04 : -> Set-Cookie: cookie_check=yes; expires=Thu, 06-Nov-2025 15:03:04 GMT; domain=.paypal.com; path=/; Secure; HttpOnly

2015-11-09 16:03:04 : -> Set-Cookie: navcmd=_notify-validate; domain=.paypal.com; path=/; Secure; HttpOnly

2015-11-09 16:03:04 : -> Set-Cookie: navlns=0.0; expires=Wed, 08-Nov-2017 15:03:04 GMT; domain=.paypal.com; path=/; Secure; HttpOnly

2015-11-09 16:03:04 : -> Set-Cookie: Apache=10.72.108.11.1447081384444635; path=/; expires=Wed, 01-Nov-45 15:03:04 GMT

2015-11-09 16:03:04 : -> Vary: Accept-Encoding,User-Agent

2015-11-09 16:03:04 : -> Connection: close

2015-11-09 16:03:04 : -> Paypal-Debug-Id: 7fb491da68871

2015-11-09 16:03:04 : -> Set-Cookie: X-PP-SILOVER=name%3DSANDBOX3.WEB.1%26silo_version%3D880%26app%3Dappdispatcher%26TIME%3D2830450774; domain=.paypal.com; path=/; Secure; HttpOnly

2015-11-09 16:03:04 : -> Set-Cookie: X-PP-SILOVER=; Expires=Thu, 01 Jan 1970 00:00:01 GMT

2015-11-09 16:03:04 : -> Set-Cookie: Apache=10.72.128.11.1447081384427708; path=/; expires=Wed, 01-Nov-45 15:03:04 GMT

2015-11-09 16:03:04 : -> Strict-Transport-Security: max-age=14400

2015-11-09 16:03:04 : -> Content-Type: text/html; charset=UTF-8

2015-11-09 16:03:04 : -> 

2015-11-09 16:03:04 : -> VERIFIED
2015-11-09 16:03:04 : - Transaction : OK 
2015-11-09 16:03:04 : - Paiement statut : OK 
2015-11-09 16:03:04 : - Transaction ID : OK 
2015-11-09 16:03:04 : - Compte PayPal : OK 
2015-11-09 16:03:05 : ----------- FIN TRAITEMENT ----------- 
2015-11-09 16:03:05 : - Confirmation de commande
