2015-11-27 14:02:02 : - Debut traitement.
2015-11-27 14:02:02 : - 127.0.0.1
2015-11-27 14:02:02 : - Req : cmd=_notify-validate&mc_gross=29.00&protection_eligibility=Eligible&address_status=unconfirmed&payer_id=LETR7REEXLK9Q&tax=4.00&address_street=144+route+de+salvagnac&payment_date=05%3A01%3A41+Nov+27%2C+2015+PST&payment_status=Completed&charset=windows-1252&address_zip=81310&first_name=Gregory&mc_fee=1.24&address_country_code=FR&address_name=Gregory+Floquet&notify_version=3.8&custom=58%3B15%3B20.00%3B5.00%3B4.00&payer_status=unverified&business=bijoux.secretsdelouise%40gmail.com&address_country=France&address_city=Lisle+sur+tarn&quantity=1&verify_sign=AwN95I1todZR.HmQ7EkgJds232L3AgvONKC9mLBfjdB7IuCO7pgzTUYo&payer_email=gregfloquet%40me.com&txn_id=6F167654UR8846418&payment_type=instant&last_name=Floquet&address_state=&receiver_email=bijoux.secretsdelouise%40gmail.com&payment_fee=&receiver_id=JJYAPL2AS7KWA&txn_type=web_accept&item_name=Commande+No.58+%22les+secrets+de+Louise%22&mc_currency=EUR&item_number=&residence_country=FR&handling_amount=0.00&transaction_subject=58%3B15%3B20.00%3B5.00%3B4.00&payment_gross=&shipping=5.00&ipn_track_id=86a919b2d18ea
2015-11-27 14:02:03 : - Contenu POST :
2015-11-27 14:02:03 : - Array
(
    [mc_gross] => 29.00
    [protection_eligibility] => Eligible
    [address_status] => unconfirmed
    [payer_id] => LETR7REEXLK9Q
    [tax] => 4.00
    [address_street] => 144 route de salvagnac
    [payment_date] => 05:01:41 Nov 27, 2015 PST
    [payment_status] => Completed
    [charset] => windows-1252
    [address_zip] => 81310
    [first_name] => Gregory
    [mc_fee] => 1.24
    [address_country_code] => FR
    [address_name] => Gregory Floquet
    [notify_version] => 3.8
    [custom] => 58;15;20.00;5.00;4.00
    [payer_status] => unverified
    [business] => bijoux.secretsdelouise@gmail.com
    [address_country] => France
    [address_city] => Lisle sur tarn
    [quantity] => 1
    [verify_sign] => AwN95I1todZR.HmQ7EkgJds232L3AgvONKC9mLBfjdB7IuCO7pgzTUYo
    [payer_email] => gregfloquet@me.com
    [txn_id] => 6F167654UR8846418
    [payment_type] => instant
    [last_name] => Floquet
    [address_state] => 
    [receiver_email] => bijoux.secretsdelouise@gmail.com
    [payment_fee] => 
    [receiver_id] => JJYAPL2AS7KWA
    [txn_type] => web_accept
    [item_name] => Commande No.58 "les secrets de Louise"
    [mc_currency] => EUR
    [item_number] => 
    [residence_country] => FR
    [handling_amount] => 0.00
    [transaction_subject] => 58;15;20.00;5.00;4.00
    [payment_gross] => 
    [shipping] => 5.00
    [ipn_track_id] => 86a919b2d18ea
)

2015-11-27 14:02:03 : - Validation HTTP : OK
2015-11-27 14:02:04 : -> HTTP/1.1 200 OK

2015-11-27 14:02:04 : -> Date: Fri, 27 Nov 2015 13:02:03 GMT

2015-11-27 14:02:04 : -> Server: Apache

2015-11-27 14:02:04 : -> X-Frame-Options: SAMEORIGIN

2015-11-27 14:02:04 : -> Set-Cookie: cwrClyrK4LoCV1fydGbAxiNL6iG=O9ypEu7thQiRH0cM91VORIOzvxcp6ih80abJHCbHB9EPap8X7lepDclbezVIFQcx4ZvqWin1PIqXLC3M8d_MhE1Vlgk34UY7-JNDACRek5gUXDJLBhnrDSa1Iq-5fUuod99SeyG2UapUcQk0KHv0RDKrzWpA4ciPs4tdbZ3BXSVrumuU1hzZmEwXP-5RBfinABiLSP25dUGV5YD1qTFl4C8kT9mfMpxsvO0ltLm0NMZwp9mThVnK0XRANsU9jzzCDrP783s1W5hq5mycKSOpAYkmc_cFlq0Pud2Yih8TOsFvE2fUUVEr1e2COoYLruwT-5p1mg9r8I9eJTcwGBYr_UqOx6jQhgwAjuvZ59raAUUxQi3XM0tX3yCIbsOW4Pwak8KJbh_sqCmpOcPe-tQTm9_lRPWdReOFiNdPnfg8XoG_zIX5zpjWvNCRF1i; domain=.paypal.com; path=/; Secure; HttpOnly

2015-11-27 14:02:04 : -> Set-Cookie: cookie_check=yes; expires=Mon, 24-Nov-2025 13:02:04 GMT; domain=.paypal.com; path=/; Secure; HttpOnly

2015-11-27 14:02:04 : -> Set-Cookie: navcmd=_notify-validate; domain=.paypal.com; path=/; Secure; HttpOnly

2015-11-27 14:02:04 : -> Set-Cookie: navlns=0.0; expires=Sun, 26-Nov-2017 13:02:04 GMT; domain=.paypal.com; path=/; Secure; HttpOnly

2015-11-27 14:02:04 : -> Vary: Accept-Encoding

2015-11-27 14:02:04 : -> Cache-Control: max-age=0, no-cache, no-store, must-revalidate

2015-11-27 14:02:04 : -> Pragma: no-cache

2015-11-27 14:02:04 : -> Strict-Transport-Security: max-age=14400

2015-11-27 14:02:04 : -> Connection: close

2015-11-27 14:02:04 : -> Content-Type: text/html; charset=UTF-8

2015-11-27 14:02:04 : -> 

2015-11-27 14:02:04 : -> VERIFIED
2015-11-27 14:02:04 : - Transaction : OK 
2015-11-27 14:02:04 : - Paiement statut : OK 
2015-11-27 14:02:04 : - Transaction ID : OK 
2015-11-27 14:02:04 : - Compte PayPal : OK 
2015-11-27 14:02:04 : ----------- FIN TRAITEMENT ----------- 
2015-11-27 14:02:04 : - Confirmation de commande
